<html>
<head>
<title>TestNG:  Default test</title>
<link href="../testng.css" rel="stylesheet" type="text/css" />
<link href="../my-testng.css" rel="stylesheet" type="text/css" />

<style type="text/css">
.log { display: none;} 
.stack-trace { display: none;} 
</style>
<script type="text/javascript">
<!--
function flip(e) {
  current = e.style.display;
  if (current == 'block') {
    e.style.display = 'none';
    return 0;
  }
  else {
    e.style.display = 'block';
    return 1;
  }
}

function toggleBox(szDivId, elem, msg1, msg2)
{
  var res = -1;  if (document.getElementById) {
    res = flip(document.getElementById(szDivId));
  }
  else if (document.all) {
    // this is the way old msie versions work
    res = flip(document.all[szDivId]);
  }
  if(elem) {
    if(res == 0) elem.innerHTML = msg1; else elem.innerHTML = msg2;
  }

}

function toggleAllBoxes() {
  if (document.getElementsByTagName) {
    d = document.getElementsByTagName('div');
    for (i = 0; i < d.length; i++) {
      if (d[i].className == 'log') {
        flip(d[i]);
      }
    }
  }
}

// -->
</script>

</head>
<body>
<h2 align='center'>Default test</h2><table border='1' align="center">
<tr>
<td>Tests passed/Failed/Skipped:</td><td>113/28/0</td>
</tr><tr>
<td>Started on:</td><td>Thu Oct 13 13:55:55 IST 2022</td>
</tr>
<tr><td>Total time:</td><td>1753 seconds (1753924 ms)</td>
</tr><tr>
<td>Included groups:</td><td></td>
</tr><tr>
<td>Excluded groups:</td><td></td>
</tr>
</table><p/>
<small><i>(Hover the method name to see the test class name)</i></small><p/>
<table width='100%' border='1' class='invocation-failed'>
<tr><td colspan='4' align='center'><b>FAILED TESTS</b></td></tr>
<tr><td><b>Test method</b></td>
<td width="30%"><b>Exception</b></td>
<td width="10%"><b>Time (seconds)</b></td>
<td><b>Instance</b></td>
</tr>
<tr>
<td title='twc.Automation.ExecutableTestCases.smokeTestCases.Smoke_Test_CaseVerify_WeatherFXAPI_url_KillLaunch()'><b>Smoke_Test_CaseVerify_WeatherFXAPI_url_KillLaunch</b><br>Test class: twc.Automation.ExecutableTestCases.smokeTestCases</td>
<td><div><pre>java.lang.AssertionError: WFXTrigger :API Call expected to present but it not exists
	at org.testng.Assert.fail(Assert.java:94)
	at twc.Automation.General.Utils.verifyAPICal(Utils.java:919)
	at twc.Automation.ExecutableTestCases.smokeTestCases.Smoke_Test_CaseVerify_WeatherFXAPI_url_KillLaunch(smokeTestCases.java:692)
	at sun.reflect.NativeMethodAccessorImpl.invoke0(Native Method)
	at sun.reflect.NativeMethodAccessorImpl.invoke(NativeMethodAccessorImpl.java:62)
	at sun.reflect.DelegatingMethodAccessorImpl.invoke(DelegatingMethodAccessorImpl.java:43)
	at java.lang.reflect.Method.invoke(Method.java:498)
	at org.testng.internal.MethodInvocationHelper.invokeMethod(MethodInvocationHelper.java:85)
	at org.testng.internal.Invoker.invokeMethod(Invoker.java:659)
	at org.testng.internal.Invoker.invokeTestMethod(Invoker.java:845)
	at org.testng.internal.Invoker.invokeTestMethods(Invoker.java:1153)
	at org.testng.internal.TestMethodWorker.invokeTestMethods(TestMethodWorker.java:125)
	at org.testng.internal.TestMethodWorker.run(TestMethodWorker.java:108)
	at org.testng.TestRunner.privateRun(TestRunner.java:771)
	at org.testng.TestRunner.run(TestRunner.java:621)
	at org.testng.SuiteRunner.runTest(SuiteRunner.java:357)
	at org.testng.SuiteRunner.runSequentially(SuiteRunner.java:352)
	at org.testng.SuiteRunner.privateRun(SuiteRunner.java:310)
	at org.testng.SuiteRunner.run(SuiteRunner.java:259)
	at org.testng.SuiteRunnerWorker.runSuite(SuiteRunnerWorker.java:52)
	at org.testng.SuiteRunnerWorker.run(SuiteRunnerWorker.java:86)
	at org.testng.TestNG.runSuitesSequentially(TestNG.java:1199)
	at org.testng.TestNG.runSuitesLocally(TestNG.java:1124)
	at org.testng.TestNG.run(TestNG.java:1032)
	at org.testng.remote.AbstractRemoteTestNG.run(AbstractRemoteTestNG.java:115)
	at org.testng.remote.RemoteTestNG.initAndRun(RemoteTestNG.java:251)
	at org.testng.remote.RemoteTestNG.main(RemoteTestNG.java:77)
</pre></div><a href='#' onClick='toggleBox("stack-trace989992548", this, "Click to show all stack frames", "Click to hide stack frames")'>Click to show all stack frames</a>
<div class='stack-trace' id='stack-trace989992548'><pre>java.lang.AssertionError: WFXTrigger :API Call expected to present but it not exists
	at org.testng.Assert.fail(Assert.java:94)
	at twc.Automation.General.Utils.verifyAPICal(Utils.java:919)
	at twc.Automation.ExecutableTestCases.smokeTestCases.Smoke_Test_CaseVerify_WeatherFXAPI_url_KillLaunch(smokeTestCases.java:692)
	at sun.reflect.NativeMethodAccessorImpl.invoke0(Native Method)
	at sun.reflect.NativeMethodAccessorImpl.invoke(NativeMethodAccessorImpl.java:62)
	at sun.reflect.DelegatingMethodAccessorImpl.invoke(DelegatingMethodAccessorImpl.java:43)
	at java.lang.reflect.Method.invoke(Method.java:498)
	at org.testng.internal.MethodInvocationHelper.invokeMethod(MethodInvocationHelper.java:85)
	at org.testng.internal.Invoker.invokeMethod(Invoker.java:659)
	at org.testng.internal.Invoker.invokeTestMethod(Invoker.java:845)
	at org.testng.internal.Invoker.invokeTestMethods(Invoker.java:1153)
	at org.testng.internal.TestMethodWorker.invokeTestMethods(TestMethodWorker.java:125)
	at org.testng.internal.TestMethodWorker.run(TestMethodWorker.java:108)
	at org.testng.TestRunner.privateRun(TestRunner.java:771)
	at org.testng.TestRunner.run(TestRunner.java:621)
	at org.testng.SuiteRunner.runTest(SuiteRunner.java:357)
	at org.testng.SuiteRunner.runSequentially(SuiteRunner.java:352)
	at org.testng.SuiteRunner.privateRun(SuiteRunner.java:310)
	at org.testng.SuiteRunner.run(SuiteRunner.java:259)
	at org.testng.SuiteRunnerWorker.runSuite(SuiteRunnerWorker.java:52)
	at org.testng.SuiteRunnerWorker.run(SuiteRunnerWorker.java:86)
	at org.testng.TestNG.runSuitesSequentially(TestNG.java:1199)
	at org.testng.TestNG.runSuitesLocally(TestNG.java:1124)
	at org.testng.TestNG.run(TestNG.java:1032)
	at org.testng.remote.AbstractRemoteTestNG.run(AbstractRemoteTestNG.java:115)
	at org.testng.remote.RemoteTestNG.initAndRun(RemoteTestNG.java:251)
	at org.testng.remote.RemoteTestNG.main(RemoteTestNG.java:77)
</pre></div></td>
<td>0</td>
<td>twc.Automation.ExecutableTestCases.smokeTestCases@bc57b40</td></tr>
<tr>
<td title='twc.Automation.ExecutableTestCases.smokeTestCases.Smoke_Test_CaseVerify_turbo_url_KillLaunch()'><b>Smoke_Test_CaseVerify_turbo_url_KillLaunch</b><br>Test class: twc.Automation.ExecutableTestCases.smokeTestCases</td>
<td><div><pre>java.lang.AssertionError: TurboApi :API Call expected to present but it not exists
	at org.testng.Assert.fail(Assert.java:94)
	at twc.Automation.General.Utils.verifyAPICal(Utils.java:919)
	at twc.Automation.ExecutableTestCases.smokeTestCases.Smoke_Test_CaseVerify_turbo_url_KillLaunch(smokeTestCases.java:708)
	at sun.reflect.NativeMethodAccessorImpl.invoke0(Native Method)
	at sun.reflect.NativeMethodAccessorImpl.invoke(NativeMethodAccessorImpl.java:62)
	at sun.reflect.DelegatingMethodAccessorImpl.invoke(DelegatingMethodAccessorImpl.java:43)
	at java.lang.reflect.Method.invoke(Method.java:498)
	at org.testng.internal.MethodInvocationHelper.invokeMethod(MethodInvocationHelper.java:85)
	at org.testng.internal.Invoker.invokeMethod(Invoker.java:659)
	at org.testng.internal.Invoker.invokeTestMethod(Invoker.java:845)
	at org.testng.internal.Invoker.invokeTestMethods(Invoker.java:1153)
	at org.testng.internal.TestMethodWorker.invokeTestMethods(TestMethodWorker.java:125)
	at org.testng.internal.TestMethodWorker.run(TestMethodWorker.java:108)
	at org.testng.TestRunner.privateRun(TestRunner.java:771)
	at org.testng.TestRunner.run(TestRunner.java:621)
	at org.testng.SuiteRunner.runTest(SuiteRunner.java:357)
	at org.testng.SuiteRunner.runSequentially(SuiteRunner.java:352)
	at org.testng.SuiteRunner.privateRun(SuiteRunner.java:310)
	at org.testng.SuiteRunner.run(SuiteRunner.java:259)
	at org.testng.SuiteRunnerWorker.runSuite(SuiteRunnerWorker.java:52)
	at org.testng.SuiteRunnerWorker.run(SuiteRunnerWorker.java:86)
	at org.testng.TestNG.runSuitesSequentially(TestNG.java:1199)
	at org.testng.TestNG.runSuitesLocally(TestNG.java:1124)
	at org.testng.TestNG.run(TestNG.java:1032)
	at org.testng.remote.AbstractRemoteTestNG.run(AbstractRemoteTestNG.java:115)
	at org.testng.remote.RemoteTestNG.initAndRun(RemoteTestNG.java:251)
	at org.testng.remote.RemoteTestNG.main(RemoteTestNG.java:77)
</pre></div><a href='#' onClick='toggleBox("stack-trace1959219756", this, "Click to show all stack frames", "Click to hide stack frames")'>Click to show all stack frames</a>
<div class='stack-trace' id='stack-trace1959219756'><pre>java.lang.AssertionError: TurboApi :API Call expected to present but it not exists
	at org.testng.Assert.fail(Assert.java:94)
	at twc.Automation.General.Utils.verifyAPICal(Utils.java:919)
	at twc.Automation.ExecutableTestCases.smokeTestCases.Smoke_Test_CaseVerify_turbo_url_KillLaunch(smokeTestCases.java:708)
	at sun.reflect.NativeMethodAccessorImpl.invoke0(Native Method)
	at sun.reflect.NativeMethodAccessorImpl.invoke(NativeMethodAccessorImpl.java:62)
	at sun.reflect.DelegatingMethodAccessorImpl.invoke(DelegatingMethodAccessorImpl.java:43)
	at java.lang.reflect.Method.invoke(Method.java:498)
	at org.testng.internal.MethodInvocationHelper.invokeMethod(MethodInvocationHelper.java:85)
	at org.testng.internal.Invoker.invokeMethod(Invoker.java:659)
	at org.testng.internal.Invoker.invokeTestMethod(Invoker.java:845)
	at org.testng.internal.Invoker.invokeTestMethods(Invoker.java:1153)
	at org.testng.internal.TestMethodWorker.invokeTestMethods(TestMethodWorker.java:125)
	at org.testng.internal.TestMethodWorker.run(TestMethodWorker.java:108)
	at org.testng.TestRunner.privateRun(TestRunner.java:771)
	at org.testng.TestRunner.run(TestRunner.java:621)
	at org.testng.SuiteRunner.runTest(SuiteRunner.java:357)
	at org.testng.SuiteRunner.runSequentially(SuiteRunner.java:352)
	at org.testng.SuiteRunner.privateRun(SuiteRunner.java:310)
	at org.testng.SuiteRunner.run(SuiteRunner.java:259)
	at org.testng.SuiteRunnerWorker.runSuite(SuiteRunnerWorker.java:52)
	at org.testng.SuiteRunnerWorker.run(SuiteRunnerWorker.java:86)
	at org.testng.TestNG.runSuitesSequentially(TestNG.java:1199)
	at org.testng.TestNG.runSuitesLocally(TestNG.java:1124)
	at org.testng.TestNG.run(TestNG.java:1032)
	at org.testng.remote.AbstractRemoteTestNG.run(AbstractRemoteTestNG.java:115)
	at org.testng.remote.RemoteTestNG.initAndRun(RemoteTestNG.java:251)
	at org.testng.remote.RemoteTestNG.main(RemoteTestNG.java:77)
</pre></div></td>
<td>0</td>
<td>twc.Automation.ExecutableTestCases.smokeTestCases@bc57b40</td></tr>
<tr>
<td title='twc.Automation.ExecutableTestCases.smokeTestCases.Smoke_Test_Case_Verify_Radar_Maps_deatailspage_adCall_FTL()'><b>Smoke_Test_Case_Verify_Radar_Maps_deatailspage_adCall_FTL</b><br>Test class: twc.Automation.ExecutableTestCases.smokeTestCases</td>
<td><div><pre>java.lang.AssertionError: iu=%2F7646%2Fapp_android_us%2Fdb_display%2Fdetails%2Fmaps ad call is not present
	at org.testng.Assert.fail(Assert.java:94)
	at twc.Automation.General.Utils.verifyPubadCal(Utils.java:236)
	at twc.Automation.ExecutableTestCases.smokeTestCases.Smoke_Test_Case_Verify_Radar_Maps_deatailspage_adCall_FTL(smokeTestCases.java:142)
	at sun.reflect.NativeMethodAccessorImpl.invoke0(Native Method)
	at sun.reflect.NativeMethodAccessorImpl.invoke(NativeMethodAccessorImpl.java:62)
	at sun.reflect.DelegatingMethodAccessorImpl.invoke(DelegatingMethodAccessorImpl.java:43)
	at java.lang.reflect.Method.invoke(Method.java:498)
	at org.testng.internal.MethodInvocationHelper.invokeMethod(MethodInvocationHelper.java:85)
	at org.testng.internal.Invoker.invokeMethod(Invoker.java:659)
	at org.testng.internal.Invoker.invokeTestMethod(Invoker.java:845)
	at org.testng.internal.Invoker.invokeTestMethods(Invoker.java:1153)
	at org.testng.internal.TestMethodWorker.invokeTestMethods(TestMethodWorker.java:125)
	at org.testng.internal.TestMethodWorker.run(TestMethodWorker.java:108)
	at org.testng.TestRunner.privateRun(TestRunner.java:771)
	at org.testng.TestRunner.run(TestRunner.java:621)
	at org.testng.SuiteRunner.runTest(SuiteRunner.java:357)
	at org.testng.SuiteRunner.runSequentially(SuiteRunner.java:352)
	at org.testng.SuiteRunner.privateRun(SuiteRunner.java:310)
	at org.testng.SuiteRunner.run(SuiteRunner.java:259)
	at org.testng.SuiteRunnerWorker.runSuite(SuiteRunnerWorker.java:52)
	at org.testng.SuiteRunnerWorker.run(SuiteRunnerWorker.java:86)
	at org.testng.TestNG.runSuitesSequentially(TestNG.java:1199)
	at org.testng.TestNG.runSuitesLocally(TestNG.java:1124)
	at org.testng.TestNG.run(TestNG.java:1032)
	at org.testng.remote.AbstractRemoteTestNG.run(AbstractRemoteTestNG.java:115)
	at org.testng.remote.RemoteTestNG.initAndRun(RemoteTestNG.java:251)
	at org.testng.remote.RemoteTestNG.main(RemoteTestNG.java:77)
</pre></div><a href='#' onClick='toggleBox("stack-trace1166452906", this, "Click to show all stack frames", "Click to hide stack frames")'>Click to show all stack frames</a>
<div class='stack-trace' id='stack-trace1166452906'><pre>java.lang.AssertionError: iu=%2F7646%2Fapp_android_us%2Fdb_display%2Fdetails%2Fmaps ad call is not present
	at org.testng.Assert.fail(Assert.java:94)
	at twc.Automation.General.Utils.verifyPubadCal(Utils.java:236)
	at twc.Automation.ExecutableTestCases.smokeTestCases.Smoke_Test_Case_Verify_Radar_Maps_deatailspage_adCall_FTL(smokeTestCases.java:142)
	at sun.reflect.NativeMethodAccessorImpl.invoke0(Native Method)
	at sun.reflect.NativeMethodAccessorImpl.invoke(NativeMethodAccessorImpl.java:62)
	at sun.reflect.DelegatingMethodAccessorImpl.invoke(DelegatingMethodAccessorImpl.java:43)
	at java.lang.reflect.Method.invoke(Method.java:498)
	at org.testng.internal.MethodInvocationHelper.invokeMethod(MethodInvocationHelper.java:85)
	at org.testng.internal.Invoker.invokeMethod(Invoker.java:659)
	at org.testng.internal.Invoker.invokeTestMethod(Invoker.java:845)
	at org.testng.internal.Invoker.invokeTestMethods(Invoker.java:1153)
	at org.testng.internal.TestMethodWorker.invokeTestMethods(TestMethodWorker.java:125)
	at org.testng.internal.TestMethodWorker.run(TestMethodWorker.java:108)
	at org.testng.TestRunner.privateRun(TestRunner.java:771)
	at org.testng.TestRunner.run(TestRunner.java:621)
	at org.testng.SuiteRunner.runTest(SuiteRunner.java:357)
	at org.testng.SuiteRunner.runSequentially(SuiteRunner.java:352)
	at org.testng.SuiteRunner.privateRun(SuiteRunner.java:310)
	at org.testng.SuiteRunner.run(SuiteRunner.java:259)
	at org.testng.SuiteRunnerWorker.runSuite(SuiteRunnerWorker.java:52)
	at org.testng.SuiteRunnerWorker.run(SuiteRunnerWorker.java:86)
	at org.testng.TestNG.runSuitesSequentially(TestNG.java:1199)
	at org.testng.TestNG.runSuitesLocally(TestNG.java:1124)
	at org.testng.TestNG.run(TestNG.java:1032)
	at org.testng.remote.AbstractRemoteTestNG.run(AbstractRemoteTestNG.java:115)
	at org.testng.remote.RemoteTestNG.initAndRun(RemoteTestNG.java:251)
	at org.testng.remote.RemoteTestNG.main(RemoteTestNG.java:77)
</pre></div></td>
<td>0</td>
<td>twc.Automation.ExecutableTestCases.smokeTestCases@bc57b40</td></tr>
<tr>
<td title='twc.Automation.ExecutableTestCases.smokeTestCases.Smoke_Test_Case_Verify_sz_Radar_Maps_deatailspage_adCall_FTL()'><b>Smoke_Test_Case_Verify_sz_Radar_Maps_deatailspage_adCall_FTL</b><br>Test class: twc.Automation.ExecutableTestCases.smokeTestCases</td>
<td><div><pre>java.lang.AssertionError: Ad Call :iu=%2F7646%2Fapp_android_us%2Fdb_display%2Fdetails%2Fmaps not found in charles session, hence Custom Parameter: sz validation skipped
	at org.testng.Assert.fail(Assert.java:94)
	at twc.Automation.General.Utils.validate_Noncustom_param_val_of_gampad(Utils.java:4387)
	at twc.Automation.ExecutableTestCases.smokeTestCases.Smoke_Test_Case_Verify_sz_Radar_Maps_deatailspage_adCall_FTL(smokeTestCases.java:272)
	at sun.reflect.NativeMethodAccessorImpl.invoke0(Native Method)
	at sun.reflect.NativeMethodAccessorImpl.invoke(NativeMethodAccessorImpl.java:62)
	at sun.reflect.DelegatingMethodAccessorImpl.invoke(DelegatingMethodAccessorImpl.java:43)
	at java.lang.reflect.Method.invoke(Method.java:498)
	at org.testng.internal.MethodInvocationHelper.invokeMethod(MethodInvocationHelper.java:85)
	at org.testng.internal.Invoker.invokeMethod(Invoker.java:659)
	at org.testng.internal.Invoker.invokeTestMethod(Invoker.java:845)
	at org.testng.internal.Invoker.invokeTestMethods(Invoker.java:1153)
	at org.testng.internal.TestMethodWorker.invokeTestMethods(TestMethodWorker.java:125)
	at org.testng.internal.TestMethodWorker.run(TestMethodWorker.java:108)
	at org.testng.TestRunner.privateRun(TestRunner.java:771)
	at org.testng.TestRunner.run(TestRunner.java:621)
	at org.testng.SuiteRunner.runTest(SuiteRunner.java:357)
	at org.testng.SuiteRunner.runSequentially(SuiteRunner.java:352)
	at org.testng.SuiteRunner.privateRun(SuiteRunner.java:310)
	at org.testng.SuiteRunner.run(SuiteRunner.java:259)
	at org.testng.SuiteRunnerWorker.runSuite(SuiteRunnerWorker.java:52)
	at org.testng.SuiteRunnerWorker.run(SuiteRunnerWorker.java:86)
	at org.testng.TestNG.runSuitesSequentially(TestNG.java:1199)
	at org.testng.TestNG.runSuitesLocally(TestNG.java:1124)
	at org.testng.TestNG.run(TestNG.java:1032)
	at org.testng.remote.AbstractRemoteTestNG.run(AbstractRemoteTestNG.java:115)
	at org.testng.remote.RemoteTestNG.initAndRun(RemoteTestNG.java:251)
	at org.testng.remote.RemoteTestNG.main(RemoteTestNG.java:77)
</pre></div><a href='#' onClick='toggleBox("stack-trace1971558037", this, "Click to show all stack frames", "Click to hide stack frames")'>Click to show all stack frames</a>
<div class='stack-trace' id='stack-trace1971558037'><pre>java.lang.AssertionError: Ad Call :iu=%2F7646%2Fapp_android_us%2Fdb_display%2Fdetails%2Fmaps not found in charles session, hence Custom Parameter: sz validation skipped
	at org.testng.Assert.fail(Assert.java:94)
	at twc.Automation.General.Utils.validate_Noncustom_param_val_of_gampad(Utils.java:4387)
	at twc.Automation.ExecutableTestCases.smokeTestCases.Smoke_Test_Case_Verify_sz_Radar_Maps_deatailspage_adCall_FTL(smokeTestCases.java:272)
	at sun.reflect.NativeMethodAccessorImpl.invoke0(Native Method)
	at sun.reflect.NativeMethodAccessorImpl.invoke(NativeMethodAccessorImpl.java:62)
	at sun.reflect.DelegatingMethodAccessorImpl.invoke(DelegatingMethodAccessorImpl.java:43)
	at java.lang.reflect.Method.invoke(Method.java:498)
	at org.testng.internal.MethodInvocationHelper.invokeMethod(MethodInvocationHelper.java:85)
	at org.testng.internal.Invoker.invokeMethod(Invoker.java:659)
	at org.testng.internal.Invoker.invokeTestMethod(Invoker.java:845)
	at org.testng.internal.Invoker.invokeTestMethods(Invoker.java:1153)
	at org.testng.internal.TestMethodWorker.invokeTestMethods(TestMethodWorker.java:125)
	at org.testng.internal.TestMethodWorker.run(TestMethodWorker.java:108)
	at org.testng.TestRunner.privateRun(TestRunner.java:771)
	at org.testng.TestRunner.run(TestRunner.java:621)
	at org.testng.SuiteRunner.runTest(SuiteRunner.java:357)
	at org.testng.SuiteRunner.runSequentially(SuiteRunner.java:352)
	at org.testng.SuiteRunner.privateRun(SuiteRunner.java:310)
	at org.testng.SuiteRunner.run(SuiteRunner.java:259)
	at org.testng.SuiteRunnerWorker.runSuite(SuiteRunnerWorker.java:52)
	at org.testng.SuiteRunnerWorker.run(SuiteRunnerWorker.java:86)
	at org.testng.TestNG.runSuitesSequentially(TestNG.java:1199)
	at org.testng.TestNG.runSuitesLocally(TestNG.java:1124)
	at org.testng.TestNG.run(TestNG.java:1032)
	at org.testng.remote.AbstractRemoteTestNG.run(AbstractRemoteTestNG.java:115)
	at org.testng.remote.RemoteTestNG.initAndRun(RemoteTestNG.java:251)
	at org.testng.remote.RemoteTestNG.main(RemoteTestNG.java:77)
</pre></div></td>
<td>0</td>
<td>twc.Automation.ExecutableTestCases.smokeTestCases@bc57b40</td></tr>
<tr>
<td title='twc.Automation.ExecutableTestCases.smokeTestCases.Smoke_Test__Verifying_Bcp_apicall_URL_killLaunch()'><b>Smoke_Test__Verifying_Bcp_apicall_URL_killLaunch</b><br>Test class: twc.Automation.ExecutableTestCases.smokeTestCases</td>
<td><div><pre>java.lang.AssertionError: Lotame :API Call expected to present but it not exists
	at org.testng.Assert.fail(Assert.java:94)
	at twc.Automation.General.Utils.verifyAPICal(Utils.java:919)
	at twc.Automation.ExecutableTestCases.smokeTestCases.Smoke_Test__Verifying_Bcp_apicall_URL_killLaunch(smokeTestCases.java:717)
	at sun.reflect.NativeMethodAccessorImpl.invoke0(Native Method)
	at sun.reflect.NativeMethodAccessorImpl.invoke(NativeMethodAccessorImpl.java:62)
	at sun.reflect.DelegatingMethodAccessorImpl.invoke(DelegatingMethodAccessorImpl.java:43)
	at java.lang.reflect.Method.invoke(Method.java:498)
	at org.testng.internal.MethodInvocationHelper.invokeMethod(MethodInvocationHelper.java:85)
	at org.testng.internal.Invoker.invokeMethod(Invoker.java:659)
	at org.testng.internal.Invoker.invokeTestMethod(Invoker.java:845)
	at org.testng.internal.Invoker.invokeTestMethods(Invoker.java:1153)
	at org.testng.internal.TestMethodWorker.invokeTestMethods(TestMethodWorker.java:125)
	at org.testng.internal.TestMethodWorker.run(TestMethodWorker.java:108)
	at org.testng.TestRunner.privateRun(TestRunner.java:771)
	at org.testng.TestRunner.run(TestRunner.java:621)
	at org.testng.SuiteRunner.runTest(SuiteRunner.java:357)
	at org.testng.SuiteRunner.runSequentially(SuiteRunner.java:352)
	at org.testng.SuiteRunner.privateRun(SuiteRunner.java:310)
	at org.testng.SuiteRunner.run(SuiteRunner.java:259)
	at org.testng.SuiteRunnerWorker.runSuite(SuiteRunnerWorker.java:52)
	at org.testng.SuiteRunnerWorker.run(SuiteRunnerWorker.java:86)
	at org.testng.TestNG.runSuitesSequentially(TestNG.java:1199)
	at org.testng.TestNG.runSuitesLocally(TestNG.java:1124)
	at org.testng.TestNG.run(TestNG.java:1032)
	at org.testng.remote.AbstractRemoteTestNG.run(AbstractRemoteTestNG.java:115)
	at org.testng.remote.RemoteTestNG.initAndRun(RemoteTestNG.java:251)
	at org.testng.remote.RemoteTestNG.main(RemoteTestNG.java:77)
</pre></div><a href='#' onClick='toggleBox("stack-trace1023620179", this, "Click to show all stack frames", "Click to hide stack frames")'>Click to show all stack frames</a>
<div class='stack-trace' id='stack-trace1023620179'><pre>java.lang.AssertionError: Lotame :API Call expected to present but it not exists
	at org.testng.Assert.fail(Assert.java:94)
	at twc.Automation.General.Utils.verifyAPICal(Utils.java:919)
	at twc.Automation.ExecutableTestCases.smokeTestCases.Smoke_Test__Verifying_Bcp_apicall_URL_killLaunch(smokeTestCases.java:717)
	at sun.reflect.NativeMethodAccessorImpl.invoke0(Native Method)
	at sun.reflect.NativeMethodAccessorImpl.invoke(NativeMethodAccessorImpl.java:62)
	at sun.reflect.DelegatingMethodAccessorImpl.invoke(DelegatingMethodAccessorImpl.java:43)
	at java.lang.reflect.Method.invoke(Method.java:498)
	at org.testng.internal.MethodInvocationHelper.invokeMethod(MethodInvocationHelper.java:85)
	at org.testng.internal.Invoker.invokeMethod(Invoker.java:659)
	at org.testng.internal.Invoker.invokeTestMethod(Invoker.java:845)
	at org.testng.internal.Invoker.invokeTestMethods(Invoker.java:1153)
	at org.testng.internal.TestMethodWorker.invokeTestMethods(TestMethodWorker.java:125)
	at org.testng.internal.TestMethodWorker.run(TestMethodWorker.java:108)
	at org.testng.TestRunner.privateRun(TestRunner.java:771)
	at org.testng.TestRunner.run(TestRunner.java:621)
	at org.testng.SuiteRunner.runTest(SuiteRunner.java:357)
	at org.testng.SuiteRunner.runSequentially(SuiteRunner.java:352)
	at org.testng.SuiteRunner.privateRun(SuiteRunner.java:310)
	at org.testng.SuiteRunner.run(SuiteRunner.java:259)
	at org.testng.SuiteRunnerWorker.runSuite(SuiteRunnerWorker.java:52)
	at org.testng.SuiteRunnerWorker.run(SuiteRunnerWorker.java:86)
	at org.testng.TestNG.runSuitesSequentially(TestNG.java:1199)
	at org.testng.TestNG.runSuitesLocally(TestNG.java:1124)
	at org.testng.TestNG.run(TestNG.java:1032)
	at org.testng.remote.AbstractRemoteTestNG.run(AbstractRemoteTestNG.java:115)
	at org.testng.remote.RemoteTestNG.initAndRun(RemoteTestNG.java:251)
	at org.testng.remote.RemoteTestNG.main(RemoteTestNG.java:77)
</pre></div></td>
<td>0</td>
<td>twc.Automation.ExecutableTestCases.smokeTestCases@bc57b40</td></tr>
<tr>
<td title='twc.Automation.ExecutableTestCases.smokeTestCases.Smoke_Test_amazon_aaxSlot_feed1_preroladcall_killLaunch()'><b>Smoke_Test_amazon_aaxSlot_feed1_preroladcall_killLaunch</b><br>Test class: twc.Automation.ExecutableTestCases.smokeTestCases</td>
<td><div><pre>java.lang.AssertionError: slot id: f4b66249-b6eb-4155-9d90-1e2b04487c99 is not present
	at org.testng.Assert.fail(Assert.java:94)
	at twc.Automation.General.Utils.verifyAAX_SlotId(Utils.java:543)
	at twc.Automation.ExecutableTestCases.smokeTestCases.Smoke_Test_amazon_aaxSlot_feed1_preroladcall_killLaunch(smokeTestCases.java:794)
	at sun.reflect.NativeMethodAccessorImpl.invoke0(Native Method)
	at sun.reflect.NativeMethodAccessorImpl.invoke(NativeMethodAccessorImpl.java:62)
	at sun.reflect.DelegatingMethodAccessorImpl.invoke(DelegatingMethodAccessorImpl.java:43)
	at java.lang.reflect.Method.invoke(Method.java:498)
	at org.testng.internal.MethodInvocationHelper.invokeMethod(MethodInvocationHelper.java:85)
	at org.testng.internal.Invoker.invokeMethod(Invoker.java:659)
	at org.testng.internal.Invoker.invokeTestMethod(Invoker.java:845)
	at org.testng.internal.Invoker.invokeTestMethods(Invoker.java:1153)
	at org.testng.internal.TestMethodWorker.invokeTestMethods(TestMethodWorker.java:125)
	at org.testng.internal.TestMethodWorker.run(TestMethodWorker.java:108)
	at org.testng.TestRunner.privateRun(TestRunner.java:771)
	at org.testng.TestRunner.run(TestRunner.java:621)
	at org.testng.SuiteRunner.runTest(SuiteRunner.java:357)
	at org.testng.SuiteRunner.runSequentially(SuiteRunner.java:352)
	at org.testng.SuiteRunner.privateRun(SuiteRunner.java:310)
	at org.testng.SuiteRunner.run(SuiteRunner.java:259)
	at org.testng.SuiteRunnerWorker.runSuite(SuiteRunnerWorker.java:52)
	at org.testng.SuiteRunnerWorker.run(SuiteRunnerWorker.java:86)
	at org.testng.TestNG.runSuitesSequentially(TestNG.java:1199)
	at org.testng.TestNG.runSuitesLocally(TestNG.java:1124)
	at org.testng.TestNG.run(TestNG.java:1032)
	at org.testng.remote.AbstractRemoteTestNG.run(AbstractRemoteTestNG.java:115)
	at org.testng.remote.RemoteTestNG.initAndRun(RemoteTestNG.java:251)
	at org.testng.remote.RemoteTestNG.main(RemoteTestNG.java:77)
</pre></div><a href='#' onClick='toggleBox("stack-trace1336758691", this, "Click to show all stack frames", "Click to hide stack frames")'>Click to show all stack frames</a>
<div class='stack-trace' id='stack-trace1336758691'><pre>java.lang.AssertionError: slot id: f4b66249-b6eb-4155-9d90-1e2b04487c99 is not present
	at org.testng.Assert.fail(Assert.java:94)
	at twc.Automation.General.Utils.verifyAAX_SlotId(Utils.java:543)
	at twc.Automation.ExecutableTestCases.smokeTestCases.Smoke_Test_amazon_aaxSlot_feed1_preroladcall_killLaunch(smokeTestCases.java:794)
	at sun.reflect.NativeMethodAccessorImpl.invoke0(Native Method)
	at sun.reflect.NativeMethodAccessorImpl.invoke(NativeMethodAccessorImpl.java:62)
	at sun.reflect.DelegatingMethodAccessorImpl.invoke(DelegatingMethodAccessorImpl.java:43)
	at java.lang.reflect.Method.invoke(Method.java:498)
	at org.testng.internal.MethodInvocationHelper.invokeMethod(MethodInvocationHelper.java:85)
	at org.testng.internal.Invoker.invokeMethod(Invoker.java:659)
	at org.testng.internal.Invoker.invokeTestMethod(Invoker.java:845)
	at org.testng.internal.Invoker.invokeTestMethods(Invoker.java:1153)
	at org.testng.internal.TestMethodWorker.invokeTestMethods(TestMethodWorker.java:125)
	at org.testng.internal.TestMethodWorker.run(TestMethodWorker.java:108)
	at org.testng.TestRunner.privateRun(TestRunner.java:771)
	at org.testng.TestRunner.run(TestRunner.java:621)
	at org.testng.SuiteRunner.runTest(SuiteRunner.java:357)
	at org.testng.SuiteRunner.runSequentially(SuiteRunner.java:352)
	at org.testng.SuiteRunner.privateRun(SuiteRunner.java:310)
	at org.testng.SuiteRunner.run(SuiteRunner.java:259)
	at org.testng.SuiteRunnerWorker.runSuite(SuiteRunnerWorker.java:52)
	at org.testng.SuiteRunnerWorker.run(SuiteRunnerWorker.java:86)
	at org.testng.TestNG.runSuitesSequentially(TestNG.java:1199)
	at org.testng.TestNG.runSuitesLocally(TestNG.java:1124)
	at org.testng.TestNG.run(TestNG.java:1032)
	at org.testng.remote.AbstractRemoteTestNG.run(AbstractRemoteTestNG.java:115)
	at org.testng.remote.RemoteTestNG.initAndRun(RemoteTestNG.java:251)
	at org.testng.remote.RemoteTestNG.main(RemoteTestNG.java:77)
</pre></div></td>
<td>0</td>
<td>twc.Automation.ExecutableTestCases.smokeTestCases@bc57b40</td></tr>
<tr>
<td title='twc.Automation.ExecutableTestCases.smokeTestCases.Smoke_Test_amazon_aax_Hourly1_bigaddetails_preroll_adcall_killLaunch()'><b>Smoke_Test_amazon_aax_Hourly1_bigaddetails_preroll_adcall_killLaunch</b><br>Test class: twc.Automation.ExecutableTestCases.smokeTestCases</td>
<td><div><pre>java.lang.AssertionError: slot id: 08f0ccea-cab5-449c-963d-dc57ed9ee87d is not present
	at org.testng.Assert.fail(Assert.java:94)
	at twc.Automation.General.Utils.verifyAAX_SlotId(Utils.java:543)
	at twc.Automation.ExecutableTestCases.smokeTestCases.Smoke_Test_amazon_aax_Hourly1_bigaddetails_preroll_adcall_killLaunch(smokeTestCases.java:745)
	at sun.reflect.NativeMethodAccessorImpl.invoke0(Native Method)
	at sun.reflect.NativeMethodAccessorImpl.invoke(NativeMethodAccessorImpl.java:62)
	at sun.reflect.DelegatingMethodAccessorImpl.invoke(DelegatingMethodAccessorImpl.java:43)
	at java.lang.reflect.Method.invoke(Method.java:498)
	at org.testng.internal.MethodInvocationHelper.invokeMethod(MethodInvocationHelper.java:85)
	at org.testng.internal.Invoker.invokeMethod(Invoker.java:659)
	at org.testng.internal.Invoker.invokeTestMethod(Invoker.java:845)
	at org.testng.internal.Invoker.invokeTestMethods(Invoker.java:1153)
	at org.testng.internal.TestMethodWorker.invokeTestMethods(TestMethodWorker.java:125)
	at org.testng.internal.TestMethodWorker.run(TestMethodWorker.java:108)
	at org.testng.TestRunner.privateRun(TestRunner.java:771)
	at org.testng.TestRunner.run(TestRunner.java:621)
	at org.testng.SuiteRunner.runTest(SuiteRunner.java:357)
	at org.testng.SuiteRunner.runSequentially(SuiteRunner.java:352)
	at org.testng.SuiteRunner.privateRun(SuiteRunner.java:310)
	at org.testng.SuiteRunner.run(SuiteRunner.java:259)
	at org.testng.SuiteRunnerWorker.runSuite(SuiteRunnerWorker.java:52)
	at org.testng.SuiteRunnerWorker.run(SuiteRunnerWorker.java:86)
	at org.testng.TestNG.runSuitesSequentially(TestNG.java:1199)
	at org.testng.TestNG.runSuitesLocally(TestNG.java:1124)
	at org.testng.TestNG.run(TestNG.java:1032)
	at org.testng.remote.AbstractRemoteTestNG.run(AbstractRemoteTestNG.java:115)
	at org.testng.remote.RemoteTestNG.initAndRun(RemoteTestNG.java:251)
	at org.testng.remote.RemoteTestNG.main(RemoteTestNG.java:77)
</pre></div><a href='#' onClick='toggleBox("stack-trace1657624109", this, "Click to show all stack frames", "Click to hide stack frames")'>Click to show all stack frames</a>
<div class='stack-trace' id='stack-trace1657624109'><pre>java.lang.AssertionError: slot id: 08f0ccea-cab5-449c-963d-dc57ed9ee87d is not present
	at org.testng.Assert.fail(Assert.java:94)
	at twc.Automation.General.Utils.verifyAAX_SlotId(Utils.java:543)
	at twc.Automation.ExecutableTestCases.smokeTestCases.Smoke_Test_amazon_aax_Hourly1_bigaddetails_preroll_adcall_killLaunch(smokeTestCases.java:745)
	at sun.reflect.NativeMethodAccessorImpl.invoke0(Native Method)
	at sun.reflect.NativeMethodAccessorImpl.invoke(NativeMethodAccessorImpl.java:62)
	at sun.reflect.DelegatingMethodAccessorImpl.invoke(DelegatingMethodAccessorImpl.java:43)
	at java.lang.reflect.Method.invoke(Method.java:498)
	at org.testng.internal.MethodInvocationHelper.invokeMethod(MethodInvocationHelper.java:85)
	at org.testng.internal.Invoker.invokeMethod(Invoker.java:659)
	at org.testng.internal.Invoker.invokeTestMethod(Invoker.java:845)
	at org.testng.internal.Invoker.invokeTestMethods(Invoker.java:1153)
	at org.testng.internal.TestMethodWorker.invokeTestMethods(TestMethodWorker.java:125)
	at org.testng.internal.TestMethodWorker.run(TestMethodWorker.java:108)
	at org.testng.TestRunner.privateRun(TestRunner.java:771)
	at org.testng.TestRunner.run(TestRunner.java:621)
	at org.testng.SuiteRunner.runTest(SuiteRunner.java:357)
	at org.testng.SuiteRunner.runSequentially(SuiteRunner.java:352)
	at org.testng.SuiteRunner.privateRun(SuiteRunner.java:310)
	at org.testng.SuiteRunner.run(SuiteRunner.java:259)
	at org.testng.SuiteRunnerWorker.runSuite(SuiteRunnerWorker.java:52)
	at org.testng.SuiteRunnerWorker.run(SuiteRunnerWorker.java:86)
	at org.testng.TestNG.runSuitesSequentially(TestNG.java:1199)
	at org.testng.TestNG.runSuitesLocally(TestNG.java:1124)
	at org.testng.TestNG.run(TestNG.java:1032)
	at org.testng.remote.AbstractRemoteTestNG.run(AbstractRemoteTestNG.java:115)
	at org.testng.remote.RemoteTestNG.initAndRun(RemoteTestNG.java:251)
	at org.testng.remote.RemoteTestNG.main(RemoteTestNG.java:77)
</pre></div></td>
<td>0</td>
<td>twc.Automation.ExecutableTestCases.smokeTestCases@bc57b40</td></tr>
<tr>
<td title='twc.Automation.ExecutableTestCases.smokeTestCases.Smoke_Test_amazon_aax_Hourly2_bigaddetails_preroll_adcall_killLaunch()'><b>Smoke_Test_amazon_aax_Hourly2_bigaddetails_preroll_adcall_killLaunch</b><br>Test class: twc.Automation.ExecutableTestCases.smokeTestCases</td>
<td><div><pre>java.lang.AssertionError: slot id: 4fbed16a-cc6f-4cb1-94f7-81465acbd47e is not present
	at org.testng.Assert.fail(Assert.java:94)
	at twc.Automation.General.Utils.verifyAAX_SlotId(Utils.java:543)
	at twc.Automation.ExecutableTestCases.smokeTestCases.Smoke_Test_amazon_aax_Hourly2_bigaddetails_preroll_adcall_killLaunch(smokeTestCases.java:757)
	at sun.reflect.NativeMethodAccessorImpl.invoke0(Native Method)
	at sun.reflect.NativeMethodAccessorImpl.invoke(NativeMethodAccessorImpl.java:62)
	at sun.reflect.DelegatingMethodAccessorImpl.invoke(DelegatingMethodAccessorImpl.java:43)
	at java.lang.reflect.Method.invoke(Method.java:498)
	at org.testng.internal.MethodInvocationHelper.invokeMethod(MethodInvocationHelper.java:85)
	at org.testng.internal.Invoker.invokeMethod(Invoker.java:659)
	at org.testng.internal.Invoker.invokeTestMethod(Invoker.java:845)
	at org.testng.internal.Invoker.invokeTestMethods(Invoker.java:1153)
	at org.testng.internal.TestMethodWorker.invokeTestMethods(TestMethodWorker.java:125)
	at org.testng.internal.TestMethodWorker.run(TestMethodWorker.java:108)
	at org.testng.TestRunner.privateRun(TestRunner.java:771)
	at org.testng.TestRunner.run(TestRunner.java:621)
	at org.testng.SuiteRunner.runTest(SuiteRunner.java:357)
	at org.testng.SuiteRunner.runSequentially(SuiteRunner.java:352)
	at org.testng.SuiteRunner.privateRun(SuiteRunner.java:310)
	at org.testng.SuiteRunner.run(SuiteRunner.java:259)
	at org.testng.SuiteRunnerWorker.runSuite(SuiteRunnerWorker.java:52)
	at org.testng.SuiteRunnerWorker.run(SuiteRunnerWorker.java:86)
	at org.testng.TestNG.runSuitesSequentially(TestNG.java:1199)
	at org.testng.TestNG.runSuitesLocally(TestNG.java:1124)
	at org.testng.TestNG.run(TestNG.java:1032)
	at org.testng.remote.AbstractRemoteTestNG.run(AbstractRemoteTestNG.java:115)
	at org.testng.remote.RemoteTestNG.initAndRun(RemoteTestNG.java:251)
	at org.testng.remote.RemoteTestNG.main(RemoteTestNG.java:77)
</pre></div><a href='#' onClick='toggleBox("stack-trace1874962678", this, "Click to show all stack frames", "Click to hide stack frames")'>Click to show all stack frames</a>
<div class='stack-trace' id='stack-trace1874962678'><pre>java.lang.AssertionError: slot id: 4fbed16a-cc6f-4cb1-94f7-81465acbd47e is not present
	at org.testng.Assert.fail(Assert.java:94)
	at twc.Automation.General.Utils.verifyAAX_SlotId(Utils.java:543)
	at twc.Automation.ExecutableTestCases.smokeTestCases.Smoke_Test_amazon_aax_Hourly2_bigaddetails_preroll_adcall_killLaunch(smokeTestCases.java:757)
	at sun.reflect.NativeMethodAccessorImpl.invoke0(Native Method)
	at sun.reflect.NativeMethodAccessorImpl.invoke(NativeMethodAccessorImpl.java:62)
	at sun.reflect.DelegatingMethodAccessorImpl.invoke(DelegatingMethodAccessorImpl.java:43)
	at java.lang.reflect.Method.invoke(Method.java:498)
	at org.testng.internal.MethodInvocationHelper.invokeMethod(MethodInvocationHelper.java:85)
	at org.testng.internal.Invoker.invokeMethod(Invoker.java:659)
	at org.testng.internal.Invoker.invokeTestMethod(Invoker.java:845)
	at org.testng.internal.Invoker.invokeTestMethods(Invoker.java:1153)
	at org.testng.internal.TestMethodWorker.invokeTestMethods(TestMethodWorker.java:125)
	at org.testng.internal.TestMethodWorker.run(TestMethodWorker.java:108)
	at org.testng.TestRunner.privateRun(TestRunner.java:771)
	at org.testng.TestRunner.run(TestRunner.java:621)
	at org.testng.SuiteRunner.runTest(SuiteRunner.java:357)
	at org.testng.SuiteRunner.runSequentially(SuiteRunner.java:352)
	at org.testng.SuiteRunner.privateRun(SuiteRunner.java:310)
	at org.testng.SuiteRunner.run(SuiteRunner.java:259)
	at org.testng.SuiteRunnerWorker.runSuite(SuiteRunnerWorker.java:52)
	at org.testng.SuiteRunnerWorker.run(SuiteRunnerWorker.java:86)
	at org.testng.TestNG.runSuitesSequentially(TestNG.java:1199)
	at org.testng.TestNG.runSuitesLocally(TestNG.java:1124)
	at org.testng.TestNG.run(TestNG.java:1032)
	at org.testng.remote.AbstractRemoteTestNG.run(AbstractRemoteTestNG.java:115)
	at org.testng.remote.RemoteTestNG.initAndRun(RemoteTestNG.java:251)
	at org.testng.remote.RemoteTestNG.main(RemoteTestNG.java:77)
</pre></div></td>
<td>0</td>
<td>twc.Automation.ExecutableTestCases.smokeTestCases@bc57b40</td></tr>
<tr>
<td title='twc.Automation.ExecutableTestCases.smokeTestCases.Smoke_Test_amazon_aax_Hourly3_bigaddetails_preroll_adcall_killLaunch()'><b>Smoke_Test_amazon_aax_Hourly3_bigaddetails_preroll_adcall_killLaunch</b><br>Test class: twc.Automation.ExecutableTestCases.smokeTestCases</td>
<td><div><pre>java.lang.AssertionError: slot id: 72634dc9-b59f-4b2c-b281-bb3be291b7b6 is not present
	at org.testng.Assert.fail(Assert.java:94)
	at twc.Automation.General.Utils.verifyAAX_SlotId(Utils.java:543)
	at twc.Automation.ExecutableTestCases.smokeTestCases.Smoke_Test_amazon_aax_Hourly3_bigaddetails_preroll_adcall_killLaunch(smokeTestCases.java:769)
	at sun.reflect.NativeMethodAccessorImpl.invoke0(Native Method)
	at sun.reflect.NativeMethodAccessorImpl.invoke(NativeMethodAccessorImpl.java:62)
	at sun.reflect.DelegatingMethodAccessorImpl.invoke(DelegatingMethodAccessorImpl.java:43)
	at java.lang.reflect.Method.invoke(Method.java:498)
	at org.testng.internal.MethodInvocationHelper.invokeMethod(MethodInvocationHelper.java:85)
	at org.testng.internal.Invoker.invokeMethod(Invoker.java:659)
	at org.testng.internal.Invoker.invokeTestMethod(Invoker.java:845)
	at org.testng.internal.Invoker.invokeTestMethods(Invoker.java:1153)
	at org.testng.internal.TestMethodWorker.invokeTestMethods(TestMethodWorker.java:125)
	at org.testng.internal.TestMethodWorker.run(TestMethodWorker.java:108)
	at org.testng.TestRunner.privateRun(TestRunner.java:771)
	at org.testng.TestRunner.run(TestRunner.java:621)
	at org.testng.SuiteRunner.runTest(SuiteRunner.java:357)
	at org.testng.SuiteRunner.runSequentially(SuiteRunner.java:352)
	at org.testng.SuiteRunner.privateRun(SuiteRunner.java:310)
	at org.testng.SuiteRunner.run(SuiteRunner.java:259)
	at org.testng.SuiteRunnerWorker.runSuite(SuiteRunnerWorker.java:52)
	at org.testng.SuiteRunnerWorker.run(SuiteRunnerWorker.java:86)
	at org.testng.TestNG.runSuitesSequentially(TestNG.java:1199)
	at org.testng.TestNG.runSuitesLocally(TestNG.java:1124)
	at org.testng.TestNG.run(TestNG.java:1032)
	at org.testng.remote.AbstractRemoteTestNG.run(AbstractRemoteTestNG.java:115)
	at org.testng.remote.RemoteTestNG.initAndRun(RemoteTestNG.java:251)
	at org.testng.remote.RemoteTestNG.main(RemoteTestNG.java:77)
</pre></div><a href='#' onClick='toggleBox("stack-trace178163105", this, "Click to show all stack frames", "Click to hide stack frames")'>Click to show all stack frames</a>
<div class='stack-trace' id='stack-trace178163105'><pre>java.lang.AssertionError: slot id: 72634dc9-b59f-4b2c-b281-bb3be291b7b6 is not present
	at org.testng.Assert.fail(Assert.java:94)
	at twc.Automation.General.Utils.verifyAAX_SlotId(Utils.java:543)
	at twc.Automation.ExecutableTestCases.smokeTestCases.Smoke_Test_amazon_aax_Hourly3_bigaddetails_preroll_adcall_killLaunch(smokeTestCases.java:769)
	at sun.reflect.NativeMethodAccessorImpl.invoke0(Native Method)
	at sun.reflect.NativeMethodAccessorImpl.invoke(NativeMethodAccessorImpl.java:62)
	at sun.reflect.DelegatingMethodAccessorImpl.invoke(DelegatingMethodAccessorImpl.java:43)
	at java.lang.reflect.Method.invoke(Method.java:498)
	at org.testng.internal.MethodInvocationHelper.invokeMethod(MethodInvocationHelper.java:85)
	at org.testng.internal.Invoker.invokeMethod(Invoker.java:659)
	at org.testng.internal.Invoker.invokeTestMethod(Invoker.java:845)
	at org.testng.internal.Invoker.invokeTestMethods(Invoker.java:1153)
	at org.testng.internal.TestMethodWorker.invokeTestMethods(TestMethodWorker.java:125)
	at org.testng.internal.TestMethodWorker.run(TestMethodWorker.java:108)
	at org.testng.TestRunner.privateRun(TestRunner.java:771)
	at org.testng.TestRunner.run(TestRunner.java:621)
	at org.testng.SuiteRunner.runTest(SuiteRunner.java:357)
	at org.testng.SuiteRunner.runSequentially(SuiteRunner.java:352)
	at org.testng.SuiteRunner.privateRun(SuiteRunner.java:310)
	at org.testng.SuiteRunner.run(SuiteRunner.java:259)
	at org.testng.SuiteRunnerWorker.runSuite(SuiteRunnerWorker.java:52)
	at org.testng.SuiteRunnerWorker.run(SuiteRunnerWorker.java:86)
	at org.testng.TestNG.runSuitesSequentially(TestNG.java:1199)
	at org.testng.TestNG.runSuitesLocally(TestNG.java:1124)
	at org.testng.TestNG.run(TestNG.java:1032)
	at org.testng.remote.AbstractRemoteTestNG.run(AbstractRemoteTestNG.java:115)
	at org.testng.remote.RemoteTestNG.initAndRun(RemoteTestNG.java:251)
	at org.testng.remote.RemoteTestNG.main(RemoteTestNG.java:77)
</pre></div></td>
<td>0</td>
<td>twc.Automation.ExecutableTestCases.smokeTestCases@bc57b40</td></tr>
<tr>
<td title='twc.Automation.ExecutableTestCases.smokeTestCases.Smoke_Test_amazon_aax_Hourly_preroll_adcall_killLaunch()'><b>Smoke_Test_amazon_aax_Hourly_preroll_adcall_killLaunch</b><br>Test class: twc.Automation.ExecutableTestCases.smokeTestCases</td>
<td><div><pre>java.lang.AssertionError: slot id: 9be28769-4207-4d51-8063-dc8e645383b2 is not present
	at org.testng.Assert.fail(Assert.java:94)
	at twc.Automation.General.Utils.verifyAAX_SlotId(Utils.java:543)
	at twc.Automation.ExecutableTestCases.smokeTestCases.Smoke_Test_amazon_aax_Hourly_preroll_adcall_killLaunch(smokeTestCases.java:734)
	at sun.reflect.NativeMethodAccessorImpl.invoke0(Native Method)
	at sun.reflect.NativeMethodAccessorImpl.invoke(NativeMethodAccessorImpl.java:62)
	at sun.reflect.DelegatingMethodAccessorImpl.invoke(DelegatingMethodAccessorImpl.java:43)
	at java.lang.reflect.Method.invoke(Method.java:498)
	at org.testng.internal.MethodInvocationHelper.invokeMethod(MethodInvocationHelper.java:85)
	at org.testng.internal.Invoker.invokeMethod(Invoker.java:659)
	at org.testng.internal.Invoker.invokeTestMethod(Invoker.java:845)
	at org.testng.internal.Invoker.invokeTestMethods(Invoker.java:1153)
	at org.testng.internal.TestMethodWorker.invokeTestMethods(TestMethodWorker.java:125)
	at org.testng.internal.TestMethodWorker.run(TestMethodWorker.java:108)
	at org.testng.TestRunner.privateRun(TestRunner.java:771)
	at org.testng.TestRunner.run(TestRunner.java:621)
	at org.testng.SuiteRunner.runTest(SuiteRunner.java:357)
	at org.testng.SuiteRunner.runSequentially(SuiteRunner.java:352)
	at org.testng.SuiteRunner.privateRun(SuiteRunner.java:310)
	at org.testng.SuiteRunner.run(SuiteRunner.java:259)
	at org.testng.SuiteRunnerWorker.runSuite(SuiteRunnerWorker.java:52)
	at org.testng.SuiteRunnerWorker.run(SuiteRunnerWorker.java:86)
	at org.testng.TestNG.runSuitesSequentially(TestNG.java:1199)
	at org.testng.TestNG.runSuitesLocally(TestNG.java:1124)
	at org.testng.TestNG.run(TestNG.java:1032)
	at org.testng.remote.AbstractRemoteTestNG.run(AbstractRemoteTestNG.java:115)
	at org.testng.remote.RemoteTestNG.initAndRun(RemoteTestNG.java:251)
	at org.testng.remote.RemoteTestNG.main(RemoteTestNG.java:77)
</pre></div><a href='#' onClick='toggleBox("stack-trace482614135", this, "Click to show all stack frames", "Click to hide stack frames")'>Click to show all stack frames</a>
<div class='stack-trace' id='stack-trace482614135'><pre>java.lang.AssertionError: slot id: 9be28769-4207-4d51-8063-dc8e645383b2 is not present
	at org.testng.Assert.fail(Assert.java:94)
	at twc.Automation.General.Utils.verifyAAX_SlotId(Utils.java:543)
	at twc.Automation.ExecutableTestCases.smokeTestCases.Smoke_Test_amazon_aax_Hourly_preroll_adcall_killLaunch(smokeTestCases.java:734)
	at sun.reflect.NativeMethodAccessorImpl.invoke0(Native Method)
	at sun.reflect.NativeMethodAccessorImpl.invoke(NativeMethodAccessorImpl.java:62)
	at sun.reflect.DelegatingMethodAccessorImpl.invoke(DelegatingMethodAccessorImpl.java:43)
	at java.lang.reflect.Method.invoke(Method.java:498)
	at org.testng.internal.MethodInvocationHelper.invokeMethod(MethodInvocationHelper.java:85)
	at org.testng.internal.Invoker.invokeMethod(Invoker.java:659)
	at org.testng.internal.Invoker.invokeTestMethod(Invoker.java:845)
	at org.testng.internal.Invoker.invokeTestMethods(Invoker.java:1153)
	at org.testng.internal.TestMethodWorker.invokeTestMethods(TestMethodWorker.java:125)
	at org.testng.internal.TestMethodWorker.run(TestMethodWorker.java:108)
	at org.testng.TestRunner.privateRun(TestRunner.java:771)
	at org.testng.TestRunner.run(TestRunner.java:621)
	at org.testng.SuiteRunner.runTest(SuiteRunner.java:357)
	at org.testng.SuiteRunner.runSequentially(SuiteRunner.java:352)
	at org.testng.SuiteRunner.privateRun(SuiteRunner.java:310)
	at org.testng.SuiteRunner.run(SuiteRunner.java:259)
	at org.testng.SuiteRunnerWorker.runSuite(SuiteRunnerWorker.java:52)
	at org.testng.SuiteRunnerWorker.run(SuiteRunnerWorker.java:86)
	at org.testng.TestNG.runSuitesSequentially(TestNG.java:1199)
	at org.testng.TestNG.runSuitesLocally(TestNG.java:1124)
	at org.testng.TestNG.run(TestNG.java:1032)
	at org.testng.remote.AbstractRemoteTestNG.run(AbstractRemoteTestNG.java:115)
	at org.testng.remote.RemoteTestNG.initAndRun(RemoteTestNG.java:251)
	at org.testng.remote.RemoteTestNG.main(RemoteTestNG.java:77)
</pre></div></td>
<td>0</td>
<td>twc.Automation.ExecutableTestCases.smokeTestCases@bc57b40</td></tr>
<tr>
<td title='twc.Automation.ExecutableTestCases.smokeTestCases.Smoke_Test_amazon_aax_mapsdetails_preload_adcall()'><b>Smoke_Test_amazon_aax_mapsdetails_preload_adcall</b><br>Test class: twc.Automation.ExecutableTestCases.smokeTestCases</td>
<td><div><pre>java.lang.AssertionError: slot id: 5db1161b-b504-4640-9496-dfe6284f84ab is not present
	at org.testng.Assert.fail(Assert.java:94)
	at twc.Automation.General.Utils.verifyAAX_SlotId(Utils.java:543)
	at twc.Automation.ExecutableTestCases.smokeTestCases.Smoke_Test_amazon_aax_mapsdetails_preload_adcall(smokeTestCases.java:782)
	at sun.reflect.NativeMethodAccessorImpl.invoke0(Native Method)
	at sun.reflect.NativeMethodAccessorImpl.invoke(NativeMethodAccessorImpl.java:62)
	at sun.reflect.DelegatingMethodAccessorImpl.invoke(DelegatingMethodAccessorImpl.java:43)
	at java.lang.reflect.Method.invoke(Method.java:498)
	at org.testng.internal.MethodInvocationHelper.invokeMethod(MethodInvocationHelper.java:85)
	at org.testng.internal.Invoker.invokeMethod(Invoker.java:659)
	at org.testng.internal.Invoker.invokeTestMethod(Invoker.java:845)
	at org.testng.internal.Invoker.invokeTestMethods(Invoker.java:1153)
	at org.testng.internal.TestMethodWorker.invokeTestMethods(TestMethodWorker.java:125)
	at org.testng.internal.TestMethodWorker.run(TestMethodWorker.java:108)
	at org.testng.TestRunner.privateRun(TestRunner.java:771)
	at org.testng.TestRunner.run(TestRunner.java:621)
	at org.testng.SuiteRunner.runTest(SuiteRunner.java:357)
	at org.testng.SuiteRunner.runSequentially(SuiteRunner.java:352)
	at org.testng.SuiteRunner.privateRun(SuiteRunner.java:310)
	at org.testng.SuiteRunner.run(SuiteRunner.java:259)
	at org.testng.SuiteRunnerWorker.runSuite(SuiteRunnerWorker.java:52)
	at org.testng.SuiteRunnerWorker.run(SuiteRunnerWorker.java:86)
	at org.testng.TestNG.runSuitesSequentially(TestNG.java:1199)
	at org.testng.TestNG.runSuitesLocally(TestNG.java:1124)
	at org.testng.TestNG.run(TestNG.java:1032)
	at org.testng.remote.AbstractRemoteTestNG.run(AbstractRemoteTestNG.java:115)
	at org.testng.remote.RemoteTestNG.initAndRun(RemoteTestNG.java:251)
	at org.testng.remote.RemoteTestNG.main(RemoteTestNG.java:77)
</pre></div><a href='#' onClick='toggleBox("stack-trace1294534487", this, "Click to show all stack frames", "Click to hide stack frames")'>Click to show all stack frames</a>
<div class='stack-trace' id='stack-trace1294534487'><pre>java.lang.AssertionError: slot id: 5db1161b-b504-4640-9496-dfe6284f84ab is not present
	at org.testng.Assert.fail(Assert.java:94)
	at twc.Automation.General.Utils.verifyAAX_SlotId(Utils.java:543)
	at twc.Automation.ExecutableTestCases.smokeTestCases.Smoke_Test_amazon_aax_mapsdetails_preload_adcall(smokeTestCases.java:782)
	at sun.reflect.NativeMethodAccessorImpl.invoke0(Native Method)
	at sun.reflect.NativeMethodAccessorImpl.invoke(NativeMethodAccessorImpl.java:62)
	at sun.reflect.DelegatingMethodAccessorImpl.invoke(DelegatingMethodAccessorImpl.java:43)
	at java.lang.reflect.Method.invoke(Method.java:498)
	at org.testng.internal.MethodInvocationHelper.invokeMethod(MethodInvocationHelper.java:85)
	at org.testng.internal.Invoker.invokeMethod(Invoker.java:659)
	at org.testng.internal.Invoker.invokeTestMethod(Invoker.java:845)
	at org.testng.internal.Invoker.invokeTestMethods(Invoker.java:1153)
	at org.testng.internal.TestMethodWorker.invokeTestMethods(TestMethodWorker.java:125)
	at org.testng.internal.TestMethodWorker.run(TestMethodWorker.java:108)
	at org.testng.TestRunner.privateRun(TestRunner.java:771)
	at org.testng.TestRunner.run(TestRunner.java:621)
	at org.testng.SuiteRunner.runTest(SuiteRunner.java:357)
	at org.testng.SuiteRunner.runSequentially(SuiteRunner.java:352)
	at org.testng.SuiteRunner.privateRun(SuiteRunner.java:310)
	at org.testng.SuiteRunner.run(SuiteRunner.java:259)
	at org.testng.SuiteRunnerWorker.runSuite(SuiteRunnerWorker.java:52)
	at org.testng.SuiteRunnerWorker.run(SuiteRunnerWorker.java:86)
	at org.testng.TestNG.runSuitesSequentially(TestNG.java:1199)
	at org.testng.TestNG.runSuitesLocally(TestNG.java:1124)
	at org.testng.TestNG.run(TestNG.java:1032)
	at org.testng.remote.AbstractRemoteTestNG.run(AbstractRemoteTestNG.java:115)
	at org.testng.remote.RemoteTestNG.initAndRun(RemoteTestNG.java:251)
	at org.testng.remote.RemoteTestNG.main(RemoteTestNG.java:77)
</pre></div></td>
<td>0</td>
<td>twc.Automation.ExecutableTestCases.smokeTestCases@bc57b40</td></tr>
<tr>
<td title='twc.Automation.ExecutableTestCases.smokeTestCases.Smoke_Test_amazon_aax_preload_video_adcall()'><b>Smoke_Test_amazon_aax_preload_video_adcall</b><br>Test class: twc.Automation.ExecutableTestCases.smokeTestCases</td>
<td><div><pre>java.lang.AssertionError: slot id: f71b7e17-6e34-4f6c-98f6-bbbe9f55586c is not present
	at org.testng.Assert.fail(Assert.java:94)
	at twc.Automation.General.Utils.verifyAAX_SlotId(Utils.java:543)
	at twc.Automation.ExecutableTestCases.smokeTestCases.Smoke_Test_amazon_aax_preload_video_adcall(smokeTestCases.java:804)
	at sun.reflect.NativeMethodAccessorImpl.invoke0(Native Method)
	at sun.reflect.NativeMethodAccessorImpl.invoke(NativeMethodAccessorImpl.java:62)
	at sun.reflect.DelegatingMethodAccessorImpl.invoke(DelegatingMethodAccessorImpl.java:43)
	at java.lang.reflect.Method.invoke(Method.java:498)
	at org.testng.internal.MethodInvocationHelper.invokeMethod(MethodInvocationHelper.java:85)
	at org.testng.internal.Invoker.invokeMethod(Invoker.java:659)
	at org.testng.internal.Invoker.invokeTestMethod(Invoker.java:845)
	at org.testng.internal.Invoker.invokeTestMethods(Invoker.java:1153)
	at org.testng.internal.TestMethodWorker.invokeTestMethods(TestMethodWorker.java:125)
	at org.testng.internal.TestMethodWorker.run(TestMethodWorker.java:108)
	at org.testng.TestRunner.privateRun(TestRunner.java:771)
	at org.testng.TestRunner.run(TestRunner.java:621)
	at org.testng.SuiteRunner.runTest(SuiteRunner.java:357)
	at org.testng.SuiteRunner.runSequentially(SuiteRunner.java:352)
	at org.testng.SuiteRunner.privateRun(SuiteRunner.java:310)
	at org.testng.SuiteRunner.run(SuiteRunner.java:259)
	at org.testng.SuiteRunnerWorker.runSuite(SuiteRunnerWorker.java:52)
	at org.testng.SuiteRunnerWorker.run(SuiteRunnerWorker.java:86)
	at org.testng.TestNG.runSuitesSequentially(TestNG.java:1199)
	at org.testng.TestNG.runSuitesLocally(TestNG.java:1124)
	at org.testng.TestNG.run(TestNG.java:1032)
	at org.testng.remote.AbstractRemoteTestNG.run(AbstractRemoteTestNG.java:115)
	at org.testng.remote.RemoteTestNG.initAndRun(RemoteTestNG.java:251)
	at org.testng.remote.RemoteTestNG.main(RemoteTestNG.java:77)
</pre></div><a href='#' onClick='toggleBox("stack-trace985702731", this, "Click to show all stack frames", "Click to hide stack frames")'>Click to show all stack frames</a>
<div class='stack-trace' id='stack-trace985702731'><pre>java.lang.AssertionError: slot id: f71b7e17-6e34-4f6c-98f6-bbbe9f55586c is not present
	at org.testng.Assert.fail(Assert.java:94)
	at twc.Automation.General.Utils.verifyAAX_SlotId(Utils.java:543)
	at twc.Automation.ExecutableTestCases.smokeTestCases.Smoke_Test_amazon_aax_preload_video_adcall(smokeTestCases.java:804)
	at sun.reflect.NativeMethodAccessorImpl.invoke0(Native Method)
	at sun.reflect.NativeMethodAccessorImpl.invoke(NativeMethodAccessorImpl.java:62)
	at sun.reflect.DelegatingMethodAccessorImpl.invoke(DelegatingMethodAccessorImpl.java:43)
	at java.lang.reflect.Method.invoke(Method.java:498)
	at org.testng.internal.MethodInvocationHelper.invokeMethod(MethodInvocationHelper.java:85)
	at org.testng.internal.Invoker.invokeMethod(Invoker.java:659)
	at org.testng.internal.Invoker.invokeTestMethod(Invoker.java:845)
	at org.testng.internal.Invoker.invokeTestMethods(Invoker.java:1153)
	at org.testng.internal.TestMethodWorker.invokeTestMethods(TestMethodWorker.java:125)
	at org.testng.internal.TestMethodWorker.run(TestMethodWorker.java:108)
	at org.testng.TestRunner.privateRun(TestRunner.java:771)
	at org.testng.TestRunner.run(TestRunner.java:621)
	at org.testng.SuiteRunner.runTest(SuiteRunner.java:357)
	at org.testng.SuiteRunner.runSequentially(SuiteRunner.java:352)
	at org.testng.SuiteRunner.privateRun(SuiteRunner.java:310)
	at org.testng.SuiteRunner.run(SuiteRunner.java:259)
	at org.testng.SuiteRunnerWorker.runSuite(SuiteRunnerWorker.java:52)
	at org.testng.SuiteRunnerWorker.run(SuiteRunnerWorker.java:86)
	at org.testng.TestNG.runSuitesSequentially(TestNG.java:1199)
	at org.testng.TestNG.runSuitesLocally(TestNG.java:1124)
	at org.testng.TestNG.run(TestNG.java:1032)
	at org.testng.remote.AbstractRemoteTestNG.run(AbstractRemoteTestNG.java:115)
	at org.testng.remote.RemoteTestNG.initAndRun(RemoteTestNG.java:251)
	at org.testng.remote.RemoteTestNG.main(RemoteTestNG.java:77)
</pre></div></td>
<td>0</td>
<td>twc.Automation.ExecutableTestCases.smokeTestCases@bc57b40</td></tr>
<tr>
<td title='twc.Automation.ExecutableTestCases.smokeTestCases.Validate_Amazon_SDK_adsdk_parameter()'><b>Validate_Amazon_SDK_adsdk_parameter</b><br>Test class: twc.Automation.ExecutableTestCases.smokeTestCases</td>
<td><div><pre>java.lang.AssertionError: Android10 call is not present in Charles session, hence Custom Parameter: adsdk validation skipped
	at org.testng.Assert.fail(Assert.java:94)
	at twc.Automation.General.Utils.validate_Amazon_aax_call_parameter(Utils.java:8505)
	at twc.Automation.ExecutableTestCases.smokeTestCases.Validate_Amazon_SDK_adsdk_parameter(smokeTestCases.java:885)
	at sun.reflect.NativeMethodAccessorImpl.invoke0(Native Method)
	at sun.reflect.NativeMethodAccessorImpl.invoke(NativeMethodAccessorImpl.java:62)
	at sun.reflect.DelegatingMethodAccessorImpl.invoke(DelegatingMethodAccessorImpl.java:43)
	at java.lang.reflect.Method.invoke(Method.java:498)
	at org.testng.internal.MethodInvocationHelper.invokeMethod(MethodInvocationHelper.java:85)
	at org.testng.internal.Invoker.invokeMethod(Invoker.java:659)
	at org.testng.internal.Invoker.invokeTestMethod(Invoker.java:845)
	at org.testng.internal.Invoker.invokeTestMethods(Invoker.java:1153)
	at org.testng.internal.TestMethodWorker.invokeTestMethods(TestMethodWorker.java:125)
	at org.testng.internal.TestMethodWorker.run(TestMethodWorker.java:108)
	at org.testng.TestRunner.privateRun(TestRunner.java:771)
	at org.testng.TestRunner.run(TestRunner.java:621)
	at org.testng.SuiteRunner.runTest(SuiteRunner.java:357)
	at org.testng.SuiteRunner.runSequentially(SuiteRunner.java:352)
	at org.testng.SuiteRunner.privateRun(SuiteRunner.java:310)
	at org.testng.SuiteRunner.run(SuiteRunner.java:259)
	at org.testng.SuiteRunnerWorker.runSuite(SuiteRunnerWorker.java:52)
	at org.testng.SuiteRunnerWorker.run(SuiteRunnerWorker.java:86)
	at org.testng.TestNG.runSuitesSequentially(TestNG.java:1199)
	at org.testng.TestNG.runSuitesLocally(TestNG.java:1124)
	at org.testng.TestNG.run(TestNG.java:1032)
	at org.testng.remote.AbstractRemoteTestNG.run(AbstractRemoteTestNG.java:115)
	at org.testng.remote.RemoteTestNG.initAndRun(RemoteTestNG.java:251)
	at org.testng.remote.RemoteTestNG.main(RemoteTestNG.java:77)
</pre></div><a href='#' onClick='toggleBox("stack-trace1491089257", this, "Click to show all stack frames", "Click to hide stack frames")'>Click to show all stack frames</a>
<div class='stack-trace' id='stack-trace1491089257'><pre>java.lang.AssertionError: Android10 call is not present in Charles session, hence Custom Parameter: adsdk validation skipped
	at org.testng.Assert.fail(Assert.java:94)
	at twc.Automation.General.Utils.validate_Amazon_aax_call_parameter(Utils.java:8505)
	at twc.Automation.ExecutableTestCases.smokeTestCases.Validate_Amazon_SDK_adsdk_parameter(smokeTestCases.java:885)
	at sun.reflect.NativeMethodAccessorImpl.invoke0(Native Method)
	at sun.reflect.NativeMethodAccessorImpl.invoke(NativeMethodAccessorImpl.java:62)
	at sun.reflect.DelegatingMethodAccessorImpl.invoke(DelegatingMethodAccessorImpl.java:43)
	at java.lang.reflect.Method.invoke(Method.java:498)
	at org.testng.internal.MethodInvocationHelper.invokeMethod(MethodInvocationHelper.java:85)
	at org.testng.internal.Invoker.invokeMethod(Invoker.java:659)
	at org.testng.internal.Invoker.invokeTestMethod(Invoker.java:845)
	at org.testng.internal.Invoker.invokeTestMethods(Invoker.java:1153)
	at org.testng.internal.TestMethodWorker.invokeTestMethods(TestMethodWorker.java:125)
	at org.testng.internal.TestMethodWorker.run(TestMethodWorker.java:108)
	at org.testng.TestRunner.privateRun(TestRunner.java:771)
	at org.testng.TestRunner.run(TestRunner.java:621)
	at org.testng.SuiteRunner.runTest(SuiteRunner.java:357)
	at org.testng.SuiteRunner.runSequentially(SuiteRunner.java:352)
	at org.testng.SuiteRunner.privateRun(SuiteRunner.java:310)
	at org.testng.SuiteRunner.run(SuiteRunner.java:259)
	at org.testng.SuiteRunnerWorker.runSuite(SuiteRunnerWorker.java:52)
	at org.testng.SuiteRunnerWorker.run(SuiteRunnerWorker.java:86)
	at org.testng.TestNG.runSuitesSequentially(TestNG.java:1199)
	at org.testng.TestNG.runSuitesLocally(TestNG.java:1124)
	at org.testng.TestNG.run(TestNG.java:1032)
	at org.testng.remote.AbstractRemoteTestNG.run(AbstractRemoteTestNG.java:115)
	at org.testng.remote.RemoteTestNG.initAndRun(RemoteTestNG.java:251)
	at org.testng.remote.RemoteTestNG.main(RemoteTestNG.java:77)
</pre></div></td>
<td>0</td>
<td>twc.Automation.ExecutableTestCases.smokeTestCases@bc57b40</td></tr>
<tr>
<td title='twc.Automation.ExecutableTestCases.smokeTestCases.Validate_Criteo_SDK_Bidder_API_Call_Response_Code()'><b>Validate_Criteo_SDK_Bidder_API_Call_Response_Code</b><br>Test class: twc.Automation.ExecutableTestCases.smokeTestCases</td>
<td><div><pre>java.lang.AssertionError: bidder.criteo.com/config/app call is not present in Charles session, hence response code validation is failed
	at org.testng.Assert.fail(Assert.java:94)
	at twc.Automation.General.Utils.verifyCriteo_inapp_v2_Call_ReponseStatusCode(Utils.java:6735)
	at twc.Automation.ExecutableTestCases.smokeTestCases.Validate_Criteo_SDK_Bidder_API_Call_Response_Code(smokeTestCases.java:860)
	at sun.reflect.NativeMethodAccessorImpl.invoke0(Native Method)
	at sun.reflect.NativeMethodAccessorImpl.invoke(NativeMethodAccessorImpl.java:62)
	at sun.reflect.DelegatingMethodAccessorImpl.invoke(DelegatingMethodAccessorImpl.java:43)
	at java.lang.reflect.Method.invoke(Method.java:498)
	at org.testng.internal.MethodInvocationHelper.invokeMethod(MethodInvocationHelper.java:85)
	at org.testng.internal.Invoker.invokeMethod(Invoker.java:659)
	at org.testng.internal.Invoker.invokeTestMethod(Invoker.java:845)
	at org.testng.internal.Invoker.invokeTestMethods(Invoker.java:1153)
	at org.testng.internal.TestMethodWorker.invokeTestMethods(TestMethodWorker.java:125)
	at org.testng.internal.TestMethodWorker.run(TestMethodWorker.java:108)
	at org.testng.TestRunner.privateRun(TestRunner.java:771)
	at org.testng.TestRunner.run(TestRunner.java:621)
	at org.testng.SuiteRunner.runTest(SuiteRunner.java:357)
	at org.testng.SuiteRunner.runSequentially(SuiteRunner.java:352)
	at org.testng.SuiteRunner.privateRun(SuiteRunner.java:310)
	at org.testng.SuiteRunner.run(SuiteRunner.java:259)
	at org.testng.SuiteRunnerWorker.runSuite(SuiteRunnerWorker.java:52)
	at org.testng.SuiteRunnerWorker.run(SuiteRunnerWorker.java:86)
	at org.testng.TestNG.runSuitesSequentially(TestNG.java:1199)
	at org.testng.TestNG.runSuitesLocally(TestNG.java:1124)
	at org.testng.TestNG.run(TestNG.java:1032)
	at org.testng.remote.AbstractRemoteTestNG.run(AbstractRemoteTestNG.java:115)
	at org.testng.remote.RemoteTestNG.initAndRun(RemoteTestNG.java:251)
	at org.testng.remote.RemoteTestNG.main(RemoteTestNG.java:77)
</pre></div><a href='#' onClick='toggleBox("stack-trace1797578199", this, "Click to show all stack frames", "Click to hide stack frames")'>Click to show all stack frames</a>
<div class='stack-trace' id='stack-trace1797578199'><pre>java.lang.AssertionError: bidder.criteo.com/config/app call is not present in Charles session, hence response code validation is failed
	at org.testng.Assert.fail(Assert.java:94)
	at twc.Automation.General.Utils.verifyCriteo_inapp_v2_Call_ReponseStatusCode(Utils.java:6735)
	at twc.Automation.ExecutableTestCases.smokeTestCases.Validate_Criteo_SDK_Bidder_API_Call_Response_Code(smokeTestCases.java:860)
	at sun.reflect.NativeMethodAccessorImpl.invoke0(Native Method)
	at sun.reflect.NativeMethodAccessorImpl.invoke(NativeMethodAccessorImpl.java:62)
	at sun.reflect.DelegatingMethodAccessorImpl.invoke(DelegatingMethodAccessorImpl.java:43)
	at java.lang.reflect.Method.invoke(Method.java:498)
	at org.testng.internal.MethodInvocationHelper.invokeMethod(MethodInvocationHelper.java:85)
	at org.testng.internal.Invoker.invokeMethod(Invoker.java:659)
	at org.testng.internal.Invoker.invokeTestMethod(Invoker.java:845)
	at org.testng.internal.Invoker.invokeTestMethods(Invoker.java:1153)
	at org.testng.internal.TestMethodWorker.invokeTestMethods(TestMethodWorker.java:125)
	at org.testng.internal.TestMethodWorker.run(TestMethodWorker.java:108)
	at org.testng.TestRunner.privateRun(TestRunner.java:771)
	at org.testng.TestRunner.run(TestRunner.java:621)
	at org.testng.SuiteRunner.runTest(SuiteRunner.java:357)
	at org.testng.SuiteRunner.runSequentially(SuiteRunner.java:352)
	at org.testng.SuiteRunner.privateRun(SuiteRunner.java:310)
	at org.testng.SuiteRunner.run(SuiteRunner.java:259)
	at org.testng.SuiteRunnerWorker.runSuite(SuiteRunnerWorker.java:52)
	at org.testng.SuiteRunnerWorker.run(SuiteRunnerWorker.java:86)
	at org.testng.TestNG.runSuitesSequentially(TestNG.java:1199)
	at org.testng.TestNG.runSuitesLocally(TestNG.java:1124)
	at org.testng.TestNG.run(TestNG.java:1032)
	at org.testng.remote.AbstractRemoteTestNG.run(AbstractRemoteTestNG.java:115)
	at org.testng.remote.RemoteTestNG.initAndRun(RemoteTestNG.java:251)
	at org.testng.remote.RemoteTestNG.main(RemoteTestNG.java:77)
</pre></div></td>
<td>0</td>
<td>twc.Automation.ExecutableTestCases.smokeTestCases@bc57b40</td></tr>
<tr>
<td title='twc.Automation.ExecutableTestCases.smokeTestCases.Validate_Criteo_SDK_Initialization_API_Call_Response_Code()'><b>Validate_Criteo_SDK_Initialization_API_Call_Response_Code</b><br>Test class: twc.Automation.ExecutableTestCases.smokeTestCases</td>
<td><div><pre>java.lang.AssertionError: bidder.criteo.com/config/app call is not present in Charles session, hence response code validation is failed
	at org.testng.Assert.fail(Assert.java:94)
	at twc.Automation.General.Utils.verifyCriteo_config_app_Call_ReponseStatusCode(Utils.java:6998)
	at twc.Automation.ExecutableTestCases.smokeTestCases.Validate_Criteo_SDK_Initialization_API_Call_Response_Code(smokeTestCases.java:873)
	at sun.reflect.NativeMethodAccessorImpl.invoke0(Native Method)
	at sun.reflect.NativeMethodAccessorImpl.invoke(NativeMethodAccessorImpl.java:62)
	at sun.reflect.DelegatingMethodAccessorImpl.invoke(DelegatingMethodAccessorImpl.java:43)
	at java.lang.reflect.Method.invoke(Method.java:498)
	at org.testng.internal.MethodInvocationHelper.invokeMethod(MethodInvocationHelper.java:85)
	at org.testng.internal.Invoker.invokeMethod(Invoker.java:659)
	at org.testng.internal.Invoker.invokeTestMethod(Invoker.java:845)
	at org.testng.internal.Invoker.invokeTestMethods(Invoker.java:1153)
	at org.testng.internal.TestMethodWorker.invokeTestMethods(TestMethodWorker.java:125)
	at org.testng.internal.TestMethodWorker.run(TestMethodWorker.java:108)
	at org.testng.TestRunner.privateRun(TestRunner.java:771)
	at org.testng.TestRunner.run(TestRunner.java:621)
	at org.testng.SuiteRunner.runTest(SuiteRunner.java:357)
	at org.testng.SuiteRunner.runSequentially(SuiteRunner.java:352)
	at org.testng.SuiteRunner.privateRun(SuiteRunner.java:310)
	at org.testng.SuiteRunner.run(SuiteRunner.java:259)
	at org.testng.SuiteRunnerWorker.runSuite(SuiteRunnerWorker.java:52)
	at org.testng.SuiteRunnerWorker.run(SuiteRunnerWorker.java:86)
	at org.testng.TestNG.runSuitesSequentially(TestNG.java:1199)
	at org.testng.TestNG.runSuitesLocally(TestNG.java:1124)
	at org.testng.TestNG.run(TestNG.java:1032)
	at org.testng.remote.AbstractRemoteTestNG.run(AbstractRemoteTestNG.java:115)
	at org.testng.remote.RemoteTestNG.initAndRun(RemoteTestNG.java:251)
	at org.testng.remote.RemoteTestNG.main(RemoteTestNG.java:77)
</pre></div><a href='#' onClick='toggleBox("stack-trace1635975151", this, "Click to show all stack frames", "Click to hide stack frames")'>Click to show all stack frames</a>
<div class='stack-trace' id='stack-trace1635975151'><pre>java.lang.AssertionError: bidder.criteo.com/config/app call is not present in Charles session, hence response code validation is failed
	at org.testng.Assert.fail(Assert.java:94)
	at twc.Automation.General.Utils.verifyCriteo_config_app_Call_ReponseStatusCode(Utils.java:6998)
	at twc.Automation.ExecutableTestCases.smokeTestCases.Validate_Criteo_SDK_Initialization_API_Call_Response_Code(smokeTestCases.java:873)
	at sun.reflect.NativeMethodAccessorImpl.invoke0(Native Method)
	at sun.reflect.NativeMethodAccessorImpl.invoke(NativeMethodAccessorImpl.java:62)
	at sun.reflect.DelegatingMethodAccessorImpl.invoke(DelegatingMethodAccessorImpl.java:43)
	at java.lang.reflect.Method.invoke(Method.java:498)
	at org.testng.internal.MethodInvocationHelper.invokeMethod(MethodInvocationHelper.java:85)
	at org.testng.internal.Invoker.invokeMethod(Invoker.java:659)
	at org.testng.internal.Invoker.invokeTestMethod(Invoker.java:845)
	at org.testng.internal.Invoker.invokeTestMethods(Invoker.java:1153)
	at org.testng.internal.TestMethodWorker.invokeTestMethods(TestMethodWorker.java:125)
	at org.testng.internal.TestMethodWorker.run(TestMethodWorker.java:108)
	at org.testng.TestRunner.privateRun(TestRunner.java:771)
	at org.testng.TestRunner.run(TestRunner.java:621)
	at org.testng.SuiteRunner.runTest(SuiteRunner.java:357)
	at org.testng.SuiteRunner.runSequentially(SuiteRunner.java:352)
	at org.testng.SuiteRunner.privateRun(SuiteRunner.java:310)
	at org.testng.SuiteRunner.run(SuiteRunner.java:259)
	at org.testng.SuiteRunnerWorker.runSuite(SuiteRunnerWorker.java:52)
	at org.testng.SuiteRunnerWorker.run(SuiteRunnerWorker.java:86)
	at org.testng.TestNG.runSuitesSequentially(TestNG.java:1199)
	at org.testng.TestNG.runSuitesLocally(TestNG.java:1124)
	at org.testng.TestNG.run(TestNG.java:1032)
	at org.testng.remote.AbstractRemoteTestNG.run(AbstractRemoteTestNG.java:115)
	at org.testng.remote.RemoteTestNG.initAndRun(RemoteTestNG.java:251)
	at org.testng.remote.RemoteTestNG.main(RemoteTestNG.java:77)
</pre></div></td>
<td>0</td>
<td>twc.Automation.ExecutableTestCases.smokeTestCases@bc57b40</td></tr>
<tr>
<td title='twc.Automation.ExecutableTestCases.smokeTestCases.Validate_Criteo_SDK_Initialization_API_Call_Response_Parameter_csmEnabled()'><b>Validate_Criteo_SDK_Initialization_API_Call_Response_Parameter_csmEnabled</b><br>Test class: twc.Automation.ExecutableTestCases.smokeTestCases</td>
<td><div><pre>java.lang.AssertionError: bidder.criteo.com/config/app call is not present in Charles session, hence Custom Parameter: csmEnabled validation skipped
	at org.testng.Assert.fail(Assert.java:94)
	at twc.Automation.General.Utils.validate_Criteo_SDK_config_app_call_response_parameter(Utils.java:7044)
	at twc.Automation.ExecutableTestCases.smokeTestCases.Validate_Criteo_SDK_Initialization_API_Call_Response_Parameter_csmEnabled(smokeTestCases.java:900)
	at sun.reflect.NativeMethodAccessorImpl.invoke0(Native Method)
	at sun.reflect.NativeMethodAccessorImpl.invoke(NativeMethodAccessorImpl.java:62)
	at sun.reflect.DelegatingMethodAccessorImpl.invoke(DelegatingMethodAccessorImpl.java:43)
	at java.lang.reflect.Method.invoke(Method.java:498)
	at org.testng.internal.MethodInvocationHelper.invokeMethod(MethodInvocationHelper.java:85)
	at org.testng.internal.Invoker.invokeMethod(Invoker.java:659)
	at org.testng.internal.Invoker.invokeTestMethod(Invoker.java:845)
	at org.testng.internal.Invoker.invokeTestMethods(Invoker.java:1153)
	at org.testng.internal.TestMethodWorker.invokeTestMethods(TestMethodWorker.java:125)
	at org.testng.internal.TestMethodWorker.run(TestMethodWorker.java:108)
	at org.testng.TestRunner.privateRun(TestRunner.java:771)
	at org.testng.TestRunner.run(TestRunner.java:621)
	at org.testng.SuiteRunner.runTest(SuiteRunner.java:357)
	at org.testng.SuiteRunner.runSequentially(SuiteRunner.java:352)
	at org.testng.SuiteRunner.privateRun(SuiteRunner.java:310)
	at org.testng.SuiteRunner.run(SuiteRunner.java:259)
	at org.testng.SuiteRunnerWorker.runSuite(SuiteRunnerWorker.java:52)
	at org.testng.SuiteRunnerWorker.run(SuiteRunnerWorker.java:86)
	at org.testng.TestNG.runSuitesSequentially(TestNG.java:1199)
	at org.testng.TestNG.runSuitesLocally(TestNG.java:1124)
	at org.testng.TestNG.run(TestNG.java:1032)
	at org.testng.remote.AbstractRemoteTestNG.run(AbstractRemoteTestNG.java:115)
	at org.testng.remote.RemoteTestNG.initAndRun(RemoteTestNG.java:251)
	at org.testng.remote.RemoteTestNG.main(RemoteTestNG.java:77)
</pre></div><a href='#' onClick='toggleBox("stack-trace236333621", this, "Click to show all stack frames", "Click to hide stack frames")'>Click to show all stack frames</a>
<div class='stack-trace' id='stack-trace236333621'><pre>java.lang.AssertionError: bidder.criteo.com/config/app call is not present in Charles session, hence Custom Parameter: csmEnabled validation skipped
	at org.testng.Assert.fail(Assert.java:94)
	at twc.Automation.General.Utils.validate_Criteo_SDK_config_app_call_response_parameter(Utils.java:7044)
	at twc.Automation.ExecutableTestCases.smokeTestCases.Validate_Criteo_SDK_Initialization_API_Call_Response_Parameter_csmEnabled(smokeTestCases.java:900)
	at sun.reflect.NativeMethodAccessorImpl.invoke0(Native Method)
	at sun.reflect.NativeMethodAccessorImpl.invoke(NativeMethodAccessorImpl.java:62)
	at sun.reflect.DelegatingMethodAccessorImpl.invoke(DelegatingMethodAccessorImpl.java:43)
	at java.lang.reflect.Method.invoke(Method.java:498)
	at org.testng.internal.MethodInvocationHelper.invokeMethod(MethodInvocationHelper.java:85)
	at org.testng.internal.Invoker.invokeMethod(Invoker.java:659)
	at org.testng.internal.Invoker.invokeTestMethod(Invoker.java:845)
	at org.testng.internal.Invoker.invokeTestMethods(Invoker.java:1153)
	at org.testng.internal.TestMethodWorker.invokeTestMethods(TestMethodWorker.java:125)
	at org.testng.internal.TestMethodWorker.run(TestMethodWorker.java:108)
	at org.testng.TestRunner.privateRun(TestRunner.java:771)
	at org.testng.TestRunner.run(TestRunner.java:621)
	at org.testng.SuiteRunner.runTest(SuiteRunner.java:357)
	at org.testng.SuiteRunner.runSequentially(SuiteRunner.java:352)
	at org.testng.SuiteRunner.privateRun(SuiteRunner.java:310)
	at org.testng.SuiteRunner.run(SuiteRunner.java:259)
	at org.testng.SuiteRunnerWorker.runSuite(SuiteRunnerWorker.java:52)
	at org.testng.SuiteRunnerWorker.run(SuiteRunnerWorker.java:86)
	at org.testng.TestNG.runSuitesSequentially(TestNG.java:1199)
	at org.testng.TestNG.runSuitesLocally(TestNG.java:1124)
	at org.testng.TestNG.run(TestNG.java:1032)
	at org.testng.remote.AbstractRemoteTestNG.run(AbstractRemoteTestNG.java:115)
	at org.testng.remote.RemoteTestNG.initAndRun(RemoteTestNG.java:251)
	at org.testng.remote.RemoteTestNG.main(RemoteTestNG.java:77)
</pre></div></td>
<td>0</td>
<td>twc.Automation.ExecutableTestCases.smokeTestCases@bc57b40</td></tr>
<tr>
<td title='twc.Automation.ExecutableTestCases.smokeTestCases.Validate_Criteo_SDK_Initialization_API_Call_Response_Parameter_liveBiddingEnabled()'><b>Validate_Criteo_SDK_Initialization_API_Call_Response_Parameter_liveBiddingEnabled</b><br>Test class: twc.Automation.ExecutableTestCases.smokeTestCases</td>
<td><div><pre>java.lang.AssertionError: bidder.criteo.com/config/app call is not present in Charles session, hence Custom Parameter: liveBiddingEnabled validation skipped
	at org.testng.Assert.fail(Assert.java:94)
	at twc.Automation.General.Utils.validate_Criteo_SDK_config_app_call_response_parameter(Utils.java:7044)
	at twc.Automation.ExecutableTestCases.smokeTestCases.Validate_Criteo_SDK_Initialization_API_Call_Response_Parameter_liveBiddingEnabled(smokeTestCases.java:914)
	at sun.reflect.NativeMethodAccessorImpl.invoke0(Native Method)
	at sun.reflect.NativeMethodAccessorImpl.invoke(NativeMethodAccessorImpl.java:62)
	at sun.reflect.DelegatingMethodAccessorImpl.invoke(DelegatingMethodAccessorImpl.java:43)
	at java.lang.reflect.Method.invoke(Method.java:498)
	at org.testng.internal.MethodInvocationHelper.invokeMethod(MethodInvocationHelper.java:85)
	at org.testng.internal.Invoker.invokeMethod(Invoker.java:659)
	at org.testng.internal.Invoker.invokeTestMethod(Invoker.java:845)
	at org.testng.internal.Invoker.invokeTestMethods(Invoker.java:1153)
	at org.testng.internal.TestMethodWorker.invokeTestMethods(TestMethodWorker.java:125)
	at org.testng.internal.TestMethodWorker.run(TestMethodWorker.java:108)
	at org.testng.TestRunner.privateRun(TestRunner.java:771)
	at org.testng.TestRunner.run(TestRunner.java:621)
	at org.testng.SuiteRunner.runTest(SuiteRunner.java:357)
	at org.testng.SuiteRunner.runSequentially(SuiteRunner.java:352)
	at org.testng.SuiteRunner.privateRun(SuiteRunner.java:310)
	at org.testng.SuiteRunner.run(SuiteRunner.java:259)
	at org.testng.SuiteRunnerWorker.runSuite(SuiteRunnerWorker.java:52)
	at org.testng.SuiteRunnerWorker.run(SuiteRunnerWorker.java:86)
	at org.testng.TestNG.runSuitesSequentially(TestNG.java:1199)
	at org.testng.TestNG.runSuitesLocally(TestNG.java:1124)
	at org.testng.TestNG.run(TestNG.java:1032)
	at org.testng.remote.AbstractRemoteTestNG.run(AbstractRemoteTestNG.java:115)
	at org.testng.remote.RemoteTestNG.initAndRun(RemoteTestNG.java:251)
	at org.testng.remote.RemoteTestNG.main(RemoteTestNG.java:77)
</pre></div><a href='#' onClick='toggleBox("stack-trace305242558", this, "Click to show all stack frames", "Click to hide stack frames")'>Click to show all stack frames</a>
<div class='stack-trace' id='stack-trace305242558'><pre>java.lang.AssertionError: bidder.criteo.com/config/app call is not present in Charles session, hence Custom Parameter: liveBiddingEnabled validation skipped
	at org.testng.Assert.fail(Assert.java:94)
	at twc.Automation.General.Utils.validate_Criteo_SDK_config_app_call_response_parameter(Utils.java:7044)
	at twc.Automation.ExecutableTestCases.smokeTestCases.Validate_Criteo_SDK_Initialization_API_Call_Response_Parameter_liveBiddingEnabled(smokeTestCases.java:914)
	at sun.reflect.NativeMethodAccessorImpl.invoke0(Native Method)
	at sun.reflect.NativeMethodAccessorImpl.invoke(NativeMethodAccessorImpl.java:62)
	at sun.reflect.DelegatingMethodAccessorImpl.invoke(DelegatingMethodAccessorImpl.java:43)
	at java.lang.reflect.Method.invoke(Method.java:498)
	at org.testng.internal.MethodInvocationHelper.invokeMethod(MethodInvocationHelper.java:85)
	at org.testng.internal.Invoker.invokeMethod(Invoker.java:659)
	at org.testng.internal.Invoker.invokeTestMethod(Invoker.java:845)
	at org.testng.internal.Invoker.invokeTestMethods(Invoker.java:1153)
	at org.testng.internal.TestMethodWorker.invokeTestMethods(TestMethodWorker.java:125)
	at org.testng.internal.TestMethodWorker.run(TestMethodWorker.java:108)
	at org.testng.TestRunner.privateRun(TestRunner.java:771)
	at org.testng.TestRunner.run(TestRunner.java:621)
	at org.testng.SuiteRunner.runTest(SuiteRunner.java:357)
	at org.testng.SuiteRunner.runSequentially(SuiteRunner.java:352)
	at org.testng.SuiteRunner.privateRun(SuiteRunner.java:310)
	at org.testng.SuiteRunner.run(SuiteRunner.java:259)
	at org.testng.SuiteRunnerWorker.runSuite(SuiteRunnerWorker.java:52)
	at org.testng.SuiteRunnerWorker.run(SuiteRunnerWorker.java:86)
	at org.testng.TestNG.runSuitesSequentially(TestNG.java:1199)
	at org.testng.TestNG.runSuitesLocally(TestNG.java:1124)
	at org.testng.TestNG.run(TestNG.java:1032)
	at org.testng.remote.AbstractRemoteTestNG.run(AbstractRemoteTestNG.java:115)
	at org.testng.remote.RemoteTestNG.initAndRun(RemoteTestNG.java:251)
	at org.testng.remote.RemoteTestNG.main(RemoteTestNG.java:77)
</pre></div></td>
<td>0</td>
<td>twc.Automation.ExecutableTestCases.smokeTestCases@bc57b40</td></tr>
<tr>
<td title='twc.Automation.ExecutableTestCases.smokeTestCases.Validate_Criteo_SDK_config_app_Call_bundleId_parameter()'><b>Validate_Criteo_SDK_config_app_Call_bundleId_parameter</b><br>Test class: twc.Automation.ExecutableTestCases.smokeTestCases</td>
<td><div><pre>java.lang.AssertionError: bidder.criteo.com/config/app call is not present in Charles session, hence Custom Parameter: bundleId validation skipped
	at org.testng.Assert.fail(Assert.java:94)
	at twc.Automation.General.Utils.validate_Criteo_SDK_config_app_call_parameter(Utils.java:6696)
	at twc.Automation.ExecutableTestCases.smokeTestCases.Validate_Criteo_SDK_config_app_Call_bundleId_parameter(smokeTestCases.java:847)
	at sun.reflect.NativeMethodAccessorImpl.invoke0(Native Method)
	at sun.reflect.NativeMethodAccessorImpl.invoke(NativeMethodAccessorImpl.java:62)
	at sun.reflect.DelegatingMethodAccessorImpl.invoke(DelegatingMethodAccessorImpl.java:43)
	at java.lang.reflect.Method.invoke(Method.java:498)
	at org.testng.internal.MethodInvocationHelper.invokeMethod(MethodInvocationHelper.java:85)
	at org.testng.internal.Invoker.invokeMethod(Invoker.java:659)
	at org.testng.internal.Invoker.invokeTestMethod(Invoker.java:845)
	at org.testng.internal.Invoker.invokeTestMethods(Invoker.java:1153)
	at org.testng.internal.TestMethodWorker.invokeTestMethods(TestMethodWorker.java:125)
	at org.testng.internal.TestMethodWorker.run(TestMethodWorker.java:108)
	at org.testng.TestRunner.privateRun(TestRunner.java:771)
	at org.testng.TestRunner.run(TestRunner.java:621)
	at org.testng.SuiteRunner.runTest(SuiteRunner.java:357)
	at org.testng.SuiteRunner.runSequentially(SuiteRunner.java:352)
	at org.testng.SuiteRunner.privateRun(SuiteRunner.java:310)
	at org.testng.SuiteRunner.run(SuiteRunner.java:259)
	at org.testng.SuiteRunnerWorker.runSuite(SuiteRunnerWorker.java:52)
	at org.testng.SuiteRunnerWorker.run(SuiteRunnerWorker.java:86)
	at org.testng.TestNG.runSuitesSequentially(TestNG.java:1199)
	at org.testng.TestNG.runSuitesLocally(TestNG.java:1124)
	at org.testng.TestNG.run(TestNG.java:1032)
	at org.testng.remote.AbstractRemoteTestNG.run(AbstractRemoteTestNG.java:115)
	at org.testng.remote.RemoteTestNG.initAndRun(RemoteTestNG.java:251)
	at org.testng.remote.RemoteTestNG.main(RemoteTestNG.java:77)
</pre></div><a href='#' onClick='toggleBox("stack-trace1348421068", this, "Click to show all stack frames", "Click to hide stack frames")'>Click to show all stack frames</a>
<div class='stack-trace' id='stack-trace1348421068'><pre>java.lang.AssertionError: bidder.criteo.com/config/app call is not present in Charles session, hence Custom Parameter: bundleId validation skipped
	at org.testng.Assert.fail(Assert.java:94)
	at twc.Automation.General.Utils.validate_Criteo_SDK_config_app_call_parameter(Utils.java:6696)
	at twc.Automation.ExecutableTestCases.smokeTestCases.Validate_Criteo_SDK_config_app_Call_bundleId_parameter(smokeTestCases.java:847)
	at sun.reflect.NativeMethodAccessorImpl.invoke0(Native Method)
	at sun.reflect.NativeMethodAccessorImpl.invoke(NativeMethodAccessorImpl.java:62)
	at sun.reflect.DelegatingMethodAccessorImpl.invoke(DelegatingMethodAccessorImpl.java:43)
	at java.lang.reflect.Method.invoke(Method.java:498)
	at org.testng.internal.MethodInvocationHelper.invokeMethod(MethodInvocationHelper.java:85)
	at org.testng.internal.Invoker.invokeMethod(Invoker.java:659)
	at org.testng.internal.Invoker.invokeTestMethod(Invoker.java:845)
	at org.testng.internal.Invoker.invokeTestMethods(Invoker.java:1153)
	at org.testng.internal.TestMethodWorker.invokeTestMethods(TestMethodWorker.java:125)
	at org.testng.internal.TestMethodWorker.run(TestMethodWorker.java:108)
	at org.testng.TestRunner.privateRun(TestRunner.java:771)
	at org.testng.TestRunner.run(TestRunner.java:621)
	at org.testng.SuiteRunner.runTest(SuiteRunner.java:357)
	at org.testng.SuiteRunner.runSequentially(SuiteRunner.java:352)
	at org.testng.SuiteRunner.privateRun(SuiteRunner.java:310)
	at org.testng.SuiteRunner.run(SuiteRunner.java:259)
	at org.testng.SuiteRunnerWorker.runSuite(SuiteRunnerWorker.java:52)
	at org.testng.SuiteRunnerWorker.run(SuiteRunnerWorker.java:86)
	at org.testng.TestNG.runSuitesSequentially(TestNG.java:1199)
	at org.testng.TestNG.runSuitesLocally(TestNG.java:1124)
	at org.testng.TestNG.run(TestNG.java:1032)
	at org.testng.remote.AbstractRemoteTestNG.run(AbstractRemoteTestNG.java:115)
	at org.testng.remote.RemoteTestNG.initAndRun(RemoteTestNG.java:251)
	at org.testng.remote.RemoteTestNG.main(RemoteTestNG.java:77)
</pre></div></td>
<td>0</td>
<td>twc.Automation.ExecutableTestCases.smokeTestCases@bc57b40</td></tr>
<tr>
<td title='twc.Automation.ExecutableTestCases.smokeTestCases.Validate_Criteo_SDK_config_app_Call_cpId_parameter()'><b>Validate_Criteo_SDK_config_app_Call_cpId_parameter</b><br>Test class: twc.Automation.ExecutableTestCases.smokeTestCases</td>
<td><div><pre>java.lang.AssertionError: bidder.criteo.com/config/app call is not present in Charles session, hence Custom Parameter: cpId validation skipped
	at org.testng.Assert.fail(Assert.java:94)
	at twc.Automation.General.Utils.validate_Criteo_SDK_config_app_call_parameter(Utils.java:6696)
	at twc.Automation.ExecutableTestCases.smokeTestCases.Validate_Criteo_SDK_config_app_Call_cpId_parameter(smokeTestCases.java:838)
	at sun.reflect.NativeMethodAccessorImpl.invoke0(Native Method)
	at sun.reflect.NativeMethodAccessorImpl.invoke(NativeMethodAccessorImpl.java:62)
	at sun.reflect.DelegatingMethodAccessorImpl.invoke(DelegatingMethodAccessorImpl.java:43)
	at java.lang.reflect.Method.invoke(Method.java:498)
	at org.testng.internal.MethodInvocationHelper.invokeMethod(MethodInvocationHelper.java:85)
	at org.testng.internal.Invoker.invokeMethod(Invoker.java:659)
	at org.testng.internal.Invoker.invokeTestMethod(Invoker.java:845)
	at org.testng.internal.Invoker.invokeTestMethods(Invoker.java:1153)
	at org.testng.internal.TestMethodWorker.invokeTestMethods(TestMethodWorker.java:125)
	at org.testng.internal.TestMethodWorker.run(TestMethodWorker.java:108)
	at org.testng.TestRunner.privateRun(TestRunner.java:771)
	at org.testng.TestRunner.run(TestRunner.java:621)
	at org.testng.SuiteRunner.runTest(SuiteRunner.java:357)
	at org.testng.SuiteRunner.runSequentially(SuiteRunner.java:352)
	at org.testng.SuiteRunner.privateRun(SuiteRunner.java:310)
	at org.testng.SuiteRunner.run(SuiteRunner.java:259)
	at org.testng.SuiteRunnerWorker.runSuite(SuiteRunnerWorker.java:52)
	at org.testng.SuiteRunnerWorker.run(SuiteRunnerWorker.java:86)
	at org.testng.TestNG.runSuitesSequentially(TestNG.java:1199)
	at org.testng.TestNG.runSuitesLocally(TestNG.java:1124)
	at org.testng.TestNG.run(TestNG.java:1032)
	at org.testng.remote.AbstractRemoteTestNG.run(AbstractRemoteTestNG.java:115)
	at org.testng.remote.RemoteTestNG.initAndRun(RemoteTestNG.java:251)
	at org.testng.remote.RemoteTestNG.main(RemoteTestNG.java:77)
</pre></div><a href='#' onClick='toggleBox("stack-trace2084324667", this, "Click to show all stack frames", "Click to hide stack frames")'>Click to show all stack frames</a>
<div class='stack-trace' id='stack-trace2084324667'><pre>java.lang.AssertionError: bidder.criteo.com/config/app call is not present in Charles session, hence Custom Parameter: cpId validation skipped
	at org.testng.Assert.fail(Assert.java:94)
	at twc.Automation.General.Utils.validate_Criteo_SDK_config_app_call_parameter(Utils.java:6696)
	at twc.Automation.ExecutableTestCases.smokeTestCases.Validate_Criteo_SDK_config_app_Call_cpId_parameter(smokeTestCases.java:838)
	at sun.reflect.NativeMethodAccessorImpl.invoke0(Native Method)
	at sun.reflect.NativeMethodAccessorImpl.invoke(NativeMethodAccessorImpl.java:62)
	at sun.reflect.DelegatingMethodAccessorImpl.invoke(DelegatingMethodAccessorImpl.java:43)
	at java.lang.reflect.Method.invoke(Method.java:498)
	at org.testng.internal.MethodInvocationHelper.invokeMethod(MethodInvocationHelper.java:85)
	at org.testng.internal.Invoker.invokeMethod(Invoker.java:659)
	at org.testng.internal.Invoker.invokeTestMethod(Invoker.java:845)
	at org.testng.internal.Invoker.invokeTestMethods(Invoker.java:1153)
	at org.testng.internal.TestMethodWorker.invokeTestMethods(TestMethodWorker.java:125)
	at org.testng.internal.TestMethodWorker.run(TestMethodWorker.java:108)
	at org.testng.TestRunner.privateRun(TestRunner.java:771)
	at org.testng.TestRunner.run(TestRunner.java:621)
	at org.testng.SuiteRunner.runTest(SuiteRunner.java:357)
	at org.testng.SuiteRunner.runSequentially(SuiteRunner.java:352)
	at org.testng.SuiteRunner.privateRun(SuiteRunner.java:310)
	at org.testng.SuiteRunner.run(SuiteRunner.java:259)
	at org.testng.SuiteRunnerWorker.runSuite(SuiteRunnerWorker.java:52)
	at org.testng.SuiteRunnerWorker.run(SuiteRunnerWorker.java:86)
	at org.testng.TestNG.runSuitesSequentially(TestNG.java:1199)
	at org.testng.TestNG.runSuitesLocally(TestNG.java:1124)
	at org.testng.TestNG.run(TestNG.java:1032)
	at org.testng.remote.AbstractRemoteTestNG.run(AbstractRemoteTestNG.java:115)
	at org.testng.remote.RemoteTestNG.initAndRun(RemoteTestNG.java:251)
	at org.testng.remote.RemoteTestNG.main(RemoteTestNG.java:77)
</pre></div></td>
<td>0</td>
<td>twc.Automation.ExecutableTestCases.smokeTestCases@bc57b40</td></tr>
<tr>
<td title='twc.Automation.ExecutableTestCases.smokeTestCases.Validate_Criteo_SDK_config_app_Call_sdkVersion_parameter()'><b>Validate_Criteo_SDK_config_app_Call_sdkVersion_parameter</b><br>Test class: twc.Automation.ExecutableTestCases.smokeTestCases</td>
<td><div><pre>java.lang.AssertionError: bidder.criteo.com/config/app call is not present in Charles session, hence Custom Parameter: sdkVersion validation skipped
	at org.testng.Assert.fail(Assert.java:94)
	at twc.Automation.General.Utils.validate_Criteo_SDK_config_app_call_parameter(Utils.java:6696)
	at twc.Automation.ExecutableTestCases.smokeTestCases.Validate_Criteo_SDK_config_app_Call_sdkVersion_parameter(smokeTestCases.java:827)
	at sun.reflect.NativeMethodAccessorImpl.invoke0(Native Method)
	at sun.reflect.NativeMethodAccessorImpl.invoke(NativeMethodAccessorImpl.java:62)
	at sun.reflect.DelegatingMethodAccessorImpl.invoke(DelegatingMethodAccessorImpl.java:43)
	at java.lang.reflect.Method.invoke(Method.java:498)
	at org.testng.internal.MethodInvocationHelper.invokeMethod(MethodInvocationHelper.java:85)
	at org.testng.internal.Invoker.invokeMethod(Invoker.java:659)
	at org.testng.internal.Invoker.invokeTestMethod(Invoker.java:845)
	at org.testng.internal.Invoker.invokeTestMethods(Invoker.java:1153)
	at org.testng.internal.TestMethodWorker.invokeTestMethods(TestMethodWorker.java:125)
	at org.testng.internal.TestMethodWorker.run(TestMethodWorker.java:108)
	at org.testng.TestRunner.privateRun(TestRunner.java:771)
	at org.testng.TestRunner.run(TestRunner.java:621)
	at org.testng.SuiteRunner.runTest(SuiteRunner.java:357)
	at org.testng.SuiteRunner.runSequentially(SuiteRunner.java:352)
	at org.testng.SuiteRunner.privateRun(SuiteRunner.java:310)
	at org.testng.SuiteRunner.run(SuiteRunner.java:259)
	at org.testng.SuiteRunnerWorker.runSuite(SuiteRunnerWorker.java:52)
	at org.testng.SuiteRunnerWorker.run(SuiteRunnerWorker.java:86)
	at org.testng.TestNG.runSuitesSequentially(TestNG.java:1199)
	at org.testng.TestNG.runSuitesLocally(TestNG.java:1124)
	at org.testng.TestNG.run(TestNG.java:1032)
	at org.testng.remote.AbstractRemoteTestNG.run(AbstractRemoteTestNG.java:115)
	at org.testng.remote.RemoteTestNG.initAndRun(RemoteTestNG.java:251)
	at org.testng.remote.RemoteTestNG.main(RemoteTestNG.java:77)
</pre></div><a href='#' onClick='toggleBox("stack-trace658369552", this, "Click to show all stack frames", "Click to hide stack frames")'>Click to show all stack frames</a>
<div class='stack-trace' id='stack-trace658369552'><pre>java.lang.AssertionError: bidder.criteo.com/config/app call is not present in Charles session, hence Custom Parameter: sdkVersion validation skipped
	at org.testng.Assert.fail(Assert.java:94)
	at twc.Automation.General.Utils.validate_Criteo_SDK_config_app_call_parameter(Utils.java:6696)
	at twc.Automation.ExecutableTestCases.smokeTestCases.Validate_Criteo_SDK_config_app_Call_sdkVersion_parameter(smokeTestCases.java:827)
	at sun.reflect.NativeMethodAccessorImpl.invoke0(Native Method)
	at sun.reflect.NativeMethodAccessorImpl.invoke(NativeMethodAccessorImpl.java:62)
	at sun.reflect.DelegatingMethodAccessorImpl.invoke(DelegatingMethodAccessorImpl.java:43)
	at java.lang.reflect.Method.invoke(Method.java:498)
	at org.testng.internal.MethodInvocationHelper.invokeMethod(MethodInvocationHelper.java:85)
	at org.testng.internal.Invoker.invokeMethod(Invoker.java:659)
	at org.testng.internal.Invoker.invokeTestMethod(Invoker.java:845)
	at org.testng.internal.Invoker.invokeTestMethods(Invoker.java:1153)
	at org.testng.internal.TestMethodWorker.invokeTestMethods(TestMethodWorker.java:125)
	at org.testng.internal.TestMethodWorker.run(TestMethodWorker.java:108)
	at org.testng.TestRunner.privateRun(TestRunner.java:771)
	at org.testng.TestRunner.run(TestRunner.java:621)
	at org.testng.SuiteRunner.runTest(SuiteRunner.java:357)
	at org.testng.SuiteRunner.runSequentially(SuiteRunner.java:352)
	at org.testng.SuiteRunner.privateRun(SuiteRunner.java:310)
	at org.testng.SuiteRunner.run(SuiteRunner.java:259)
	at org.testng.SuiteRunnerWorker.runSuite(SuiteRunnerWorker.java:52)
	at org.testng.SuiteRunnerWorker.run(SuiteRunnerWorker.java:86)
	at org.testng.TestNG.runSuitesSequentially(TestNG.java:1199)
	at org.testng.TestNG.runSuitesLocally(TestNG.java:1124)
	at org.testng.TestNG.run(TestNG.java:1032)
	at org.testng.remote.AbstractRemoteTestNG.run(AbstractRemoteTestNG.java:115)
	at org.testng.remote.RemoteTestNG.initAndRun(RemoteTestNG.java:251)
	at org.testng.remote.RemoteTestNG.main(RemoteTestNG.java:77)
</pre></div></td>
<td>0</td>
<td>twc.Automation.ExecutableTestCases.smokeTestCases@bc57b40</td></tr>
<tr>
<td title='twc.Automation.ExecutableTestCases.smokeTestCases.Validate_Feed1_cnd_Custom_param()'><b>Validate_Feed1_cnd_Custom_param</b><br>Test class: twc.Automation.ExecutableTestCases.smokeTestCases</td>
<td><div><pre>java.lang.AssertionError: Custom Parameter :cnd value: pcld is not matched with the expected value: 30
	at org.testng.Assert.fail(Assert.java:94)
	at twc.Automation.General.Utils.validate_custom_param_val_of_gampad(Utils.java:4155)
	at twc.Automation.ExecutableTestCases.smokeTestCases.Validate_Feed1_cnd_Custom_param(smokeTestCases.java:1560)
	at sun.reflect.NativeMethodAccessorImpl.invoke0(Native Method)
	at sun.reflect.NativeMethodAccessorImpl.invoke(NativeMethodAccessorImpl.java:62)
	at sun.reflect.DelegatingMethodAccessorImpl.invoke(DelegatingMethodAccessorImpl.java:43)
	at java.lang.reflect.Method.invoke(Method.java:498)
	at org.testng.internal.MethodInvocationHelper.invokeMethod(MethodInvocationHelper.java:85)
	at org.testng.internal.Invoker.invokeMethod(Invoker.java:659)
	at org.testng.internal.Invoker.invokeTestMethod(Invoker.java:845)
	at org.testng.internal.Invoker.invokeTestMethods(Invoker.java:1153)
	at org.testng.internal.TestMethodWorker.invokeTestMethods(TestMethodWorker.java:125)
	at org.testng.internal.TestMethodWorker.run(TestMethodWorker.java:108)
	at org.testng.TestRunner.privateRun(TestRunner.java:771)
	at org.testng.TestRunner.run(TestRunner.java:621)
	at org.testng.SuiteRunner.runTest(SuiteRunner.java:357)
	at org.testng.SuiteRunner.runSequentially(SuiteRunner.java:352)
	at org.testng.SuiteRunner.privateRun(SuiteRunner.java:310)
	at org.testng.SuiteRunner.run(SuiteRunner.java:259)
	at org.testng.SuiteRunnerWorker.runSuite(SuiteRunnerWorker.java:52)
	at org.testng.SuiteRunnerWorker.run(SuiteRunnerWorker.java:86)
	at org.testng.TestNG.runSuitesSequentially(TestNG.java:1199)
	at org.testng.TestNG.runSuitesLocally(TestNG.java:1124)
	at org.testng.TestNG.run(TestNG.java:1032)
	at org.testng.remote.AbstractRemoteTestNG.run(AbstractRemoteTestNG.java:115)
	at org.testng.remote.RemoteTestNG.initAndRun(RemoteTestNG.java:251)
	at org.testng.remote.RemoteTestNG.main(RemoteTestNG.java:77)
</pre></div><a href='#' onClick='toggleBox("stack-trace1562516256", this, "Click to show all stack frames", "Click to hide stack frames")'>Click to show all stack frames</a>
<div class='stack-trace' id='stack-trace1562516256'><pre>java.lang.AssertionError: Custom Parameter :cnd value: pcld is not matched with the expected value: 30
	at org.testng.Assert.fail(Assert.java:94)
	at twc.Automation.General.Utils.validate_custom_param_val_of_gampad(Utils.java:4155)
	at twc.Automation.ExecutableTestCases.smokeTestCases.Validate_Feed1_cnd_Custom_param(smokeTestCases.java:1560)
	at sun.reflect.NativeMethodAccessorImpl.invoke0(Native Method)
	at sun.reflect.NativeMethodAccessorImpl.invoke(NativeMethodAccessorImpl.java:62)
	at sun.reflect.DelegatingMethodAccessorImpl.invoke(DelegatingMethodAccessorImpl.java:43)
	at java.lang.reflect.Method.invoke(Method.java:498)
	at org.testng.internal.MethodInvocationHelper.invokeMethod(MethodInvocationHelper.java:85)
	at org.testng.internal.Invoker.invokeMethod(Invoker.java:659)
	at org.testng.internal.Invoker.invokeTestMethod(Invoker.java:845)
	at org.testng.internal.Invoker.invokeTestMethods(Invoker.java:1153)
	at org.testng.internal.TestMethodWorker.invokeTestMethods(TestMethodWorker.java:125)
	at org.testng.internal.TestMethodWorker.run(TestMethodWorker.java:108)
	at org.testng.TestRunner.privateRun(TestRunner.java:771)
	at org.testng.TestRunner.run(TestRunner.java:621)
	at org.testng.SuiteRunner.runTest(SuiteRunner.java:357)
	at org.testng.SuiteRunner.runSequentially(SuiteRunner.java:352)
	at org.testng.SuiteRunner.privateRun(SuiteRunner.java:310)
	at org.testng.SuiteRunner.run(SuiteRunner.java:259)
	at org.testng.SuiteRunnerWorker.runSuite(SuiteRunnerWorker.java:52)
	at org.testng.SuiteRunnerWorker.run(SuiteRunnerWorker.java:86)
	at org.testng.TestNG.runSuitesSequentially(TestNG.java:1199)
	at org.testng.TestNG.runSuitesLocally(TestNG.java:1124)
	at org.testng.TestNG.run(TestNG.java:1032)
	at org.testng.remote.AbstractRemoteTestNG.run(AbstractRemoteTestNG.java:115)
	at org.testng.remote.RemoteTestNG.initAndRun(RemoteTestNG.java:251)
	at org.testng.remote.RemoteTestNG.main(RemoteTestNG.java:77)
</pre></div></td>
<td>0</td>
<td>twc.Automation.ExecutableTestCases.smokeTestCases@bc57b40</td></tr>
<tr>
<td title='twc.Automation.ExecutableTestCases.smokeTestCases.Validate_Feed1_tmpc_Custom_param()'><b>Validate_Feed1_tmpc_Custom_param</b><br>Test class: twc.Automation.ExecutableTestCases.smokeTestCases</td>
<td><div><pre>java.lang.AssertionError: Custom Parameter :tmpc value: 32 is not matched with the expected value: 31
	at org.testng.Assert.fail(Assert.java:94)
	at twc.Automation.General.Utils.validate_custom_param_val_of_gampad(Utils.java:4155)
	at twc.Automation.ExecutableTestCases.smokeTestCases.Validate_Feed1_tmpc_Custom_param(smokeTestCases.java:1645)
	at sun.reflect.NativeMethodAccessorImpl.invoke0(Native Method)
	at sun.reflect.NativeMethodAccessorImpl.invoke(NativeMethodAccessorImpl.java:62)
	at sun.reflect.DelegatingMethodAccessorImpl.invoke(DelegatingMethodAccessorImpl.java:43)
	at java.lang.reflect.Method.invoke(Method.java:498)
	at org.testng.internal.MethodInvocationHelper.invokeMethod(MethodInvocationHelper.java:85)
	at org.testng.internal.Invoker.invokeMethod(Invoker.java:659)
	at org.testng.internal.Invoker.invokeTestMethod(Invoker.java:845)
	at org.testng.internal.Invoker.invokeTestMethods(Invoker.java:1153)
	at org.testng.internal.TestMethodWorker.invokeTestMethods(TestMethodWorker.java:125)
	at org.testng.internal.TestMethodWorker.run(TestMethodWorker.java:108)
	at org.testng.TestRunner.privateRun(TestRunner.java:771)
	at org.testng.TestRunner.run(TestRunner.java:621)
	at org.testng.SuiteRunner.runTest(SuiteRunner.java:357)
	at org.testng.SuiteRunner.runSequentially(SuiteRunner.java:352)
	at org.testng.SuiteRunner.privateRun(SuiteRunner.java:310)
	at org.testng.SuiteRunner.run(SuiteRunner.java:259)
	at org.testng.SuiteRunnerWorker.runSuite(SuiteRunnerWorker.java:52)
	at org.testng.SuiteRunnerWorker.run(SuiteRunnerWorker.java:86)
	at org.testng.TestNG.runSuitesSequentially(TestNG.java:1199)
	at org.testng.TestNG.runSuitesLocally(TestNG.java:1124)
	at org.testng.TestNG.run(TestNG.java:1032)
	at org.testng.remote.AbstractRemoteTestNG.run(AbstractRemoteTestNG.java:115)
	at org.testng.remote.RemoteTestNG.initAndRun(RemoteTestNG.java:251)
	at org.testng.remote.RemoteTestNG.main(RemoteTestNG.java:77)
</pre></div><a href='#' onClick='toggleBox("stack-trace74783955", this, "Click to show all stack frames", "Click to hide stack frames")'>Click to show all stack frames</a>
<div class='stack-trace' id='stack-trace74783955'><pre>java.lang.AssertionError: Custom Parameter :tmpc value: 32 is not matched with the expected value: 31
	at org.testng.Assert.fail(Assert.java:94)
	at twc.Automation.General.Utils.validate_custom_param_val_of_gampad(Utils.java:4155)
	at twc.Automation.ExecutableTestCases.smokeTestCases.Validate_Feed1_tmpc_Custom_param(smokeTestCases.java:1645)
	at sun.reflect.NativeMethodAccessorImpl.invoke0(Native Method)
	at sun.reflect.NativeMethodAccessorImpl.invoke(NativeMethodAccessorImpl.java:62)
	at sun.reflect.DelegatingMethodAccessorImpl.invoke(DelegatingMethodAccessorImpl.java:43)
	at java.lang.reflect.Method.invoke(Method.java:498)
	at org.testng.internal.MethodInvocationHelper.invokeMethod(MethodInvocationHelper.java:85)
	at org.testng.internal.Invoker.invokeMethod(Invoker.java:659)
	at org.testng.internal.Invoker.invokeTestMethod(Invoker.java:845)
	at org.testng.internal.Invoker.invokeTestMethods(Invoker.java:1153)
	at org.testng.internal.TestMethodWorker.invokeTestMethods(TestMethodWorker.java:125)
	at org.testng.internal.TestMethodWorker.run(TestMethodWorker.java:108)
	at org.testng.TestRunner.privateRun(TestRunner.java:771)
	at org.testng.TestRunner.run(TestRunner.java:621)
	at org.testng.SuiteRunner.runTest(SuiteRunner.java:357)
	at org.testng.SuiteRunner.runSequentially(SuiteRunner.java:352)
	at org.testng.SuiteRunner.privateRun(SuiteRunner.java:310)
	at org.testng.SuiteRunner.run(SuiteRunner.java:259)
	at org.testng.SuiteRunnerWorker.runSuite(SuiteRunnerWorker.java:52)
	at org.testng.SuiteRunnerWorker.run(SuiteRunnerWorker.java:86)
	at org.testng.TestNG.runSuitesSequentially(TestNG.java:1199)
	at org.testng.TestNG.runSuitesLocally(TestNG.java:1124)
	at org.testng.TestNG.run(TestNG.java:1032)
	at org.testng.remote.AbstractRemoteTestNG.run(AbstractRemoteTestNG.java:115)
	at org.testng.remote.RemoteTestNG.initAndRun(RemoteTestNG.java:251)
	at org.testng.remote.RemoteTestNG.main(RemoteTestNG.java:77)
</pre></div></td>
<td>0</td>
<td>twc.Automation.ExecutableTestCases.smokeTestCases@bc57b40</td></tr>
<tr>
<td title='twc.Automation.ExecutableTestCases.smokeTestCases.Validate_GMA_SDK_version()'><b>Validate_GMA_SDK_version</b><br>Test class: twc.Automation.ExecutableTestCases.smokeTestCases</td>
<td><div><pre>java.lang.AssertionError: Custom Parameter :js value: afma-sdk-a-v223104999.221310000.1 is not matched with the expected value afma-sdk-a-v214106999.212910000.1
	at org.testng.Assert.fail(Assert.java:94)
	at twc.Automation.General.Utils.validate_Noncustom_param_val_of_gampad(Utils.java:6643)
	at twc.Automation.ExecutableTestCases.smokeTestCases.Validate_GMA_SDK_version(smokeTestCases.java:1983)
	at sun.reflect.NativeMethodAccessorImpl.invoke0(Native Method)
	at sun.reflect.NativeMethodAccessorImpl.invoke(NativeMethodAccessorImpl.java:62)
	at sun.reflect.DelegatingMethodAccessorImpl.invoke(DelegatingMethodAccessorImpl.java:43)
	at java.lang.reflect.Method.invoke(Method.java:498)
	at org.testng.internal.MethodInvocationHelper.invokeMethod(MethodInvocationHelper.java:85)
	at org.testng.internal.Invoker.invokeMethod(Invoker.java:659)
	at org.testng.internal.Invoker.invokeTestMethod(Invoker.java:845)
	at org.testng.internal.Invoker.invokeTestMethods(Invoker.java:1153)
	at org.testng.internal.TestMethodWorker.invokeTestMethods(TestMethodWorker.java:125)
	at org.testng.internal.TestMethodWorker.run(TestMethodWorker.java:108)
	at org.testng.TestRunner.privateRun(TestRunner.java:771)
	at org.testng.TestRunner.run(TestRunner.java:621)
	at org.testng.SuiteRunner.runTest(SuiteRunner.java:357)
	at org.testng.SuiteRunner.runSequentially(SuiteRunner.java:352)
	at org.testng.SuiteRunner.privateRun(SuiteRunner.java:310)
	at org.testng.SuiteRunner.run(SuiteRunner.java:259)
	at org.testng.SuiteRunnerWorker.runSuite(SuiteRunnerWorker.java:52)
	at org.testng.SuiteRunnerWorker.run(SuiteRunnerWorker.java:86)
	at org.testng.TestNG.runSuitesSequentially(TestNG.java:1199)
	at org.testng.TestNG.runSuitesLocally(TestNG.java:1124)
	at org.testng.TestNG.run(TestNG.java:1032)
	at org.testng.remote.AbstractRemoteTestNG.run(AbstractRemoteTestNG.java:115)
	at org.testng.remote.RemoteTestNG.initAndRun(RemoteTestNG.java:251)
	at org.testng.remote.RemoteTestNG.main(RemoteTestNG.java:77)
</pre></div><a href='#' onClick='toggleBox("stack-trace704445524", this, "Click to show all stack frames", "Click to hide stack frames")'>Click to show all stack frames</a>
<div class='stack-trace' id='stack-trace704445524'><pre>java.lang.AssertionError: Custom Parameter :js value: afma-sdk-a-v223104999.221310000.1 is not matched with the expected value afma-sdk-a-v214106999.212910000.1
	at org.testng.Assert.fail(Assert.java:94)
	at twc.Automation.General.Utils.validate_Noncustom_param_val_of_gampad(Utils.java:6643)
	at twc.Automation.ExecutableTestCases.smokeTestCases.Validate_GMA_SDK_version(smokeTestCases.java:1983)
	at sun.reflect.NativeMethodAccessorImpl.invoke0(Native Method)
	at sun.reflect.NativeMethodAccessorImpl.invoke(NativeMethodAccessorImpl.java:62)
	at sun.reflect.DelegatingMethodAccessorImpl.invoke(DelegatingMethodAccessorImpl.java:43)
	at java.lang.reflect.Method.invoke(Method.java:498)
	at org.testng.internal.MethodInvocationHelper.invokeMethod(MethodInvocationHelper.java:85)
	at org.testng.internal.Invoker.invokeMethod(Invoker.java:659)
	at org.testng.internal.Invoker.invokeTestMethod(Invoker.java:845)
	at org.testng.internal.Invoker.invokeTestMethods(Invoker.java:1153)
	at org.testng.internal.TestMethodWorker.invokeTestMethods(TestMethodWorker.java:125)
	at org.testng.internal.TestMethodWorker.run(TestMethodWorker.java:108)
	at org.testng.TestRunner.privateRun(TestRunner.java:771)
	at org.testng.TestRunner.run(TestRunner.java:621)
	at org.testng.SuiteRunner.runTest(SuiteRunner.java:357)
	at org.testng.SuiteRunner.runSequentially(SuiteRunner.java:352)
	at org.testng.SuiteRunner.privateRun(SuiteRunner.java:310)
	at org.testng.SuiteRunner.run(SuiteRunner.java:259)
	at org.testng.SuiteRunnerWorker.runSuite(SuiteRunnerWorker.java:52)
	at org.testng.SuiteRunnerWorker.run(SuiteRunnerWorker.java:86)
	at org.testng.TestNG.runSuitesSequentially(TestNG.java:1199)
	at org.testng.TestNG.runSuitesLocally(TestNG.java:1124)
	at org.testng.TestNG.run(TestNG.java:1032)
	at org.testng.remote.AbstractRemoteTestNG.run(AbstractRemoteTestNG.java:115)
	at org.testng.remote.RemoteTestNG.initAndRun(RemoteTestNG.java:251)
	at org.testng.remote.RemoteTestNG.main(RemoteTestNG.java:77)
</pre></div></td>
<td>0</td>
<td>twc.Automation.ExecutableTestCases.smokeTestCases@bc57b40</td></tr>
<tr>
<td title='twc.Automation.ExecutableTestCases.smokeTestCases.Validate_HourlyDetails_cnd_Custom_param()'><b>Validate_HourlyDetails_cnd_Custom_param</b><br>Test class: twc.Automation.ExecutableTestCases.smokeTestCases</td>
<td><div><pre>java.lang.AssertionError: Custom Parameter :cnd value: pcld is not matched with the expected value: 30
	at org.testng.Assert.fail(Assert.java:94)
	at twc.Automation.General.Utils.validate_custom_param_val_of_gampad(Utils.java:4155)
	at twc.Automation.ExecutableTestCases.smokeTestCases.Validate_HourlyDetails_cnd_Custom_param(smokeTestCases.java:1574)
	at sun.reflect.NativeMethodAccessorImpl.invoke0(Native Method)
	at sun.reflect.NativeMethodAccessorImpl.invoke(NativeMethodAccessorImpl.java:62)
	at sun.reflect.DelegatingMethodAccessorImpl.invoke(DelegatingMethodAccessorImpl.java:43)
	at java.lang.reflect.Method.invoke(Method.java:498)
	at org.testng.internal.MethodInvocationHelper.invokeMethod(MethodInvocationHelper.java:85)
	at org.testng.internal.Invoker.invokeMethod(Invoker.java:659)
	at org.testng.internal.Invoker.invokeTestMethod(Invoker.java:845)
	at org.testng.internal.Invoker.invokeTestMethods(Invoker.java:1153)
	at org.testng.internal.TestMethodWorker.invokeTestMethods(TestMethodWorker.java:125)
	at org.testng.internal.TestMethodWorker.run(TestMethodWorker.java:108)
	at org.testng.TestRunner.privateRun(TestRunner.java:771)
	at org.testng.TestRunner.run(TestRunner.java:621)
	at org.testng.SuiteRunner.runTest(SuiteRunner.java:357)
	at org.testng.SuiteRunner.runSequentially(SuiteRunner.java:352)
	at org.testng.SuiteRunner.privateRun(SuiteRunner.java:310)
	at org.testng.SuiteRunner.run(SuiteRunner.java:259)
	at org.testng.SuiteRunnerWorker.runSuite(SuiteRunnerWorker.java:52)
	at org.testng.SuiteRunnerWorker.run(SuiteRunnerWorker.java:86)
	at org.testng.TestNG.runSuitesSequentially(TestNG.java:1199)
	at org.testng.TestNG.runSuitesLocally(TestNG.java:1124)
	at org.testng.TestNG.run(TestNG.java:1032)
	at org.testng.remote.AbstractRemoteTestNG.run(AbstractRemoteTestNG.java:115)
	at org.testng.remote.RemoteTestNG.initAndRun(RemoteTestNG.java:251)
	at org.testng.remote.RemoteTestNG.main(RemoteTestNG.java:77)
</pre></div><a href='#' onClick='toggleBox("stack-trace768856989", this, "Click to show all stack frames", "Click to hide stack frames")'>Click to show all stack frames</a>
<div class='stack-trace' id='stack-trace768856989'><pre>java.lang.AssertionError: Custom Parameter :cnd value: pcld is not matched with the expected value: 30
	at org.testng.Assert.fail(Assert.java:94)
	at twc.Automation.General.Utils.validate_custom_param_val_of_gampad(Utils.java:4155)
	at twc.Automation.ExecutableTestCases.smokeTestCases.Validate_HourlyDetails_cnd_Custom_param(smokeTestCases.java:1574)
	at sun.reflect.NativeMethodAccessorImpl.invoke0(Native Method)
	at sun.reflect.NativeMethodAccessorImpl.invoke(NativeMethodAccessorImpl.java:62)
	at sun.reflect.DelegatingMethodAccessorImpl.invoke(DelegatingMethodAccessorImpl.java:43)
	at java.lang.reflect.Method.invoke(Method.java:498)
	at org.testng.internal.MethodInvocationHelper.invokeMethod(MethodInvocationHelper.java:85)
	at org.testng.internal.Invoker.invokeMethod(Invoker.java:659)
	at org.testng.internal.Invoker.invokeTestMethod(Invoker.java:845)
	at org.testng.internal.Invoker.invokeTestMethods(Invoker.java:1153)
	at org.testng.internal.TestMethodWorker.invokeTestMethods(TestMethodWorker.java:125)
	at org.testng.internal.TestMethodWorker.run(TestMethodWorker.java:108)
	at org.testng.TestRunner.privateRun(TestRunner.java:771)
	at org.testng.TestRunner.run(TestRunner.java:621)
	at org.testng.SuiteRunner.runTest(SuiteRunner.java:357)
	at org.testng.SuiteRunner.runSequentially(SuiteRunner.java:352)
	at org.testng.SuiteRunner.privateRun(SuiteRunner.java:310)
	at org.testng.SuiteRunner.run(SuiteRunner.java:259)
	at org.testng.SuiteRunnerWorker.runSuite(SuiteRunnerWorker.java:52)
	at org.testng.SuiteRunnerWorker.run(SuiteRunnerWorker.java:86)
	at org.testng.TestNG.runSuitesSequentially(TestNG.java:1199)
	at org.testng.TestNG.runSuitesLocally(TestNG.java:1124)
	at org.testng.TestNG.run(TestNG.java:1032)
	at org.testng.remote.AbstractRemoteTestNG.run(AbstractRemoteTestNG.java:115)
	at org.testng.remote.RemoteTestNG.initAndRun(RemoteTestNG.java:251)
	at org.testng.remote.RemoteTestNG.main(RemoteTestNG.java:77)
</pre></div></td>
<td>0</td>
<td>twc.Automation.ExecutableTestCases.smokeTestCases@bc57b40</td></tr>
<tr>
<td title='twc.Automation.ExecutableTestCases.smokeTestCases.Validate_HourlyDetails_tmpc_Custom_param()'><b>Validate_HourlyDetails_tmpc_Custom_param</b><br>Test class: twc.Automation.ExecutableTestCases.smokeTestCases</td>
<td><div><pre>java.lang.AssertionError: Custom Parameter :tmpc value: 32 is not matched with the expected value: 31
	at org.testng.Assert.fail(Assert.java:94)
	at twc.Automation.General.Utils.validate_custom_param_val_of_gampad(Utils.java:4155)
	at twc.Automation.ExecutableTestCases.smokeTestCases.Validate_HourlyDetails_tmpc_Custom_param(smokeTestCases.java:1658)
	at sun.reflect.NativeMethodAccessorImpl.invoke0(Native Method)
	at sun.reflect.NativeMethodAccessorImpl.invoke(NativeMethodAccessorImpl.java:62)
	at sun.reflect.DelegatingMethodAccessorImpl.invoke(DelegatingMethodAccessorImpl.java:43)
	at java.lang.reflect.Method.invoke(Method.java:498)
	at org.testng.internal.MethodInvocationHelper.invokeMethod(MethodInvocationHelper.java:85)
	at org.testng.internal.Invoker.invokeMethod(Invoker.java:659)
	at org.testng.internal.Invoker.invokeTestMethod(Invoker.java:845)
	at org.testng.internal.Invoker.invokeTestMethods(Invoker.java:1153)
	at org.testng.internal.TestMethodWorker.invokeTestMethods(TestMethodWorker.java:125)
	at org.testng.internal.TestMethodWorker.run(TestMethodWorker.java:108)
	at org.testng.TestRunner.privateRun(TestRunner.java:771)
	at org.testng.TestRunner.run(TestRunner.java:621)
	at org.testng.SuiteRunner.runTest(SuiteRunner.java:357)
	at org.testng.SuiteRunner.runSequentially(SuiteRunner.java:352)
	at org.testng.SuiteRunner.privateRun(SuiteRunner.java:310)
	at org.testng.SuiteRunner.run(SuiteRunner.java:259)
	at org.testng.SuiteRunnerWorker.runSuite(SuiteRunnerWorker.java:52)
	at org.testng.SuiteRunnerWorker.run(SuiteRunnerWorker.java:86)
	at org.testng.TestNG.runSuitesSequentially(TestNG.java:1199)
	at org.testng.TestNG.runSuitesLocally(TestNG.java:1124)
	at org.testng.TestNG.run(TestNG.java:1032)
	at org.testng.remote.AbstractRemoteTestNG.run(AbstractRemoteTestNG.java:115)
	at org.testng.remote.RemoteTestNG.initAndRun(RemoteTestNG.java:251)
	at org.testng.remote.RemoteTestNG.main(RemoteTestNG.java:77)
</pre></div><a href='#' onClick='toggleBox("stack-trace285831951", this, "Click to show all stack frames", "Click to hide stack frames")'>Click to show all stack frames</a>
<div class='stack-trace' id='stack-trace285831951'><pre>java.lang.AssertionError: Custom Parameter :tmpc value: 32 is not matched with the expected value: 31
	at org.testng.Assert.fail(Assert.java:94)
	at twc.Automation.General.Utils.validate_custom_param_val_of_gampad(Utils.java:4155)
	at twc.Automation.ExecutableTestCases.smokeTestCases.Validate_HourlyDetails_tmpc_Custom_param(smokeTestCases.java:1658)
	at sun.reflect.NativeMethodAccessorImpl.invoke0(Native Method)
	at sun.reflect.NativeMethodAccessorImpl.invoke(NativeMethodAccessorImpl.java:62)
	at sun.reflect.DelegatingMethodAccessorImpl.invoke(DelegatingMethodAccessorImpl.java:43)
	at java.lang.reflect.Method.invoke(Method.java:498)
	at org.testng.internal.MethodInvocationHelper.invokeMethod(MethodInvocationHelper.java:85)
	at org.testng.internal.Invoker.invokeMethod(Invoker.java:659)
	at org.testng.internal.Invoker.invokeTestMethod(Invoker.java:845)
	at org.testng.internal.Invoker.invokeTestMethods(Invoker.java:1153)
	at org.testng.internal.TestMethodWorker.invokeTestMethods(TestMethodWorker.java:125)
	at org.testng.internal.TestMethodWorker.run(TestMethodWorker.java:108)
	at org.testng.TestRunner.privateRun(TestRunner.java:771)
	at org.testng.TestRunner.run(TestRunner.java:621)
	at org.testng.SuiteRunner.runTest(SuiteRunner.java:357)
	at org.testng.SuiteRunner.runSequentially(SuiteRunner.java:352)
	at org.testng.SuiteRunner.privateRun(SuiteRunner.java:310)
	at org.testng.SuiteRunner.run(SuiteRunner.java:259)
	at org.testng.SuiteRunnerWorker.runSuite(SuiteRunnerWorker.java:52)
	at org.testng.SuiteRunnerWorker.run(SuiteRunnerWorker.java:86)
	at org.testng.TestNG.runSuitesSequentially(TestNG.java:1199)
	at org.testng.TestNG.runSuitesLocally(TestNG.java:1124)
	at org.testng.TestNG.run(TestNG.java:1032)
	at org.testng.remote.AbstractRemoteTestNG.run(AbstractRemoteTestNG.java:115)
	at org.testng.remote.RemoteTestNG.initAndRun(RemoteTestNG.java:251)
	at org.testng.remote.RemoteTestNG.main(RemoteTestNG.java:77)
</pre></div></td>
<td>0</td>
<td>twc.Automation.ExecutableTestCases.smokeTestCases@bc57b40</td></tr>
<tr>
<td title='twc.Automation.ExecutableTestCases.smokeTestCases.Validate_Marquee_cnd_Custom_param()'><b>Validate_Marquee_cnd_Custom_param</b><br>Test class: twc.Automation.ExecutableTestCases.smokeTestCases</td>
<td><div><pre>java.lang.AssertionError: Custom Parameter :cnd value: pcld is not matched with the expected value: 30
	at org.testng.Assert.fail(Assert.java:94)
	at twc.Automation.General.Utils.validate_custom_param_val_of_gampad(Utils.java:4155)
	at twc.Automation.ExecutableTestCases.smokeTestCases.Validate_Marquee_cnd_Custom_param(smokeTestCases.java:1547)
	at sun.reflect.NativeMethodAccessorImpl.invoke0(Native Method)
	at sun.reflect.NativeMethodAccessorImpl.invoke(NativeMethodAccessorImpl.java:62)
	at sun.reflect.DelegatingMethodAccessorImpl.invoke(DelegatingMethodAccessorImpl.java:43)
	at java.lang.reflect.Method.invoke(Method.java:498)
	at org.testng.internal.MethodInvocationHelper.invokeMethod(MethodInvocationHelper.java:85)
	at org.testng.internal.Invoker.invokeMethod(Invoker.java:659)
	at org.testng.internal.Invoker.invokeTestMethod(Invoker.java:845)
	at org.testng.internal.Invoker.invokeTestMethods(Invoker.java:1153)
	at org.testng.internal.TestMethodWorker.invokeTestMethods(TestMethodWorker.java:125)
	at org.testng.internal.TestMethodWorker.run(TestMethodWorker.java:108)
	at org.testng.TestRunner.privateRun(TestRunner.java:771)
	at org.testng.TestRunner.run(TestRunner.java:621)
	at org.testng.SuiteRunner.runTest(SuiteRunner.java:357)
	at org.testng.SuiteRunner.runSequentially(SuiteRunner.java:352)
	at org.testng.SuiteRunner.privateRun(SuiteRunner.java:310)
	at org.testng.SuiteRunner.run(SuiteRunner.java:259)
	at org.testng.SuiteRunnerWorker.runSuite(SuiteRunnerWorker.java:52)
	at org.testng.SuiteRunnerWorker.run(SuiteRunnerWorker.java:86)
	at org.testng.TestNG.runSuitesSequentially(TestNG.java:1199)
	at org.testng.TestNG.runSuitesLocally(TestNG.java:1124)
	at org.testng.TestNG.run(TestNG.java:1032)
	at org.testng.remote.AbstractRemoteTestNG.run(AbstractRemoteTestNG.java:115)
	at org.testng.remote.RemoteTestNG.initAndRun(RemoteTestNG.java:251)
	at org.testng.remote.RemoteTestNG.main(RemoteTestNG.java:77)
</pre></div><a href='#' onClick='toggleBox("stack-trace612089786", this, "Click to show all stack frames", "Click to hide stack frames")'>Click to show all stack frames</a>
<div class='stack-trace' id='stack-trace612089786'><pre>java.lang.AssertionError: Custom Parameter :cnd value: pcld is not matched with the expected value: 30
	at org.testng.Assert.fail(Assert.java:94)
	at twc.Automation.General.Utils.validate_custom_param_val_of_gampad(Utils.java:4155)
	at twc.Automation.ExecutableTestCases.smokeTestCases.Validate_Marquee_cnd_Custom_param(smokeTestCases.java:1547)
	at sun.reflect.NativeMethodAccessorImpl.invoke0(Native Method)
	at sun.reflect.NativeMethodAccessorImpl.invoke(NativeMethodAccessorImpl.java:62)
	at sun.reflect.DelegatingMethodAccessorImpl.invoke(DelegatingMethodAccessorImpl.java:43)
	at java.lang.reflect.Method.invoke(Method.java:498)
	at org.testng.internal.MethodInvocationHelper.invokeMethod(MethodInvocationHelper.java:85)
	at org.testng.internal.Invoker.invokeMethod(Invoker.java:659)
	at org.testng.internal.Invoker.invokeTestMethod(Invoker.java:845)
	at org.testng.internal.Invoker.invokeTestMethods(Invoker.java:1153)
	at org.testng.internal.TestMethodWorker.invokeTestMethods(TestMethodWorker.java:125)
	at org.testng.internal.TestMethodWorker.run(TestMethodWorker.java:108)
	at org.testng.TestRunner.privateRun(TestRunner.java:771)
	at org.testng.TestRunner.run(TestRunner.java:621)
	at org.testng.SuiteRunner.runTest(SuiteRunner.java:357)
	at org.testng.SuiteRunner.runSequentially(SuiteRunner.java:352)
	at org.testng.SuiteRunner.privateRun(SuiteRunner.java:310)
	at org.testng.SuiteRunner.run(SuiteRunner.java:259)
	at org.testng.SuiteRunnerWorker.runSuite(SuiteRunnerWorker.java:52)
	at org.testng.SuiteRunnerWorker.run(SuiteRunnerWorker.java:86)
	at org.testng.TestNG.runSuitesSequentially(TestNG.java:1199)
	at org.testng.TestNG.runSuitesLocally(TestNG.java:1124)
	at org.testng.TestNG.run(TestNG.java:1032)
	at org.testng.remote.AbstractRemoteTestNG.run(AbstractRemoteTestNG.java:115)
	at org.testng.remote.RemoteTestNG.initAndRun(RemoteTestNG.java:251)
	at org.testng.remote.RemoteTestNG.main(RemoteTestNG.java:77)
</pre></div></td>
<td>0</td>
<td>twc.Automation.ExecutableTestCases.smokeTestCases@bc57b40</td></tr>
<tr>
<td title='twc.Automation.ExecutableTestCases.smokeTestCases.Validate_Marquee_tmpc_Custom_param()'><b>Validate_Marquee_tmpc_Custom_param</b><br>Test class: twc.Automation.ExecutableTestCases.smokeTestCases</td>
<td><div><pre>java.lang.AssertionError: Custom Parameter :tmpc value: 32 is not matched with the expected value: 31
	at org.testng.Assert.fail(Assert.java:94)
	at twc.Automation.General.Utils.validate_custom_param_val_of_gampad(Utils.java:4155)
	at twc.Automation.ExecutableTestCases.smokeTestCases.Validate_Marquee_tmpc_Custom_param(smokeTestCases.java:1632)
	at sun.reflect.NativeMethodAccessorImpl.invoke0(Native Method)
	at sun.reflect.NativeMethodAccessorImpl.invoke(NativeMethodAccessorImpl.java:62)
	at sun.reflect.DelegatingMethodAccessorImpl.invoke(DelegatingMethodAccessorImpl.java:43)
	at java.lang.reflect.Method.invoke(Method.java:498)
	at org.testng.internal.MethodInvocationHelper.invokeMethod(MethodInvocationHelper.java:85)
	at org.testng.internal.Invoker.invokeMethod(Invoker.java:659)
	at org.testng.internal.Invoker.invokeTestMethod(Invoker.java:845)
	at org.testng.internal.Invoker.invokeTestMethods(Invoker.java:1153)
	at org.testng.internal.TestMethodWorker.invokeTestMethods(TestMethodWorker.java:125)
	at org.testng.internal.TestMethodWorker.run(TestMethodWorker.java:108)
	at org.testng.TestRunner.privateRun(TestRunner.java:771)
	at org.testng.TestRunner.run(TestRunner.java:621)
	at org.testng.SuiteRunner.runTest(SuiteRunner.java:357)
	at org.testng.SuiteRunner.runSequentially(SuiteRunner.java:352)
	at org.testng.SuiteRunner.privateRun(SuiteRunner.java:310)
	at org.testng.SuiteRunner.run(SuiteRunner.java:259)
	at org.testng.SuiteRunnerWorker.runSuite(SuiteRunnerWorker.java:52)
	at org.testng.SuiteRunnerWorker.run(SuiteRunnerWorker.java:86)
	at org.testng.TestNG.runSuitesSequentially(TestNG.java:1199)
	at org.testng.TestNG.runSuitesLocally(TestNG.java:1124)
	at org.testng.TestNG.run(TestNG.java:1032)
	at org.testng.remote.AbstractRemoteTestNG.run(AbstractRemoteTestNG.java:115)
	at org.testng.remote.RemoteTestNG.initAndRun(RemoteTestNG.java:251)
	at org.testng.remote.RemoteTestNG.main(RemoteTestNG.java:77)
</pre></div><a href='#' onClick='toggleBox("stack-trace1524038030", this, "Click to show all stack frames", "Click to hide stack frames")'>Click to show all stack frames</a>
<div class='stack-trace' id='stack-trace1524038030'><pre>java.lang.AssertionError: Custom Parameter :tmpc value: 32 is not matched with the expected value: 31
	at org.testng.Assert.fail(Assert.java:94)
	at twc.Automation.General.Utils.validate_custom_param_val_of_gampad(Utils.java:4155)
	at twc.Automation.ExecutableTestCases.smokeTestCases.Validate_Marquee_tmpc_Custom_param(smokeTestCases.java:1632)
	at sun.reflect.NativeMethodAccessorImpl.invoke0(Native Method)
	at sun.reflect.NativeMethodAccessorImpl.invoke(NativeMethodAccessorImpl.java:62)
	at sun.reflect.DelegatingMethodAccessorImpl.invoke(DelegatingMethodAccessorImpl.java:43)
	at java.lang.reflect.Method.invoke(Method.java:498)
	at org.testng.internal.MethodInvocationHelper.invokeMethod(MethodInvocationHelper.java:85)
	at org.testng.internal.Invoker.invokeMethod(Invoker.java:659)
	at org.testng.internal.Invoker.invokeTestMethod(Invoker.java:845)
	at org.testng.internal.Invoker.invokeTestMethods(Invoker.java:1153)
	at org.testng.internal.TestMethodWorker.invokeTestMethods(TestMethodWorker.java:125)
	at org.testng.internal.TestMethodWorker.run(TestMethodWorker.java:108)
	at org.testng.TestRunner.privateRun(TestRunner.java:771)
	at org.testng.TestRunner.run(TestRunner.java:621)
	at org.testng.SuiteRunner.runTest(SuiteRunner.java:357)
	at org.testng.SuiteRunner.runSequentially(SuiteRunner.java:352)
	at org.testng.SuiteRunner.privateRun(SuiteRunner.java:310)
	at org.testng.SuiteRunner.run(SuiteRunner.java:259)
	at org.testng.SuiteRunnerWorker.runSuite(SuiteRunnerWorker.java:52)
	at org.testng.SuiteRunnerWorker.run(SuiteRunnerWorker.java:86)
	at org.testng.TestNG.runSuitesSequentially(TestNG.java:1199)
	at org.testng.TestNG.runSuitesLocally(TestNG.java:1124)
	at org.testng.TestNG.run(TestNG.java:1032)
	at org.testng.remote.AbstractRemoteTestNG.run(AbstractRemoteTestNG.java:115)
	at org.testng.remote.RemoteTestNG.initAndRun(RemoteTestNG.java:251)
	at org.testng.remote.RemoteTestNG.main(RemoteTestNG.java:77)
</pre></div></td>
<td>0</td>
<td>twc.Automation.ExecutableTestCases.smokeTestCases@bc57b40</td></tr>
<tr>
<td title='twc.Automation.ExecutableTestCases.smokeTestCases.Validate_dailydetails_dynght_Custom_param()'><b>Validate_dailydetails_dynght_Custom_param</b><br>Test class: twc.Automation.ExecutableTestCases.smokeTestCases</td>
<td><div><pre>java.lang.AssertionError: Custom Parameter :dynght value: nl is not matched with the expected value NotNull
	at org.testng.Assert.fail(Assert.java:94)
	at twc.Automation.General.Utils.validate_custom_param_val_of_gampad(Utils.java:3977)
	at twc.Automation.ExecutableTestCases.smokeTestCases.Validate_dailydetails_dynght_Custom_param(smokeTestCases.java:462)
	at sun.reflect.NativeMethodAccessorImpl.invoke0(Native Method)
	at sun.reflect.NativeMethodAccessorImpl.invoke(NativeMethodAccessorImpl.java:62)
	at sun.reflect.DelegatingMethodAccessorImpl.invoke(DelegatingMethodAccessorImpl.java:43)
	at java.lang.reflect.Method.invoke(Method.java:498)
	at org.testng.internal.MethodInvocationHelper.invokeMethod(MethodInvocationHelper.java:85)
	at org.testng.internal.Invoker.invokeMethod(Invoker.java:659)
	at org.testng.internal.Invoker.invokeTestMethod(Invoker.java:845)
	at org.testng.internal.Invoker.invokeTestMethods(Invoker.java:1153)
	at org.testng.internal.TestMethodWorker.invokeTestMethods(TestMethodWorker.java:125)
	at org.testng.internal.TestMethodWorker.run(TestMethodWorker.java:108)
	at org.testng.TestRunner.privateRun(TestRunner.java:771)
	at org.testng.TestRunner.run(TestRunner.java:621)
	at org.testng.SuiteRunner.runTest(SuiteRunner.java:357)
	at org.testng.SuiteRunner.runSequentially(SuiteRunner.java:352)
	at org.testng.SuiteRunner.privateRun(SuiteRunner.java:310)
	at org.testng.SuiteRunner.run(SuiteRunner.java:259)
	at org.testng.SuiteRunnerWorker.runSuite(SuiteRunnerWorker.java:52)
	at org.testng.SuiteRunnerWorker.run(SuiteRunnerWorker.java:86)
	at org.testng.TestNG.runSuitesSequentially(TestNG.java:1199)
	at org.testng.TestNG.runSuitesLocally(TestNG.java:1124)
	at org.testng.TestNG.run(TestNG.java:1032)
	at org.testng.remote.AbstractRemoteTestNG.run(AbstractRemoteTestNG.java:115)
	at org.testng.remote.RemoteTestNG.initAndRun(RemoteTestNG.java:251)
	at org.testng.remote.RemoteTestNG.main(RemoteTestNG.java:77)
</pre></div><a href='#' onClick='toggleBox("stack-trace555390535", this, "Click to show all stack frames", "Click to hide stack frames")'>Click to show all stack frames</a>
<div class='stack-trace' id='stack-trace555390535'><pre>java.lang.AssertionError: Custom Parameter :dynght value: nl is not matched with the expected value NotNull
	at org.testng.Assert.fail(Assert.java:94)
	at twc.Automation.General.Utils.validate_custom_param_val_of_gampad(Utils.java:3977)
	at twc.Automation.ExecutableTestCases.smokeTestCases.Validate_dailydetails_dynght_Custom_param(smokeTestCases.java:462)
	at sun.reflect.NativeMethodAccessorImpl.invoke0(Native Method)
	at sun.reflect.NativeMethodAccessorImpl.invoke(NativeMethodAccessorImpl.java:62)
	at sun.reflect.DelegatingMethodAccessorImpl.invoke(DelegatingMethodAccessorImpl.java:43)
	at java.lang.reflect.Method.invoke(Method.java:498)
	at org.testng.internal.MethodInvocationHelper.invokeMethod(MethodInvocationHelper.java:85)
	at org.testng.internal.Invoker.invokeMethod(Invoker.java:659)
	at org.testng.internal.Invoker.invokeTestMethod(Invoker.java:845)
	at org.testng.internal.Invoker.invokeTestMethods(Invoker.java:1153)
	at org.testng.internal.TestMethodWorker.invokeTestMethods(TestMethodWorker.java:125)
	at org.testng.internal.TestMethodWorker.run(TestMethodWorker.java:108)
	at org.testng.TestRunner.privateRun(TestRunner.java:771)
	at org.testng.TestRunner.run(TestRunner.java:621)
	at org.testng.SuiteRunner.runTest(SuiteRunner.java:357)
	at org.testng.SuiteRunner.runSequentially(SuiteRunner.java:352)
	at org.testng.SuiteRunner.privateRun(SuiteRunner.java:310)
	at org.testng.SuiteRunner.run(SuiteRunner.java:259)
	at org.testng.SuiteRunnerWorker.runSuite(SuiteRunnerWorker.java:52)
	at org.testng.SuiteRunnerWorker.run(SuiteRunnerWorker.java:86)
	at org.testng.TestNG.runSuitesSequentially(TestNG.java:1199)
	at org.testng.TestNG.runSuitesLocally(TestNG.java:1124)
	at org.testng.TestNG.run(TestNG.java:1032)
	at org.testng.remote.AbstractRemoteTestNG.run(AbstractRemoteTestNG.java:115)
	at org.testng.remote.RemoteTestNG.initAndRun(RemoteTestNG.java:251)
	at org.testng.remote.RemoteTestNG.main(RemoteTestNG.java:77)
</pre></div></td>
<td>0</td>
<td>twc.Automation.ExecutableTestCases.smokeTestCases@bc57b40</td></tr>
</table><p>
<table width='100%' border='1' class='invocation-passed'>
<tr><td colspan='4' align='center'><b>PASSED TESTS</b></td></tr>
<tr><td><b>Test method</b></td>
<td width="30%"><b>Exception</b></td>
<td width="10%"><b>Time (seconds)</b></td>
<td><b>Instance</b></td>
</tr>
<tr>
<td title='twc.Automation.ExecutableTestCases.smokeTestCases.Smoke_Test_CaseVerify_Homescreen_marquee_adCall_FTL()'><b>Smoke_Test_CaseVerify_Homescreen_marquee_adCall_FTL</b><br>Test class: twc.Automation.ExecutableTestCases.smokeTestCases</td>
<td></td>
<td>589</td>
<td>twc.Automation.ExecutableTestCases.smokeTestCases@bc57b40</td></tr>
<tr>
<td title='twc.Automation.ExecutableTestCases.smokeTestCases.Smoke_Test_CaseVerify_Today_details_page_iu_FTL()'><b>Smoke_Test_CaseVerify_Today_details_page_iu_FTL</b><br>Test class: twc.Automation.ExecutableTestCases.smokeTestCases</td>
<td></td>
<td>0</td>
<td>twc.Automation.ExecutableTestCases.smokeTestCases@bc57b40</td></tr>
<tr>
<td title='twc.Automation.ExecutableTestCases.smokeTestCases.Smoke_Test_CaseVerify_sz_Homescreen_marquee_adCall_FTL()'><b>Smoke_Test_CaseVerify_sz_Homescreen_marquee_adCall_FTL</b><br>Test class: twc.Automation.ExecutableTestCases.smokeTestCases</td>
<td></td>
<td>0</td>
<td>twc.Automation.ExecutableTestCases.smokeTestCases@bc57b40</td></tr>
<tr>
<td title='twc.Automation.ExecutableTestCases.smokeTestCases.Smoke_Test_Verify_Air_Quality_contentpage_adCall_FTL()'><b>Smoke_Test_Verify_Air_Quality_contentpage_adCall_FTL</b><br>Test class: twc.Automation.ExecutableTestCases.smokeTestCases</td>
<td></td>
<td>0</td>
<td>twc.Automation.ExecutableTestCases.smokeTestCases@bc57b40</td></tr>
<tr>
<td title='twc.Automation.ExecutableTestCases.smokeTestCases.Smoke_Test_Verify_health_and_activities_Allergy_contenPage_adcall_FTL()'><b>Smoke_Test_Verify_health_and_activities_Allergy_contenPage_adcall_FTL</b><br>Test class: twc.Automation.ExecutableTestCases.smokeTestCases</td>
<td></td>
<td>0</td>
<td>twc.Automation.ExecutableTestCases.smokeTestCases@bc57b40</td></tr>
<tr>
<td title='twc.Automation.ExecutableTestCases.smokeTestCases.Smoke_Test_Verify_health_and_activities_Allergy_spotlight_pos_custumparam()'><b>Smoke_Test_Verify_health_and_activities_Allergy_spotlight_pos_custumparam</b><br>Test class: twc.Automation.ExecutableTestCases.smokeTestCases</td>
<td></td>
<td>0</td>
<td>twc.Automation.ExecutableTestCases.smokeTestCases@bc57b40</td></tr>
<tr>
<td title='twc.Automation.ExecutableTestCases.smokeTestCases.Smoke_Test_Verify_health_and_activities_Bot_Beach_contenPage_adcall_FTL()'><b>Smoke_Test_Verify_health_and_activities_Bot_Beach_contenPage_adcall_FTL</b><br>Test class: twc.Automation.ExecutableTestCases.smokeTestCases</td>
<td></td>
<td>0</td>
<td>twc.Automation.ExecutableTestCases.smokeTestCases@bc57b40</td></tr>
<tr>
<td title='twc.Automation.ExecutableTestCases.smokeTestCases.Smoke_Test_Verify_health_and_activities_Running_contenPage_adcall_FTL()'><b>Smoke_Test_Verify_health_and_activities_Running_contenPage_adcall_FTL</b><br>Test class: twc.Automation.ExecutableTestCases.smokeTestCases</td>
<td></td>
<td>0</td>
<td>twc.Automation.ExecutableTestCases.smokeTestCases@bc57b40</td></tr>
<tr>
<td title='twc.Automation.ExecutableTestCases.smokeTestCases.Smoke_Test_Verify_health_and_activities_coldFlu_contenPage_adcall_FTL()'><b>Smoke_Test_Verify_health_and_activities_coldFlu_contenPage_adcall_FTL</b><br>Test class: twc.Automation.ExecutableTestCases.smokeTestCases</td>
<td></td>
<td>0</td>
<td>twc.Automation.ExecutableTestCases.smokeTestCases@bc57b40</td></tr>
<tr>
<td title='twc.Automation.ExecutableTestCases.smokeTestCases.Smoke_Test_Verify_hourly1_detailpage_bigad_adcall_FTL()'><b>Smoke_Test_Verify_hourly1_detailpage_bigad_adcall_FTL</b><br>Test class: twc.Automation.ExecutableTestCases.smokeTestCases</td>
<td></td>
<td>0</td>
<td>twc.Automation.ExecutableTestCases.smokeTestCases@bc57b40</td></tr>
<tr>
<td title='twc.Automation.ExecutableTestCases.smokeTestCases.Smoke_Test_Verify_hourly2_detailpage_bigad_adcall_FTL()'><b>Smoke_Test_Verify_hourly2_detailpage_bigad_adcall_FTL</b><br>Test class: twc.Automation.ExecutableTestCases.smokeTestCases</td>
<td></td>
<td>0</td>
<td>twc.Automation.ExecutableTestCases.smokeTestCases@bc57b40</td></tr>
<tr>
<td title='twc.Automation.ExecutableTestCases.smokeTestCases.Smoke_Test_Verify_hourly3__bigad_detailpage_adcall_FTL()'><b>Smoke_Test_Verify_hourly3__bigad_detailpage_adcall_FTL</b><br>Test class: twc.Automation.ExecutableTestCases.smokeTestCases</td>
<td></td>
<td>0</td>
<td>twc.Automation.ExecutableTestCases.smokeTestCases@bc57b40</td></tr>
<tr>
<td title='twc.Automation.ExecutableTestCases.smokeTestCases.Smoke_Test_Verify_hourly_detailpage_adcall_FTL()'><b>Smoke_Test_Verify_hourly_detailpage_adcall_FTL</b><br>Test class: twc.Automation.ExecutableTestCases.smokeTestCases</td>
<td></td>
<td>67</td>
<td>twc.Automation.ExecutableTestCases.smokeTestCases@bc57b40</td></tr>
<tr>
<td title='twc.Automation.ExecutableTestCases.smokeTestCases.Smoke_Test_Verify_outdoor_detailpage_adcall_FTL()'><b>Smoke_Test_Verify_outdoor_detailpage_adcall_FTL</b><br>Test class: twc.Automation.ExecutableTestCases.smokeTestCases</td>
<td></td>
<td>0</td>
<td>twc.Automation.ExecutableTestCases.smokeTestCases@bc57b40</td></tr>
<tr>
<td title='twc.Automation.ExecutableTestCases.smokeTestCases.Smoke_Test_Verify_sz_AirQuality_contentpage_adCall_FTL()'><b>Smoke_Test_Verify_sz_AirQuality_contentpage_adCall_FTL</b><br>Test class: twc.Automation.ExecutableTestCases.smokeTestCases</td>
<td></td>
<td>0</td>
<td>twc.Automation.ExecutableTestCases.smokeTestCases@bc57b40</td></tr>
<tr>
<td title='twc.Automation.ExecutableTestCases.smokeTestCases.Smoke_Test_Verify_sz_hourly1_detailpage_bigad_adcall_FTL()'><b>Smoke_Test_Verify_sz_hourly1_detailpage_bigad_adcall_FTL</b><br>Test class: twc.Automation.ExecutableTestCases.smokeTestCases</td>
<td></td>
<td>0</td>
<td>twc.Automation.ExecutableTestCases.smokeTestCases@bc57b40</td></tr>
<tr>
<td title='twc.Automation.ExecutableTestCases.smokeTestCases.Smoke_Test_Verify_sz_hourly2_detailpage_bigad_adcall_FTL()'><b>Smoke_Test_Verify_sz_hourly2_detailpage_bigad_adcall_FTL</b><br>Test class: twc.Automation.ExecutableTestCases.smokeTestCases</td>
<td></td>
<td>0</td>
<td>twc.Automation.ExecutableTestCases.smokeTestCases@bc57b40</td></tr>
<tr>
<td title='twc.Automation.ExecutableTestCases.smokeTestCases.Smoke_Test_Verify_sz_hourly3__bigad_detailpage_adcall_FTL()'><b>Smoke_Test_Verify_sz_hourly3__bigad_detailpage_adcall_FTL</b><br>Test class: twc.Automation.ExecutableTestCases.smokeTestCases</td>
<td></td>
<td>0</td>
<td>twc.Automation.ExecutableTestCases.smokeTestCases@bc57b40</td></tr>
<tr>
<td title='twc.Automation.ExecutableTestCases.smokeTestCases.Smoke_Test_Verify_sz_hourly_detailpage_adcall_FTL()'><b>Smoke_Test_Verify_sz_hourly_detailpage_adcall_FTL</b><br>Test class: twc.Automation.ExecutableTestCases.smokeTestCases</td>
<td></td>
<td>0</td>
<td>twc.Automation.ExecutableTestCases.smokeTestCases@bc57b40</td></tr>
<tr>
<td title='twc.Automation.ExecutableTestCases.smokeTestCases.Smoke_Test_Verifying_newdailydetails_day1adcall_FTL()'><b>Smoke_Test_Verifying_newdailydetails_day1adcall_FTL</b><br>Test class: twc.Automation.ExecutableTestCases.smokeTestCases</td>
<td></td>
<td>19</td>
<td>twc.Automation.ExecutableTestCases.smokeTestCases@bc57b40</td></tr>
<tr>
<td title='twc.Automation.ExecutableTestCases.smokeTestCases.Smoke_Test_Verifying_newdailydetails_day2adcall_FTL()'><b>Smoke_Test_Verifying_newdailydetails_day2adcall_FTL</b><br>Test class: twc.Automation.ExecutableTestCases.smokeTestCases</td>
<td></td>
<td>27</td>
<td>twc.Automation.ExecutableTestCases.smokeTestCases@bc57b40</td></tr>
<tr>
<td title='twc.Automation.ExecutableTestCases.smokeTestCases.Smoke_Test_Verifying_newdailydetails_day3adcall_FTL()'><b>Smoke_Test_Verifying_newdailydetails_day3adcall_FTL</b><br>Test class: twc.Automation.ExecutableTestCases.smokeTestCases</td>
<td></td>
<td>27</td>
<td>twc.Automation.ExecutableTestCases.smokeTestCases@bc57b40</td></tr>
<tr>
<td title='twc.Automation.ExecutableTestCases.smokeTestCases.Smoke_Test_Verifying_newdailydetails_day4adcall_FTL()'><b>Smoke_Test_Verifying_newdailydetails_day4adcall_FTL</b><br>Test class: twc.Automation.ExecutableTestCases.smokeTestCases</td>
<td></td>
<td>27</td>
<td>twc.Automation.ExecutableTestCases.smokeTestCases@bc57b40</td></tr>
<tr>
<td title='twc.Automation.ExecutableTestCases.smokeTestCases.Smoke_Test_Verifying_newdailydetails_day5adcall_FTL()'><b>Smoke_Test_Verifying_newdailydetails_day5adcall_FTL</b><br>Test class: twc.Automation.ExecutableTestCases.smokeTestCases</td>
<td></td>
<td>27</td>
<td>twc.Automation.ExecutableTestCases.smokeTestCases@bc57b40</td></tr>
<tr>
<td title='twc.Automation.ExecutableTestCases.smokeTestCases.Smoke_Test_Verifying_newdailydetails_day6adcall_FTL()'><b>Smoke_Test_Verifying_newdailydetails_day6adcall_FTL</b><br>Test class: twc.Automation.ExecutableTestCases.smokeTestCases</td>
<td></td>
<td>27</td>
<td>twc.Automation.ExecutableTestCases.smokeTestCases@bc57b40</td></tr>
<tr>
<td title='twc.Automation.ExecutableTestCases.smokeTestCases.Smoke_Test_Verifying_newdailydetails_day7adcall_FTL()'><b>Smoke_Test_Verifying_newdailydetails_day7adcall_FTL</b><br>Test class: twc.Automation.ExecutableTestCases.smokeTestCases</td>
<td></td>
<td>27</td>
<td>twc.Automation.ExecutableTestCases.smokeTestCases@bc57b40</td></tr>
<tr>
<td title='twc.Automation.ExecutableTestCases.smokeTestCases.Smoke_Test_amazon_aax_Daily_details_preroll_adcall()'><b>Smoke_Test_amazon_aax_Daily_details_preroll_adcall</b><br>Test class: twc.Automation.ExecutableTestCases.smokeTestCases</td>
<td></td>
<td>0</td>
<td>twc.Automation.ExecutableTestCases.smokeTestCases@bc57b40</td></tr>
<tr>
<td title='twc.Automation.ExecutableTestCases.smokeTestCases.Smoke_Test_sz_Verifying_newdailydetails_day2adcall_FTL()'><b>Smoke_Test_sz_Verifying_newdailydetails_day2adcall_FTL</b><br>Test class: twc.Automation.ExecutableTestCases.smokeTestCases</td>
<td></td>
<td>0</td>
<td>twc.Automation.ExecutableTestCases.smokeTestCases@bc57b40</td></tr>
<tr>
<td title='twc.Automation.ExecutableTestCases.smokeTestCases.Smoke_Test_sz_Verifying_newdailydetails_day3adcall_FTL()'><b>Smoke_Test_sz_Verifying_newdailydetails_day3adcall_FTL</b><br>Test class: twc.Automation.ExecutableTestCases.smokeTestCases</td>
<td></td>
<td>0</td>
<td>twc.Automation.ExecutableTestCases.smokeTestCases@bc57b40</td></tr>
<tr>
<td title='twc.Automation.ExecutableTestCases.smokeTestCases.Smoke_Test_sz_Verifying_newdailydetails_day4adcall_FTL()'><b>Smoke_Test_sz_Verifying_newdailydetails_day4adcall_FTL</b><br>Test class: twc.Automation.ExecutableTestCases.smokeTestCases</td>
<td></td>
<td>0</td>
<td>twc.Automation.ExecutableTestCases.smokeTestCases@bc57b40</td></tr>
<tr>
<td title='twc.Automation.ExecutableTestCases.smokeTestCases.Smoke_Test_sz_Verifying_newdailydetails_day5adcall_FTL()'><b>Smoke_Test_sz_Verifying_newdailydetails_day5adcall_FTL</b><br>Test class: twc.Automation.ExecutableTestCases.smokeTestCases</td>
<td></td>
<td>0</td>
<td>twc.Automation.ExecutableTestCases.smokeTestCases@bc57b40</td></tr>
<tr>
<td title='twc.Automation.ExecutableTestCases.smokeTestCases.Smoke_Test_sz_Verifying_newdailydetails_day6adcall_FTL()'><b>Smoke_Test_sz_Verifying_newdailydetails_day6adcall_FTL</b><br>Test class: twc.Automation.ExecutableTestCases.smokeTestCases</td>
<td></td>
<td>0</td>
<td>twc.Automation.ExecutableTestCases.smokeTestCases@bc57b40</td></tr>
<tr>
<td title='twc.Automation.ExecutableTestCases.smokeTestCases.Smoke_Test_sz_Verifying_newdailydetails_day7adcall_FTL()'><b>Smoke_Test_sz_Verifying_newdailydetails_day7adcall_FTL</b><br>Test class: twc.Automation.ExecutableTestCases.smokeTestCases</td>
<td></td>
<td>0</td>
<td>twc.Automation.ExecutableTestCases.smokeTestCases@bc57b40</td></tr>
<tr>
<td title='twc.Automation.ExecutableTestCases.smokeTestCases.Smoke_Test_verifying_feed_1adcall_FTL()'><b>Smoke_Test_verifying_feed_1adcall_FTL</b><br>Test class: twc.Automation.ExecutableTestCases.smokeTestCases</td>
<td></td>
<td>0</td>
<td>twc.Automation.ExecutableTestCases.smokeTestCases@bc57b40</td></tr>
<tr>
<td title='twc.Automation.ExecutableTestCases.smokeTestCases.Smoke_Test_verifying_sz_feed_1_adcall_FTL()'><b>Smoke_Test_verifying_sz_feed_1_adcall_FTL</b><br>Test class: twc.Automation.ExecutableTestCases.smokeTestCases</td>
<td></td>
<td>0</td>
<td>twc.Automation.ExecutableTestCases.smokeTestCases@bc57b40</td></tr>
<tr>
<td title='twc.Automation.ExecutableTestCases.smokeTestCases.Validate_Daily_Details_ltv_Custom_param()'><b>Validate_Daily_Details_ltv_Custom_param</b><br>Test class: twc.Automation.ExecutableTestCases.smokeTestCases</td>
<td></td>
<td>0</td>
<td>twc.Automation.ExecutableTestCases.smokeTestCases@bc57b40</td></tr>
<tr>
<td title='twc.Automation.ExecutableTestCases.smokeTestCases.Validate_Feed1_adid_Custom_param()'><b>Validate_Feed1_adid_Custom_param</b><br>Test class: twc.Automation.ExecutableTestCases.smokeTestCases</td>
<td></td>
<td>0</td>
<td>twc.Automation.ExecutableTestCases.smokeTestCases@bc57b40</td></tr>
<tr>
<td title='twc.Automation.ExecutableTestCases.smokeTestCases.Validate_Feed1_aid_Custom_param()'><b>Validate_Feed1_aid_Custom_param</b><br>Test class: twc.Automation.ExecutableTestCases.smokeTestCases</td>
<td></td>
<td>0</td>
<td>twc.Automation.ExecutableTestCases.smokeTestCases@bc57b40</td></tr>
<tr>
<td title='twc.Automation.ExecutableTestCases.smokeTestCases.Validate_Feed1_ct_Custom_param()'><b>Validate_Feed1_ct_Custom_param</b><br>Test class: twc.Automation.ExecutableTestCases.smokeTestCases</td>
<td></td>
<td>0</td>
<td>twc.Automation.ExecutableTestCases.smokeTestCases@bc57b40</td></tr>
<tr>
<td title='twc.Automation.ExecutableTestCases.smokeTestCases.Validate_Feed1_dma_Custom_param()'><b>Validate_Feed1_dma_Custom_param</b><br>Test class: twc.Automation.ExecutableTestCases.smokeTestCases</td>
<td></td>
<td>0</td>
<td>twc.Automation.ExecutableTestCases.smokeTestCases@bc57b40</td></tr>
<tr>
<td title='twc.Automation.ExecutableTestCases.smokeTestCases.Validate_Feed1_dynght_Custom_param()'><b>Validate_Feed1_dynght_Custom_param</b><br>Test class: twc.Automation.ExecutableTestCases.smokeTestCases</td>
<td></td>
<td>0</td>
<td>twc.Automation.ExecutableTestCases.smokeTestCases@bc57b40</td></tr>
<tr>
<td title='twc.Automation.ExecutableTestCases.smokeTestCases.Validate_Feed1_lang_Custom_param()'><b>Validate_Feed1_lang_Custom_param</b><br>Test class: twc.Automation.ExecutableTestCases.smokeTestCases</td>
<td></td>
<td>0</td>
<td>twc.Automation.ExecutableTestCases.smokeTestCases@bc57b40</td></tr>
<tr>
<td title='twc.Automation.ExecutableTestCases.smokeTestCases.Validate_Feed1_locale_Custom_param()'><b>Validate_Feed1_locale_Custom_param</b><br>Test class: twc.Automation.ExecutableTestCases.smokeTestCases</td>
<td></td>
<td>0</td>
<td>twc.Automation.ExecutableTestCases.smokeTestCases@bc57b40</td></tr>
<tr>
<td title='twc.Automation.ExecutableTestCases.smokeTestCases.Validate_Feed1_ltv_Custom_param()'><b>Validate_Feed1_ltv_Custom_param</b><br>Test class: twc.Automation.ExecutableTestCases.smokeTestCases</td>
<td></td>
<td>0</td>
<td>twc.Automation.ExecutableTestCases.smokeTestCases@bc57b40</td></tr>
<tr>
<td title='twc.Automation.ExecutableTestCases.smokeTestCases.Validate_Feed1_mr_Custom_param()'><b>Validate_Feed1_mr_Custom_param</b><br>Test class: twc.Automation.ExecutableTestCases.smokeTestCases</td>
<td></td>
<td>0</td>
<td>twc.Automation.ExecutableTestCases.smokeTestCases@bc57b40</td></tr>
<tr>
<td title='twc.Automation.ExecutableTestCases.smokeTestCases.Validate_Feed1_ord_Custom_param()'><b>Validate_Feed1_ord_Custom_param</b><br>Test class: twc.Automation.ExecutableTestCases.smokeTestCases</td>
<td></td>
<td>0</td>
<td>twc.Automation.ExecutableTestCases.smokeTestCases@bc57b40</td></tr>
<tr>
<td title='twc.Automation.ExecutableTestCases.smokeTestCases.Validate_Feed1_plat_Custom_param()'><b>Validate_Feed1_plat_Custom_param</b><br>Test class: twc.Automation.ExecutableTestCases.smokeTestCases</td>
<td></td>
<td>0</td>
<td>twc.Automation.ExecutableTestCases.smokeTestCases@bc57b40</td></tr>
<tr>
<td title='twc.Automation.ExecutableTestCases.smokeTestCases.Validate_Feed1_pos_Custom_param()'><b>Validate_Feed1_pos_Custom_param</b><br>Test class: twc.Automation.ExecutableTestCases.smokeTestCases</td>
<td></td>
<td>0</td>
<td>twc.Automation.ExecutableTestCases.smokeTestCases@bc57b40</td></tr>
<tr>
<td title='twc.Automation.ExecutableTestCases.smokeTestCases.Validate_Feed1_slotName_Custom_param()'><b>Validate_Feed1_slotName_Custom_param</b><br>Test class: twc.Automation.ExecutableTestCases.smokeTestCases</td>
<td></td>
<td>0</td>
<td>twc.Automation.ExecutableTestCases.smokeTestCases@bc57b40</td></tr>
<tr>
<td title='twc.Automation.ExecutableTestCases.smokeTestCases.Validate_Feed1_sod_Custom_param()'><b>Validate_Feed1_sod_Custom_param</b><br>Test class: twc.Automation.ExecutableTestCases.smokeTestCases</td>
<td></td>
<td>0</td>
<td>twc.Automation.ExecutableTestCases.smokeTestCases@bc57b40</td></tr>
<tr>
<td title='twc.Automation.ExecutableTestCases.smokeTestCases.Validate_Feed1_st_Custom_param()'><b>Validate_Feed1_st_Custom_param</b><br>Test class: twc.Automation.ExecutableTestCases.smokeTestCases</td>
<td></td>
<td>0</td>
<td>twc.Automation.ExecutableTestCases.smokeTestCases@bc57b40</td></tr>
<tr>
<td title='twc.Automation.ExecutableTestCases.smokeTestCases.Validate_Feed1_tile_Custom_param()'><b>Validate_Feed1_tile_Custom_param</b><br>Test class: twc.Automation.ExecutableTestCases.smokeTestCases</td>
<td></td>
<td>0</td>
<td>twc.Automation.ExecutableTestCases.smokeTestCases@bc57b40</td></tr>
<tr>
<td title='twc.Automation.ExecutableTestCases.smokeTestCases.Validate_Feed1_tmp_Custom_param()'><b>Validate_Feed1_tmp_Custom_param</b><br>Test class: twc.Automation.ExecutableTestCases.smokeTestCases</td>
<td></td>
<td>0</td>
<td>twc.Automation.ExecutableTestCases.smokeTestCases@bc57b40</td></tr>
<tr>
<td title='twc.Automation.ExecutableTestCases.smokeTestCases.Validate_Feed1_tmpr_Custom_param()'><b>Validate_Feed1_tmpr_Custom_param</b><br>Test class: twc.Automation.ExecutableTestCases.smokeTestCases</td>
<td></td>
<td>0</td>
<td>twc.Automation.ExecutableTestCases.smokeTestCases@bc57b40</td></tr>
<tr>
<td title='twc.Automation.ExecutableTestCases.smokeTestCases.Validate_Feed1_ver_Custom_param()'><b>Validate_Feed1_ver_Custom_param</b><br>Test class: twc.Automation.ExecutableTestCases.smokeTestCases</td>
<td></td>
<td>0</td>
<td>twc.Automation.ExecutableTestCases.smokeTestCases@bc57b40</td></tr>
<tr>
<td title='twc.Automation.ExecutableTestCases.smokeTestCases.Validate_Feed1_zip_Custom_param()'><b>Validate_Feed1_zip_Custom_param</b><br>Test class: twc.Automation.ExecutableTestCases.smokeTestCases</td>
<td></td>
<td>0</td>
<td>twc.Automation.ExecutableTestCases.smokeTestCases@bc57b40</td></tr>
<tr>
<td title='twc.Automation.ExecutableTestCases.smokeTestCases.Validate_HourlyDetails_adid_Custom_param()'><b>Validate_HourlyDetails_adid_Custom_param</b><br>Test class: twc.Automation.ExecutableTestCases.smokeTestCases</td>
<td></td>
<td>0</td>
<td>twc.Automation.ExecutableTestCases.smokeTestCases@bc57b40</td></tr>
<tr>
<td title='twc.Automation.ExecutableTestCases.smokeTestCases.Validate_HourlyDetails_aid_Custom_param()'><b>Validate_HourlyDetails_aid_Custom_param</b><br>Test class: twc.Automation.ExecutableTestCases.smokeTestCases</td>
<td></td>
<td>0</td>
<td>twc.Automation.ExecutableTestCases.smokeTestCases@bc57b40</td></tr>
<tr>
<td title='twc.Automation.ExecutableTestCases.smokeTestCases.Validate_HourlyDetails_ct_Custom_param()'><b>Validate_HourlyDetails_ct_Custom_param</b><br>Test class: twc.Automation.ExecutableTestCases.smokeTestCases</td>
<td></td>
<td>0</td>
<td>twc.Automation.ExecutableTestCases.smokeTestCases@bc57b40</td></tr>
<tr>
<td title='twc.Automation.ExecutableTestCases.smokeTestCases.Validate_HourlyDetails_dma_Custom_param()'><b>Validate_HourlyDetails_dma_Custom_param</b><br>Test class: twc.Automation.ExecutableTestCases.smokeTestCases</td>
<td></td>
<td>0</td>
<td>twc.Automation.ExecutableTestCases.smokeTestCases@bc57b40</td></tr>
<tr>
<td title='twc.Automation.ExecutableTestCases.smokeTestCases.Validate_HourlyDetails_dynght_Custom_param()'><b>Validate_HourlyDetails_dynght_Custom_param</b><br>Test class: twc.Automation.ExecutableTestCases.smokeTestCases</td>
<td></td>
<td>0</td>
<td>twc.Automation.ExecutableTestCases.smokeTestCases@bc57b40</td></tr>
<tr>
<td title='twc.Automation.ExecutableTestCases.smokeTestCases.Validate_HourlyDetails_lang_Custom_param()'><b>Validate_HourlyDetails_lang_Custom_param</b><br>Test class: twc.Automation.ExecutableTestCases.smokeTestCases</td>
<td></td>
<td>0</td>
<td>twc.Automation.ExecutableTestCases.smokeTestCases@bc57b40</td></tr>
<tr>
<td title='twc.Automation.ExecutableTestCases.smokeTestCases.Validate_HourlyDetails_locale_Custom_param()'><b>Validate_HourlyDetails_locale_Custom_param</b><br>Test class: twc.Automation.ExecutableTestCases.smokeTestCases</td>
<td></td>
<td>0</td>
<td>twc.Automation.ExecutableTestCases.smokeTestCases@bc57b40</td></tr>
<tr>
<td title='twc.Automation.ExecutableTestCases.smokeTestCases.Validate_HourlyDetails_ltv_Custom_param()'><b>Validate_HourlyDetails_ltv_Custom_param</b><br>Test class: twc.Automation.ExecutableTestCases.smokeTestCases</td>
<td></td>
<td>0</td>
<td>twc.Automation.ExecutableTestCases.smokeTestCases@bc57b40</td></tr>
<tr>
<td title='twc.Automation.ExecutableTestCases.smokeTestCases.Validate_HourlyDetails_ord_Custom_param()'><b>Validate_HourlyDetails_ord_Custom_param</b><br>Test class: twc.Automation.ExecutableTestCases.smokeTestCases</td>
<td></td>
<td>0</td>
<td>twc.Automation.ExecutableTestCases.smokeTestCases@bc57b40</td></tr>
<tr>
<td title='twc.Automation.ExecutableTestCases.smokeTestCases.Validate_HourlyDetails_plat_Custom_param()'><b>Validate_HourlyDetails_plat_Custom_param</b><br>Test class: twc.Automation.ExecutableTestCases.smokeTestCases</td>
<td></td>
<td>0</td>
<td>twc.Automation.ExecutableTestCases.smokeTestCases@bc57b40</td></tr>
<tr>
<td title='twc.Automation.ExecutableTestCases.smokeTestCases.Validate_HourlyDetails_pos_Custom_param()'><b>Validate_HourlyDetails_pos_Custom_param</b><br>Test class: twc.Automation.ExecutableTestCases.smokeTestCases</td>
<td></td>
<td>0</td>
<td>twc.Automation.ExecutableTestCases.smokeTestCases@bc57b40</td></tr>
<tr>
<td title='twc.Automation.ExecutableTestCases.smokeTestCases.Validate_HourlyDetails_slotName_Custom_param()'><b>Validate_HourlyDetails_slotName_Custom_param</b><br>Test class: twc.Automation.ExecutableTestCases.smokeTestCases</td>
<td></td>
<td>0</td>
<td>twc.Automation.ExecutableTestCases.smokeTestCases@bc57b40</td></tr>
<tr>
<td title='twc.Automation.ExecutableTestCases.smokeTestCases.Validate_HourlyDetails_sod_Custom_param()'><b>Validate_HourlyDetails_sod_Custom_param</b><br>Test class: twc.Automation.ExecutableTestCases.smokeTestCases</td>
<td></td>
<td>0</td>
<td>twc.Automation.ExecutableTestCases.smokeTestCases@bc57b40</td></tr>
<tr>
<td title='twc.Automation.ExecutableTestCases.smokeTestCases.Validate_HourlyDetails_st_Custom_param()'><b>Validate_HourlyDetails_st_Custom_param</b><br>Test class: twc.Automation.ExecutableTestCases.smokeTestCases</td>
<td></td>
<td>0</td>
<td>twc.Automation.ExecutableTestCases.smokeTestCases@bc57b40</td></tr>
<tr>
<td title='twc.Automation.ExecutableTestCases.smokeTestCases.Validate_HourlyDetails_tf_Custom_param()'><b>Validate_HourlyDetails_tf_Custom_param</b><br>Test class: twc.Automation.ExecutableTestCases.smokeTestCases</td>
<td></td>
<td>0</td>
<td>twc.Automation.ExecutableTestCases.smokeTestCases@bc57b40</td></tr>
<tr>
<td title='twc.Automation.ExecutableTestCases.smokeTestCases.Validate_HourlyDetails_tile_Custom_param()'><b>Validate_HourlyDetails_tile_Custom_param</b><br>Test class: twc.Automation.ExecutableTestCases.smokeTestCases</td>
<td></td>
<td>0</td>
<td>twc.Automation.ExecutableTestCases.smokeTestCases@bc57b40</td></tr>
<tr>
<td title='twc.Automation.ExecutableTestCases.smokeTestCases.Validate_HourlyDetails_tmp_Custom_param()'><b>Validate_HourlyDetails_tmp_Custom_param</b><br>Test class: twc.Automation.ExecutableTestCases.smokeTestCases</td>
<td></td>
<td>0</td>
<td>twc.Automation.ExecutableTestCases.smokeTestCases@bc57b40</td></tr>
<tr>
<td title='twc.Automation.ExecutableTestCases.smokeTestCases.Validate_HourlyDetails_tmpr_Custom_param()'><b>Validate_HourlyDetails_tmpr_Custom_param</b><br>Test class: twc.Automation.ExecutableTestCases.smokeTestCases</td>
<td></td>
<td>0</td>
<td>twc.Automation.ExecutableTestCases.smokeTestCases@bc57b40</td></tr>
<tr>
<td title='twc.Automation.ExecutableTestCases.smokeTestCases.Validate_HourlyDetails_ver_Custom_param()'><b>Validate_HourlyDetails_ver_Custom_param</b><br>Test class: twc.Automation.ExecutableTestCases.smokeTestCases</td>
<td></td>
<td>0</td>
<td>twc.Automation.ExecutableTestCases.smokeTestCases@bc57b40</td></tr>
<tr>
<td title='twc.Automation.ExecutableTestCases.smokeTestCases.Validate_HourlyDetails_zip_Custom_param()'><b>Validate_HourlyDetails_zip_Custom_param</b><br>Test class: twc.Automation.ExecutableTestCases.smokeTestCases</td>
<td></td>
<td>0</td>
<td>twc.Automation.ExecutableTestCases.smokeTestCases@bc57b40</td></tr>
<tr>
<td title='twc.Automation.ExecutableTestCases.smokeTestCases.Validate_IMA_SDK_version()'><b>Validate_IMA_SDK_version</b><br>Test class: twc.Automation.ExecutableTestCases.smokeTestCases</td>
<td></td>
<td>0</td>
<td>twc.Automation.ExecutableTestCases.smokeTestCases@bc57b40</td></tr>
<tr>
<td title='twc.Automation.ExecutableTestCases.smokeTestCases.Validate_Marquee_adid_Custom_param()'><b>Validate_Marquee_adid_Custom_param</b><br>Test class: twc.Automation.ExecutableTestCases.smokeTestCases</td>
<td></td>
<td>0</td>
<td>twc.Automation.ExecutableTestCases.smokeTestCases@bc57b40</td></tr>
<tr>
<td title='twc.Automation.ExecutableTestCases.smokeTestCases.Validate_Marquee_aid_Custom_param()'><b>Validate_Marquee_aid_Custom_param</b><br>Test class: twc.Automation.ExecutableTestCases.smokeTestCases</td>
<td></td>
<td>0</td>
<td>twc.Automation.ExecutableTestCases.smokeTestCases@bc57b40</td></tr>
<tr>
<td title='twc.Automation.ExecutableTestCases.smokeTestCases.Validate_Marquee_ct_Custom_param()'><b>Validate_Marquee_ct_Custom_param</b><br>Test class: twc.Automation.ExecutableTestCases.smokeTestCases</td>
<td></td>
<td>0</td>
<td>twc.Automation.ExecutableTestCases.smokeTestCases@bc57b40</td></tr>
<tr>
<td title='twc.Automation.ExecutableTestCases.smokeTestCases.Validate_Marquee_dma_Custom_param()'><b>Validate_Marquee_dma_Custom_param</b><br>Test class: twc.Automation.ExecutableTestCases.smokeTestCases</td>
<td></td>
<td>0</td>
<td>twc.Automation.ExecutableTestCases.smokeTestCases@bc57b40</td></tr>
<tr>
<td title='twc.Automation.ExecutableTestCases.smokeTestCases.Validate_Marquee_dynght_Custom_param()'><b>Validate_Marquee_dynght_Custom_param</b><br>Test class: twc.Automation.ExecutableTestCases.smokeTestCases</td>
<td></td>
<td>0</td>
<td>twc.Automation.ExecutableTestCases.smokeTestCases@bc57b40</td></tr>
<tr>
<td title='twc.Automation.ExecutableTestCases.smokeTestCases.Validate_Marquee_im_Custom_param()'><b>Validate_Marquee_im_Custom_param</b><br>Test class: twc.Automation.ExecutableTestCases.smokeTestCases</td>
<td></td>
<td>0</td>
<td>twc.Automation.ExecutableTestCases.smokeTestCases@bc57b40</td></tr>
<tr>
<td title='twc.Automation.ExecutableTestCases.smokeTestCases.Validate_Marquee_lang_Custom_param()'><b>Validate_Marquee_lang_Custom_param</b><br>Test class: twc.Automation.ExecutableTestCases.smokeTestCases</td>
<td></td>
<td>0</td>
<td>twc.Automation.ExecutableTestCases.smokeTestCases@bc57b40</td></tr>
<tr>
<td title='twc.Automation.ExecutableTestCases.smokeTestCases.Validate_Marquee_locale_Custom_param()'><b>Validate_Marquee_locale_Custom_param</b><br>Test class: twc.Automation.ExecutableTestCases.smokeTestCases</td>
<td></td>
<td>0</td>
<td>twc.Automation.ExecutableTestCases.smokeTestCases@bc57b40</td></tr>
<tr>
<td title='twc.Automation.ExecutableTestCases.smokeTestCases.Validate_Marquee_ltv_Custom_param()'><b>Validate_Marquee_ltv_Custom_param</b><br>Test class: twc.Automation.ExecutableTestCases.smokeTestCases</td>
<td></td>
<td>0</td>
<td>twc.Automation.ExecutableTestCases.smokeTestCases@bc57b40</td></tr>
<tr>
<td title='twc.Automation.ExecutableTestCases.smokeTestCases.Validate_Marquee_mr_Custom_param()'><b>Validate_Marquee_mr_Custom_param</b><br>Test class: twc.Automation.ExecutableTestCases.smokeTestCases</td>
<td></td>
<td>0</td>
<td>twc.Automation.ExecutableTestCases.smokeTestCases@bc57b40</td></tr>
<tr>
<td title='twc.Automation.ExecutableTestCases.smokeTestCases.Validate_Marquee_ord_Custom_param()'><b>Validate_Marquee_ord_Custom_param</b><br>Test class: twc.Automation.ExecutableTestCases.smokeTestCases</td>
<td></td>
<td>0</td>
<td>twc.Automation.ExecutableTestCases.smokeTestCases@bc57b40</td></tr>
<tr>
<td title='twc.Automation.ExecutableTestCases.smokeTestCases.Validate_Marquee_plat_Custom_param()'><b>Validate_Marquee_plat_Custom_param</b><br>Test class: twc.Automation.ExecutableTestCases.smokeTestCases</td>
<td></td>
<td>219</td>
<td>twc.Automation.ExecutableTestCases.smokeTestCases@bc57b40</td></tr>
<tr>
<td title='twc.Automation.ExecutableTestCases.smokeTestCases.Validate_Marquee_pos_Custom_param()'><b>Validate_Marquee_pos_Custom_param</b><br>Test class: twc.Automation.ExecutableTestCases.smokeTestCases</td>
<td></td>
<td>0</td>
<td>twc.Automation.ExecutableTestCases.smokeTestCases@bc57b40</td></tr>
<tr>
<td title='twc.Automation.ExecutableTestCases.smokeTestCases.Validate_Marquee_slotName_Custom_param()'><b>Validate_Marquee_slotName_Custom_param</b><br>Test class: twc.Automation.ExecutableTestCases.smokeTestCases</td>
<td></td>
<td>0</td>
<td>twc.Automation.ExecutableTestCases.smokeTestCases@bc57b40</td></tr>
<tr>
<td title='twc.Automation.ExecutableTestCases.smokeTestCases.Validate_Marquee_st_Custom_param()'><b>Validate_Marquee_st_Custom_param</b><br>Test class: twc.Automation.ExecutableTestCases.smokeTestCases</td>
<td></td>
<td>0</td>
<td>twc.Automation.ExecutableTestCases.smokeTestCases@bc57b40</td></tr>
<tr>
<td title='twc.Automation.ExecutableTestCases.smokeTestCases.Validate_Marquee_tile_Custom_param()'><b>Validate_Marquee_tile_Custom_param</b><br>Test class: twc.Automation.ExecutableTestCases.smokeTestCases</td>
<td></td>
<td>0</td>
<td>twc.Automation.ExecutableTestCases.smokeTestCases@bc57b40</td></tr>
<tr>
<td title='twc.Automation.ExecutableTestCases.smokeTestCases.Validate_Marquee_tmp_Custom_param()'><b>Validate_Marquee_tmp_Custom_param</b><br>Test class: twc.Automation.ExecutableTestCases.smokeTestCases</td>
<td></td>
<td>0</td>
<td>twc.Automation.ExecutableTestCases.smokeTestCases@bc57b40</td></tr>
<tr>
<td title='twc.Automation.ExecutableTestCases.smokeTestCases.Validate_Marquee_tmpr_Custom_param()'><b>Validate_Marquee_tmpr_Custom_param</b><br>Test class: twc.Automation.ExecutableTestCases.smokeTestCases</td>
<td></td>
<td>0</td>
<td>twc.Automation.ExecutableTestCases.smokeTestCases@bc57b40</td></tr>
<tr>
<td title='twc.Automation.ExecutableTestCases.smokeTestCases.Validate_Marquee_ver_Custom_param()'><b>Validate_Marquee_ver_Custom_param</b><br>Test class: twc.Automation.ExecutableTestCases.smokeTestCases</td>
<td></td>
<td>0</td>
<td>twc.Automation.ExecutableTestCases.smokeTestCases@bc57b40</td></tr>
<tr>
<td title='twc.Automation.ExecutableTestCases.smokeTestCases.Validate_Marquee_zip_Custom_param()'><b>Validate_Marquee_zip_Custom_param</b><br>Test class: twc.Automation.ExecutableTestCases.smokeTestCases</td>
<td></td>
<td>0</td>
<td>twc.Automation.ExecutableTestCases.smokeTestCases@bc57b40</td></tr>
<tr>
<td title='twc.Automation.ExecutableTestCases.smokeTestCases.Validate_PreRollVideo_cmsid_Custom_param()'><b>Validate_PreRollVideo_cmsid_Custom_param</b><br>Test class: twc.Automation.ExecutableTestCases.smokeTestCases</td>
<td></td>
<td>297</td>
<td>twc.Automation.ExecutableTestCases.smokeTestCases@bc57b40</td></tr>
<tr>
<td title='twc.Automation.ExecutableTestCases.smokeTestCases.Validate_PreRollVideo_content_url_Custom_param()'><b>Validate_PreRollVideo_content_url_Custom_param</b><br>Test class: twc.Automation.ExecutableTestCases.smokeTestCases</td>
<td></td>
<td>0</td>
<td>twc.Automation.ExecutableTestCases.smokeTestCases@bc57b40</td></tr>
<tr>
<td title='twc.Automation.ExecutableTestCases.smokeTestCases.Validate_PreRollVideo_description_url_Custom_param()'><b>Validate_PreRollVideo_description_url_Custom_param</b><br>Test class: twc.Automation.ExecutableTestCases.smokeTestCases</td>
<td></td>
<td>0</td>
<td>twc.Automation.ExecutableTestCases.smokeTestCases@bc57b40</td></tr>
<tr>
<td title='twc.Automation.ExecutableTestCases.smokeTestCases.Validate_PreRollVideo_lnid_Custom_param()'><b>Validate_PreRollVideo_lnid_Custom_param</b><br>Test class: twc.Automation.ExecutableTestCases.smokeTestCases</td>
<td></td>
<td>0</td>
<td>twc.Automation.ExecutableTestCases.smokeTestCases@bc57b40</td></tr>
<tr>
<td title='twc.Automation.ExecutableTestCases.smokeTestCases.Validate_PreRollVideo_plist_Custom_param()'><b>Validate_PreRollVideo_plist_Custom_param</b><br>Test class: twc.Automation.ExecutableTestCases.smokeTestCases</td>
<td></td>
<td>0</td>
<td>twc.Automation.ExecutableTestCases.smokeTestCases@bc57b40</td></tr>
<tr>
<td title='twc.Automation.ExecutableTestCases.smokeTestCases.Validate_PreRollVideo_ttid_Custom_param()'><b>Validate_PreRollVideo_ttid_Custom_param</b><br>Test class: twc.Automation.ExecutableTestCases.smokeTestCases</td>
<td></td>
<td>0</td>
<td>twc.Automation.ExecutableTestCases.smokeTestCases@bc57b40</td></tr>
<tr>
<td title='twc.Automation.ExecutableTestCases.smokeTestCases.Validate_PreRollVideo_vid_Custom_param()'><b>Validate_PreRollVideo_vid_Custom_param</b><br>Test class: twc.Automation.ExecutableTestCases.smokeTestCases</td>
<td></td>
<td>0</td>
<td>twc.Automation.ExecutableTestCases.smokeTestCases@bc57b40</td></tr>
<tr>
<td title='twc.Automation.ExecutableTestCases.smokeTestCases.Validate_dailydetails_dt_Custom_param()'><b>Validate_dailydetails_dt_Custom_param</b><br>Test class: twc.Automation.ExecutableTestCases.smokeTestCases</td>
<td></td>
<td>0</td>
<td>twc.Automation.ExecutableTestCases.smokeTestCases@bc57b40</td></tr>
<tr>
<td title='twc.Automation.ExecutableTestCases.smokeTestCases.Validate_dailydetails_fcnd_Custom_param()'><b>Validate_dailydetails_fcnd_Custom_param</b><br>Test class: twc.Automation.ExecutableTestCases.smokeTestCases</td>
<td></td>
<td>0</td>
<td>twc.Automation.ExecutableTestCases.smokeTestCases@bc57b40</td></tr>
<tr>
<td title='twc.Automation.ExecutableTestCases.smokeTestCases.Validate_dailydetails_mnth_Custom_param()'><b>Validate_dailydetails_mnth_Custom_param</b><br>Test class: twc.Automation.ExecutableTestCases.smokeTestCases</td>
<td></td>
<td>0</td>
<td>twc.Automation.ExecutableTestCases.smokeTestCases@bc57b40</td></tr>
<tr>
<td title='twc.Automation.ExecutableTestCases.smokeTestCases.Validate_nonRefresh_HourlyDetails_mr_Custom_param()'><b>Validate_nonRefresh_HourlyDetails_mr_Custom_param</b><br>Test class: twc.Automation.ExecutableTestCases.smokeTestCases</td>
<td></td>
<td>0</td>
<td>twc.Automation.ExecutableTestCases.smokeTestCases@bc57b40</td></tr>
<tr>
<td title='twc.Automation.ExecutableTestCases.smokeTestCases.Verify_AlertCenterAd()'><b>Verify_AlertCenterAd</b><br>Test class: twc.Automation.ExecutableTestCases.smokeTestCases</td>
<td></td>
<td>0</td>
<td>twc.Automation.ExecutableTestCases.smokeTestCases@bc57b40</td></tr>
<tr>
<td title='twc.Automation.ExecutableTestCases.smokeTestCases.Verify_SafetyAndPreparednessCard_AdCall()'><b>Verify_SafetyAndPreparednessCard_AdCall</b><br>Test class: twc.Automation.ExecutableTestCases.smokeTestCases</td>
<td></td>
<td>0</td>
<td>twc.Automation.ExecutableTestCases.smokeTestCases@bc57b40</td></tr>
<tr>
<td title='twc.Automation.ExecutableTestCases.smokeTestCases.Verify_sz_AlertCenterAd()'><b>Verify_sz_AlertCenterAd</b><br>Test class: twc.Automation.ExecutableTestCases.smokeTestCases</td>
<td></td>
<td>0</td>
<td>twc.Automation.ExecutableTestCases.smokeTestCases@bc57b40</td></tr>
<tr>
<td title='twc.Automation.ExecutableTestCases.smokeTestCases.Verifying_Factual_locationwfxtriggerscom_apiCall_supressing()'><b>Verifying_Factual_locationwfxtriggerscom_apiCall_supressing</b><br>Test class: twc.Automation.ExecutableTestCases.smokeTestCases</td>
<td></td>
<td>0</td>
<td>twc.Automation.ExecutableTestCases.smokeTestCases@bc57b40</td></tr>
<tr>
<td title='twc.Automation.ExecutableTestCases.smokeTestCases.validate_HomeScreen_marquee_sod_Custom_param()'><b>validate_HomeScreen_marquee_sod_Custom_param</b><br>Test class: twc.Automation.ExecutableTestCases.smokeTestCases</td>
<td></td>
<td>0</td>
<td>twc.Automation.ExecutableTestCases.smokeTestCases@bc57b40</td></tr>
</table><p>
</body>
</html>