<!DOCTYPE html PUBLIC "-//W3C//DTD XHTML 1.1//EN" "http://www.w3.org/TR/xhtml11/DTD/xhtml11.dtd">
<html xmlns="http://www.w3.org/1999/xhtml"><head><title>TestNG Report</title><style type="text/css">table {margin-bottom:10px;border-collapse:collapse;empty-cells:show}th,td {border:1px solid #009;padding:.25em .5em}th {vertical-align:bottom}td {vertical-align:top}table a {font-weight:bold}.stripe td {background-color: #E6EBF9}.num {text-align:right}.passedodd td {background-color: #3F3}.passedeven td {background-color: #0A0}.skippedodd td {background-color: #DDD}.skippedeven td {background-color: #CCC}.failedodd td,.attn {background-color: #F33}.failedeven td,.stripe .attn {background-color: #D00}.stacktrace {white-space:pre;font-family:monospace}.totop {font-size:85%;text-align:center;border-bottom:2px solid #000}</style></head><body><table><tr><th>Test</th><th># Passed</th><th># Skipped</th><th># Failed</th><th>Time (ms)</th><th>Included Groups</th><th>Excluded Groups</th></tr><tr><th colspan="7">Default suite</th></tr><tr><td><a href="#t0">Default test</a></td><td class="num">113</td><td class="num">0</td><td class="num attn">28</td><td class="num">1,753,924</td><td></td><td></td></tr></table><table><thead><tr><th>Class</th><th>Method</th><th>Start</th><th>Time (ms)</th></tr></thead><tbody><tr><th colspan="4">Default suite</th></tr></tbody><tbody id="t0"><tr><th colspan="4">Default test &#8212; failed</th></tr><tr class="failedeven"><td rowspan="28">twc.Automation.ExecutableTestCases.smokeTestCases</td><td><a href="#m0">Smoke_Test_CaseVerify_WeatherFXAPI_url_KillLaunch</a></td><td rowspan="1">1665650783893</td><td rowspan="1">9</td></tr><tr class="failedeven"><td><a href="#m1">Smoke_Test_CaseVerify_turbo_url_KillLaunch</a></td><td rowspan="1">1665650783914</td><td rowspan="1">11</td></tr><tr class="failedeven"><td><a href="#m2">Smoke_Test_Case_Verify_Radar_Maps_deatailspage_adCall_FTL</a></td><td rowspan="1">1665650529955</td><td rowspan="1">288</td></tr><tr class="failedeven"><td><a href="#m3">Smoke_Test_Case_Verify_sz_Radar_Maps_deatailspage_adCall_FTL</a></td><td rowspan="1">1665650533134</td><td rowspan="1">285</td></tr><tr class="failedeven"><td><a href="#m4">Smoke_Test__Verifying_Bcp_apicall_URL_killLaunch</a></td><td rowspan="1">1665650783929</td><td rowspan="1">9</td></tr><tr class="failedeven"><td><a href="#m5">Smoke_Test_amazon_aaxSlot_feed1_preroladcall_killLaunch</a></td><td rowspan="1">1665650783997</td><td rowspan="1">9</td></tr><tr class="failedeven"><td><a href="#m6">Smoke_Test_amazon_aax_Hourly1_bigaddetails_preroll_adcall_killLaunch</a></td><td rowspan="1">1665650783952</td><td rowspan="1">8</td></tr><tr class="failedeven"><td><a href="#m7">Smoke_Test_amazon_aax_Hourly2_bigaddetails_preroll_adcall_killLaunch</a></td><td rowspan="1">1665650783963</td><td rowspan="1">8</td></tr><tr class="failedeven"><td><a href="#m8">Smoke_Test_amazon_aax_Hourly3_bigaddetails_preroll_adcall_killLaunch</a></td><td rowspan="1">1665650783974</td><td rowspan="1">7</td></tr><tr class="failedeven"><td><a href="#m9">Smoke_Test_amazon_aax_Hourly_preroll_adcall_killLaunch</a></td><td rowspan="1">1665650783942</td><td rowspan="1">8</td></tr><tr class="failedeven"><td><a href="#m10">Smoke_Test_amazon_aax_mapsdetails_preload_adcall</a></td><td rowspan="1">1665650783985</td><td rowspan="1">9</td></tr><tr class="failedeven"><td><a href="#m11">Smoke_Test_amazon_aax_preload_video_adcall</a></td><td rowspan="1">1665650784009</td><td rowspan="1">8</td></tr><tr class="failedeven"><td><a href="#m12">Validate_Amazon_SDK_adsdk_parameter</a></td><td rowspan="1">1665650784083</td><td rowspan="1">12</td></tr><tr class="failedeven"><td><a href="#m13">Validate_Criteo_SDK_Bidder_API_Call_Response_Code</a></td><td rowspan="1">1665650784068</td><td rowspan="1">12</td></tr><tr class="failedeven"><td><a href="#m14">Validate_Criteo_SDK_Initialization_API_Call_Response_Code</a></td><td rowspan="1">1665650784097</td><td rowspan="1">8</td></tr><tr class="failedeven"><td><a href="#m15">Validate_Criteo_SDK_Initialization_API_Call_Response_Parameter_csmEnabled</a></td><td rowspan="1">1665650784109</td><td rowspan="1">11</td></tr><tr class="failedeven"><td><a href="#m16">Validate_Criteo_SDK_Initialization_API_Call_Response_Parameter_liveBiddingEnabled</a></td><td rowspan="1">1665650784122</td><td rowspan="1">10</td></tr><tr class="failedeven"><td><a href="#m17">Validate_Criteo_SDK_config_app_Call_bundleId_parameter</a></td><td rowspan="1">1665650784053</td><td rowspan="1">13</td></tr><tr class="failedeven"><td><a href="#m18">Validate_Criteo_SDK_config_app_Call_cpId_parameter</a></td><td rowspan="1">1665650784041</td><td rowspan="1">9</td></tr><tr class="failedeven"><td><a href="#m19">Validate_Criteo_SDK_config_app_Call_sdkVersion_parameter</a></td><td rowspan="1">1665650784029</td><td rowspan="1">9</td></tr><tr class="failedeven"><td><a href="#m20">Validate_Feed1_cnd_Custom_param</a></td><td rowspan="1">1665651305053</td><td rowspan="1">155</td></tr><tr class="failedeven"><td><a href="#m21">Validate_Feed1_tmpc_Custom_param</a></td><td rowspan="1">1665651306203</td><td rowspan="1">144</td></tr><tr class="failedeven"><td><a href="#m22">Validate_GMA_SDK_version</a></td><td rowspan="1">1665651309459</td><td rowspan="1">78</td></tr><tr class="failedeven"><td><a href="#m23">Validate_HourlyDetails_cnd_Custom_param</a></td><td rowspan="1">1665651305210</td><td rowspan="1">147</td></tr><tr class="failedeven"><td><a href="#m24">Validate_HourlyDetails_tmpc_Custom_param</a></td><td rowspan="1">1665651306349</td><td rowspan="1">140</td></tr><tr class="failedeven"><td><a href="#m25">Validate_Marquee_cnd_Custom_param</a></td><td rowspan="1">1665651304869</td><td rowspan="1">182</td></tr><tr class="failedeven"><td><a href="#m26">Validate_Marquee_tmpc_Custom_param</a></td><td rowspan="1">1665651306055</td><td rowspan="1">146</td></tr><tr class="failedeven"><td><a href="#m27">Validate_dailydetails_dynght_Custom_param</a></td><td rowspan="1">1665650620677</td><td rowspan="1">10</td></tr><tr><th colspan="4">Default test &#8212; passed</th></tr><tr class="passedeven"><td rowspan="113">twc.Automation.ExecutableTestCases.smokeTestCases</td><td><a href="#m28">Smoke_Test_CaseVerify_Homescreen_marquee_adCall_FTL</a></td><td rowspan="1">1665649938904</td><td rowspan="1">589050</td></tr><tr class="passedeven"><td><a href="#m29">Smoke_Test_CaseVerify_Today_details_page_iu_FTL</a></td><td rowspan="1">1665650530545</td><td rowspan="1">292</td></tr><tr class="passedeven"><td><a href="#m30">Smoke_Test_CaseVerify_sz_Homescreen_marquee_adCall_FTL</a></td><td rowspan="1">1665650532301</td><td rowspan="1">264</td></tr><tr class="passedeven"><td><a href="#m31">Smoke_Test_Verify_Air_Quality_contentpage_adCall_FTL</a></td><td rowspan="1">1665650531201</td><td rowspan="1">255</td></tr><tr class="passedeven"><td><a href="#m32">Smoke_Test_Verify_health_and_activities_Allergy_contenPage_adcall_FTL</a></td><td rowspan="1">1665650530839</td><td rowspan="1">360</td></tr><tr class="passedeven"><td><a href="#m33">Smoke_Test_Verify_health_and_activities_Allergy_spotlight_pos_custumparam</a></td><td rowspan="1">1665650531457</td><td rowspan="1">278</td></tr><tr class="passedeven"><td><a href="#m34">Smoke_Test_Verify_health_and_activities_Bot_Beach_contenPage_adcall_FTL</a></td><td rowspan="1">1665650529612</td><td rowspan="1">341</td></tr><tr class="passedeven"><td><a href="#m35">Smoke_Test_Verify_health_and_activities_Running_contenPage_adcall_FTL</a></td><td rowspan="1">1665650528774</td><td rowspan="1">490</td></tr><tr class="passedeven"><td><a href="#m36">Smoke_Test_Verify_health_and_activities_coldFlu_contenPage_adcall_FTL</a></td><td rowspan="1">1665650530249</td><td rowspan="1">294</td></tr><tr class="passedeven"><td><a href="#m37">Smoke_Test_Verify_hourly1_detailpage_bigad_adcall_FTL</a></td><td rowspan="1">1665650600996</td><td rowspan="1">51</td></tr><tr class="passedeven"><td><a href="#m38">Smoke_Test_Verify_hourly2_detailpage_bigad_adcall_FTL</a></td><td rowspan="1">1665650601048</td><td rowspan="1">45</td></tr><tr class="passedeven"><td><a href="#m39">Smoke_Test_Verify_hourly3__bigad_detailpage_adcall_FTL</a></td><td rowspan="1">1665650601094</td><td rowspan="1">49</td></tr><tr class="passedeven"><td><a href="#m40">Smoke_Test_Verify_hourly_detailpage_adcall_FTL</a></td><td rowspan="1">1665650533710</td><td rowspan="1">67285</td></tr><tr class="passedeven"><td><a href="#m41">Smoke_Test_Verify_outdoor_detailpage_adcall_FTL</a></td><td rowspan="1">1665650532041</td><td rowspan="1">259</td></tr><tr class="passedeven"><td><a href="#m42">Smoke_Test_Verify_sz_AirQuality_contentpage_adCall_FTL</a></td><td rowspan="1">1665650533422</td><td rowspan="1">287</td></tr><tr class="passedeven"><td><a href="#m43">Smoke_Test_Verify_sz_hourly1_detailpage_bigad_adcall_FTL</a></td><td rowspan="1">1665650601189</td><td rowspan="1">43</td></tr><tr class="passedeven"><td><a href="#m44">Smoke_Test_Verify_sz_hourly2_detailpage_bigad_adcall_FTL</a></td><td rowspan="1">1665650601233</td><td rowspan="1">46</td></tr><tr class="passedeven"><td><a href="#m45">Smoke_Test_Verify_sz_hourly3__bigad_detailpage_adcall_FTL</a></td><td rowspan="1">1665650601280</td><td rowspan="1">55</td></tr><tr class="passedeven"><td><a href="#m46">Smoke_Test_Verify_sz_hourly_detailpage_adcall_FTL</a></td><td rowspan="1">1665650601144</td><td rowspan="1">44</td></tr><tr class="passedeven"><td><a href="#m47">Smoke_Test_Verifying_newdailydetails_day1adcall_FTL</a></td><td rowspan="1">1665650601336</td><td rowspan="1">19251</td></tr><tr class="passedeven"><td><a href="#m48">Smoke_Test_Verifying_newdailydetails_day2adcall_FTL</a></td><td rowspan="1">1665650620700</td><td rowspan="1">27056</td></tr><tr class="passedeven"><td><a href="#m49">Smoke_Test_Verifying_newdailydetails_day3adcall_FTL</a></td><td rowspan="1">1665650647773</td><td rowspan="1">27016</td></tr><tr class="passedeven"><td><a href="#m50">Smoke_Test_Verifying_newdailydetails_day4adcall_FTL</a></td><td rowspan="1">1665650674809</td><td rowspan="1">27357</td></tr><tr class="passedeven"><td><a href="#m51">Smoke_Test_Verifying_newdailydetails_day5adcall_FTL</a></td><td rowspan="1">1665650702546</td><td rowspan="1">27067</td></tr><tr class="passedeven"><td><a href="#m52">Smoke_Test_Verifying_newdailydetails_day6adcall_FTL</a></td><td rowspan="1">1665650729632</td><td rowspan="1">27013</td></tr><tr class="passedeven"><td><a href="#m53">Smoke_Test_Verifying_newdailydetails_day7adcall_FTL</a></td><td rowspan="1">1665650756665</td><td rowspan="1">27150</td></tr><tr class="passedeven"><td><a href="#m54">Smoke_Test_amazon_aax_Daily_details_preroll_adcall</a></td><td rowspan="1">1665650784020</td><td rowspan="1">8</td></tr><tr class="passedeven"><td><a href="#m55">Smoke_Test_sz_Verifying_newdailydetails_day2adcall_FTL</a></td><td rowspan="1">1665650647757</td><td rowspan="1">15</td></tr><tr class="passedeven"><td><a href="#m56">Smoke_Test_sz_Verifying_newdailydetails_day3adcall_FTL</a></td><td rowspan="1">1665650674790</td><td rowspan="1">18</td></tr><tr class="passedeven"><td><a href="#m57">Smoke_Test_sz_Verifying_newdailydetails_day4adcall_FTL</a></td><td rowspan="1">1665650702168</td><td rowspan="1">377</td></tr><tr class="passedeven"><td><a href="#m58">Smoke_Test_sz_Verifying_newdailydetails_day5adcall_FTL</a></td><td rowspan="1">1665650729614</td><td rowspan="1">17</td></tr><tr class="passedeven"><td><a href="#m59">Smoke_Test_sz_Verifying_newdailydetails_day6adcall_FTL</a></td><td rowspan="1">1665650756646</td><td rowspan="1">18</td></tr><tr class="passedeven"><td><a href="#m60">Smoke_Test_sz_Verifying_newdailydetails_day7adcall_FTL</a></td><td rowspan="1">1665650783817</td><td rowspan="1">75</td></tr><tr class="passedeven"><td><a href="#m61">Smoke_Test_verifying_feed_1adcall_FTL</a></td><td rowspan="1">1665650529266</td><td rowspan="1">345</td></tr><tr class="passedeven"><td><a href="#m62">Smoke_Test_verifying_sz_feed_1_adcall_FTL</a></td><td rowspan="1">1665650532870</td><td rowspan="1">263</td></tr><tr class="passedeven"><td><a href="#m63">Validate_Daily_Details_ltv_Custom_param</a></td><td rowspan="1">1665650620690</td><td rowspan="1">9</td></tr><tr class="passedeven"><td><a href="#m64">Validate_Feed1_adid_Custom_param</a></td><td rowspan="1">1665651303384</td><td rowspan="1">90</td></tr><tr class="passedeven"><td><a href="#m65">Validate_Feed1_aid_Custom_param</a></td><td rowspan="1">1665651303647</td><td rowspan="1">85</td></tr><tr class="passedeven"><td><a href="#m66">Validate_Feed1_ct_Custom_param</a></td><td rowspan="1">1665651305631</td><td rowspan="1">146</td></tr><tr class="passedeven"><td><a href="#m67">Validate_Feed1_dma_Custom_param</a></td><td rowspan="1">1665651305503</td><td rowspan="1">128</td></tr><tr class="passedeven"><td><a href="#m68">Validate_Feed1_dynght_Custom_param</a></td><td rowspan="1">1665651308526</td><td rowspan="1">138</td></tr><tr class="passedeven"><td><a href="#m69">Validate_Feed1_lang_Custom_param</a></td><td rowspan="1">1665651303036</td><td rowspan="1">87</td></tr><tr class="passedeven"><td><a href="#m70">Validate_Feed1_locale_Custom_param</a></td><td rowspan="1">1665651306622</td><td rowspan="1">160</td></tr><tr class="passedeven"><td><a href="#m71">Validate_Feed1_ltv_Custom_param</a></td><td rowspan="1">1665651303902</td><td rowspan="1">81</td></tr><tr class="passedeven"><td><a href="#m72">Validate_Feed1_mr_Custom_param</a></td><td rowspan="1">1665651309287</td><td rowspan="1">91</td></tr><tr class="passedeven"><td><a href="#m73">Validate_Feed1_ord_Custom_param</a></td><td rowspan="1">1665651304143</td><td rowspan="1">85</td></tr><tr class="passedeven"><td><a href="#m74">Validate_Feed1_plat_Custom_param</a></td><td rowspan="1">1665651302010</td><td rowspan="1">139</td></tr><tr class="passedeven"><td><a href="#m75">Validate_Feed1_pos_Custom_param</a></td><td rowspan="1">1665651302397</td><td rowspan="1">3</td></tr><tr class="passedeven"><td><a href="#m76">Validate_Feed1_slotName_Custom_param</a></td><td rowspan="1">1665651304634</td><td rowspan="1">77</td></tr><tr class="passedeven"><td><a href="#m77">Validate_Feed1_sod_Custom_param</a></td><td rowspan="1">1665651302757</td><td rowspan="1">105</td></tr><tr class="passedeven"><td><a href="#m78">Validate_Feed1_st_Custom_param</a></td><td rowspan="1">1665651308949</td><td rowspan="1">135</td></tr><tr class="passedeven"><td><a href="#m79">Validate_Feed1_tile_Custom_param</a></td><td rowspan="1">1665651302401</td><td rowspan="1">85</td></tr><tr class="passedeven"><td><a href="#m80">Validate_Feed1_tmp_Custom_param</a></td><td rowspan="1">1665651307667</td><td rowspan="1">144</td></tr><tr class="passedeven"><td><a href="#m81">Validate_Feed1_tmpr_Custom_param</a></td><td rowspan="1">1665651308102</td><td rowspan="1">136</td></tr><tr class="passedeven"><td><a href="#m82">Validate_Feed1_ver_Custom_param</a></td><td rowspan="1">1665651304397</td><td rowspan="1">77</td></tr><tr class="passedeven"><td><a href="#m83">Validate_Feed1_zip_Custom_param</a></td><td rowspan="1">1665651307201</td><td rowspan="1">150</td></tr><tr class="passedeven"><td><a href="#m84">Validate_HourlyDetails_adid_Custom_param</a></td><td rowspan="1">1665651303475</td><td rowspan="1">85</td></tr><tr class="passedeven"><td><a href="#m85">Validate_HourlyDetails_aid_Custom_param</a></td><td rowspan="1">1665651303733</td><td rowspan="1">86</td></tr><tr class="passedeven"><td><a href="#m86">Validate_HourlyDetails_ct_Custom_param</a></td><td rowspan="1">1665651305921</td><td rowspan="1">133</td></tr><tr class="passedeven"><td><a href="#m87">Validate_HourlyDetails_dma_Custom_param</a></td><td rowspan="1">1665651305778</td><td rowspan="1">142</td></tr><tr class="passedeven"><td><a href="#m88">Validate_HourlyDetails_dynght_Custom_param</a></td><td rowspan="1">1665651308665</td><td rowspan="1">127</td></tr><tr class="passedeven"><td><a href="#m89">Validate_HourlyDetails_lang_Custom_param</a></td><td rowspan="1">1665651303123</td><td rowspan="1">95</td></tr><tr class="passedeven"><td><a href="#m90">Validate_HourlyDetails_locale_Custom_param</a></td><td rowspan="1">1665651306931</td><td rowspan="1">139</td></tr><tr class="passedeven"><td><a href="#m91">Validate_HourlyDetails_ltv_Custom_param</a></td><td rowspan="1">1665651303984</td><td rowspan="1">76</td></tr><tr class="passedeven"><td><a href="#m92">Validate_HourlyDetails_ord_Custom_param</a></td><td rowspan="1">1665651304229</td><td rowspan="1">83</td></tr><tr class="passedeven"><td><a href="#m93">Validate_HourlyDetails_plat_Custom_param</a></td><td rowspan="1">1665651302151</td><td rowspan="1">84</td></tr><tr class="passedeven"><td><a href="#m94">Validate_HourlyDetails_pos_Custom_param</a></td><td rowspan="1">1665651302487</td><td rowspan="1">89</td></tr><tr class="passedeven"><td><a href="#m95">Validate_HourlyDetails_slotName_Custom_param</a></td><td rowspan="1">1665651304790</td><td rowspan="1">78</td></tr><tr class="passedeven"><td><a href="#m96">Validate_HourlyDetails_sod_Custom_param</a></td><td rowspan="1">1665651302864</td><td rowspan="1">87</td></tr><tr class="passedeven"><td><a href="#m97">Validate_HourlyDetails_st_Custom_param</a></td><td rowspan="1">1665651309084</td><td rowspan="1">131</td></tr><tr class="passedeven"><td><a href="#m98">Validate_HourlyDetails_tf_Custom_param</a></td><td rowspan="1">1665651303218</td><td rowspan="1">84</td></tr><tr class="passedeven"><td><a href="#m99">Validate_HourlyDetails_tile_Custom_param</a></td><td rowspan="1">1665651302578</td><td rowspan="1">90</td></tr><tr class="passedeven"><td><a href="#m100">Validate_HourlyDetails_tmp_Custom_param</a></td><td rowspan="1">1665651307812</td><td rowspan="1">149</td></tr><tr class="passedeven"><td><a href="#m101">Validate_HourlyDetails_tmpr_Custom_param</a></td><td rowspan="1">1665651308239</td><td rowspan="1">126</td></tr><tr class="passedeven"><td><a href="#m102">Validate_HourlyDetails_ver_Custom_param</a></td><td rowspan="1">1665651304475</td><td rowspan="1">76</td></tr><tr class="passedeven"><td><a href="#m103">Validate_HourlyDetails_zip_Custom_param</a></td><td rowspan="1">1665651307352</td><td rowspan="1">147</td></tr><tr class="passedeven"><td><a href="#m104">Validate_IMA_SDK_version</a></td><td rowspan="1">1665651082621</td><td rowspan="1">225</td></tr><tr class="passedeven"><td><a href="#m105">Validate_Marquee_adid_Custom_param</a></td><td rowspan="1">1665651303303</td><td rowspan="1">80</td></tr><tr class="passedeven"><td><a href="#m106">Validate_Marquee_aid_Custom_param</a></td><td rowspan="1">1665651303561</td><td rowspan="1">85</td></tr><tr class="passedeven"><td><a href="#m107">Validate_Marquee_ct_Custom_param</a></td><td rowspan="1">1665651306783</td><td rowspan="1">147</td></tr><tr class="passedeven"><td><a href="#m108">Validate_Marquee_dma_Custom_param</a></td><td rowspan="1">1665651305359</td><td rowspan="1">143</td></tr><tr class="passedeven"><td><a href="#m109">Validate_Marquee_dynght_Custom_param</a></td><td rowspan="1">1665651308366</td><td rowspan="1">159</td></tr><tr class="passedeven"><td><a href="#m110">Validate_Marquee_im_Custom_param</a></td><td rowspan="1">1665651304712</td><td rowspan="1">77</td></tr><tr class="passedeven"><td><a href="#m111">Validate_Marquee_lang_Custom_param</a></td><td rowspan="1">1665651302952</td><td rowspan="1">83</td></tr><tr class="passedeven"><td><a href="#m112">Validate_Marquee_locale_Custom_param</a></td><td rowspan="1">1665651306491</td><td rowspan="1">130</td></tr><tr class="passedeven"><td><a href="#m113">Validate_Marquee_ltv_Custom_param</a></td><td rowspan="1">1665651303820</td><td rowspan="1">81</td></tr><tr class="passedeven"><td><a href="#m114">Validate_Marquee_mr_Custom_param</a></td><td rowspan="1">1665651309216</td><td rowspan="1">70</td></tr><tr class="passedeven"><td><a href="#m115">Validate_Marquee_ord_Custom_param</a></td><td rowspan="1">1665651304061</td><td rowspan="1">81</td></tr><tr class="passedeven"><td><a href="#m116">Validate_Marquee_plat_Custom_param</a></td><td rowspan="1">1665651082847</td><td rowspan="1">219162</td></tr><tr class="passedeven"><td><a href="#m117">Validate_Marquee_pos_Custom_param</a></td><td rowspan="1">1665651302236</td><td rowspan="1">74</td></tr><tr class="passedeven"><td><a href="#m118">Validate_Marquee_slotName_Custom_param</a></td><td rowspan="1">1665651304552</td><td rowspan="1">81</td></tr><tr class="passedeven"><td><a href="#m119">Validate_Marquee_st_Custom_param</a></td><td rowspan="1">1665651308793</td><td rowspan="1">128</td></tr><tr class="passedeven"><td><a href="#m120">Validate_Marquee_tile_Custom_param</a></td><td rowspan="1">1665651302311</td><td rowspan="1">85</td></tr><tr class="passedeven"><td><a href="#m121">Validate_Marquee_tmp_Custom_param</a></td><td rowspan="1">1665651307500</td><td rowspan="1">166</td></tr><tr class="passedeven"><td><a href="#m122">Validate_Marquee_tmpr_Custom_param</a></td><td rowspan="1">1665651307962</td><td rowspan="1">140</td></tr><tr class="passedeven"><td><a href="#m123">Validate_Marquee_ver_Custom_param</a></td><td rowspan="1">1665651304313</td><td rowspan="1">83</td></tr><tr class="passedeven"><td><a href="#m124">Validate_Marquee_zip_Custom_param</a></td><td rowspan="1">1665651307071</td><td rowspan="1">129</td></tr><tr class="passedeven"><td><a href="#m125">Validate_PreRollVideo_cmsid_Custom_param</a></td><td rowspan="1">1665650784134</td><td rowspan="1">297167</td></tr><tr class="passedeven"><td><a href="#m126">Validate_PreRollVideo_content_url_Custom_param</a></td><td rowspan="1">1665651082400</td><td rowspan="1">220</td></tr><tr class="passedeven"><td><a href="#m127">Validate_PreRollVideo_description_url_Custom_param</a></td><td rowspan="1">1665651082128</td><td rowspan="1">271</td></tr><tr class="passedeven"><td><a href="#m128">Validate_PreRollVideo_lnid_Custom_param</a></td><td rowspan="1">1665651081624</td><td rowspan="1">262</td></tr><tr class="passedeven"><td><a href="#m129">Validate_PreRollVideo_plist_Custom_param</a></td><td rowspan="1">1665651081889</td><td rowspan="1">238</td></tr><tr class="passedeven"><td><a href="#m130">Validate_PreRollVideo_ttid_Custom_param</a></td><td rowspan="1">1665651081303</td><td rowspan="1">320</td></tr><tr class="passedeven"><td><a href="#m131">Validate_PreRollVideo_vid_Custom_param</a></td><td rowspan="1">1665651081887</td><td rowspan="1">1</td></tr><tr class="passedeven"><td><a href="#m132">Validate_dailydetails_dt_Custom_param</a></td><td rowspan="1">1665650620659</td><td rowspan="1">8</td></tr><tr class="passedeven"><td><a href="#m133">Validate_dailydetails_fcnd_Custom_param</a></td><td rowspan="1">1665650620588</td><td rowspan="1">70</td></tr><tr class="passedeven"><td><a href="#m134">Validate_dailydetails_mnth_Custom_param</a></td><td rowspan="1">1665650620668</td><td rowspan="1">7</td></tr><tr class="passedeven"><td><a href="#m135">Validate_nonRefresh_HourlyDetails_mr_Custom_param</a></td><td rowspan="1">1665651309379</td><td rowspan="1">79</td></tr><tr class="passedeven"><td><a href="#m136">Verify_AlertCenterAd</a></td><td rowspan="1">1665650528055</td><td rowspan="1">717</td></tr><tr class="passedeven"><td><a href="#m137">Verify_SafetyAndPreparednessCard_AdCall</a></td><td rowspan="1">1665650531736</td><td rowspan="1">304</td></tr><tr class="passedeven"><td><a href="#m138">Verify_sz_AlertCenterAd</a></td><td rowspan="1">1665650532566</td><td rowspan="1">302</td></tr><tr class="passedeven"><td><a href="#m139">Verifying_Factual_locationwfxtriggerscom_apiCall_supressing</a></td><td rowspan="1">1665650783905</td><td rowspan="1">8</td></tr><tr class="passedeven"><td><a href="#m140">validate_HomeScreen_marquee_sod_Custom_param</a></td><td rowspan="1">1665651302669</td><td rowspan="1">87</td></tr></tbody></table><h2>Default test</h2><h3 id="m0">twc.Automation.ExecutableTestCases.smokeTestCases#Smoke_Test_CaseVerify_WeatherFXAPI_url_KillLaunch</h3><table class="result"><tr><th>Exception</th></tr><tr><td><div class="stacktrace">java.lang.AssertionError: WFXTrigger :API Call expected to present but it not exists
	at org.testng.Assert.fail(Assert.java:94)
	at twc.Automation.General.Utils.verifyAPICal(Utils.java:919)
	at twc.Automation.ExecutableTestCases.smokeTestCases.Smoke_Test_CaseVerify_WeatherFXAPI_url_KillLaunch(smokeTestCases.java:692)
	at sun.reflect.NativeMethodAccessorImpl.invoke0(Native Method)
	at sun.reflect.NativeMethodAccessorImpl.invoke(NativeMethodAccessorImpl.java:62)
	at sun.reflect.DelegatingMethodAccessorImpl.invoke(DelegatingMethodAccessorImpl.java:43)
	at java.lang.reflect.Method.invoke(Method.java:498)
	at org.testng.internal.MethodInvocationHelper.invokeMethod(MethodInvocationHelper.java:85)
	at org.testng.internal.Invoker.invokeMethod(Invoker.java:659)
	at org.testng.internal.Invoker.invokeTestMethod(Invoker.java:845)
	at org.testng.internal.Invoker.invokeTestMethods(Invoker.java:1153)
	at org.testng.internal.TestMethodWorker.invokeTestMethods(TestMethodWorker.java:125)
	at org.testng.internal.TestMethodWorker.run(TestMethodWorker.java:108)
	at org.testng.TestRunner.privateRun(TestRunner.java:771)
	at org.testng.TestRunner.run(TestRunner.java:621)
	at org.testng.SuiteRunner.runTest(SuiteRunner.java:357)
	at org.testng.SuiteRunner.runSequentially(SuiteRunner.java:352)
	at org.testng.SuiteRunner.privateRun(SuiteRunner.java:310)
	at org.testng.SuiteRunner.run(SuiteRunner.java:259)
	at org.testng.SuiteRunnerWorker.runSuite(SuiteRunnerWorker.java:52)
	at org.testng.SuiteRunnerWorker.run(SuiteRunnerWorker.java:86)
	at org.testng.TestNG.runSuitesSequentially(TestNG.java:1199)
	at org.testng.TestNG.runSuitesLocally(TestNG.java:1124)
	at org.testng.TestNG.run(TestNG.java:1032)
	at org.testng.remote.AbstractRemoteTestNG.run(AbstractRemoteTestNG.java:115)
	at org.testng.remote.RemoteTestNG.initAndRun(RemoteTestNG.java:251)
	at org.testng.remote.RemoteTestNG.main(RemoteTestNG.java:77)
</div></td></tr></table><p class="totop"><a href="#summary">back to summary</a></p><h3 id="m1">twc.Automation.ExecutableTestCases.smokeTestCases#Smoke_Test_CaseVerify_turbo_url_KillLaunch</h3><table class="result"><tr><th>Exception</th></tr><tr><td><div class="stacktrace">java.lang.AssertionError: TurboApi :API Call expected to present but it not exists
	at org.testng.Assert.fail(Assert.java:94)
	at twc.Automation.General.Utils.verifyAPICal(Utils.java:919)
	at twc.Automation.ExecutableTestCases.smokeTestCases.Smoke_Test_CaseVerify_turbo_url_KillLaunch(smokeTestCases.java:708)
	at sun.reflect.NativeMethodAccessorImpl.invoke0(Native Method)
	at sun.reflect.NativeMethodAccessorImpl.invoke(NativeMethodAccessorImpl.java:62)
	at sun.reflect.DelegatingMethodAccessorImpl.invoke(DelegatingMethodAccessorImpl.java:43)
	at java.lang.reflect.Method.invoke(Method.java:498)
	at org.testng.internal.MethodInvocationHelper.invokeMethod(MethodInvocationHelper.java:85)
	at org.testng.internal.Invoker.invokeMethod(Invoker.java:659)
	at org.testng.internal.Invoker.invokeTestMethod(Invoker.java:845)
	at org.testng.internal.Invoker.invokeTestMethods(Invoker.java:1153)
	at org.testng.internal.TestMethodWorker.invokeTestMethods(TestMethodWorker.java:125)
	at org.testng.internal.TestMethodWorker.run(TestMethodWorker.java:108)
	at org.testng.TestRunner.privateRun(TestRunner.java:771)
	at org.testng.TestRunner.run(TestRunner.java:621)
	at org.testng.SuiteRunner.runTest(SuiteRunner.java:357)
	at org.testng.SuiteRunner.runSequentially(SuiteRunner.java:352)
	at org.testng.SuiteRunner.privateRun(SuiteRunner.java:310)
	at org.testng.SuiteRunner.run(SuiteRunner.java:259)
	at org.testng.SuiteRunnerWorker.runSuite(SuiteRunnerWorker.java:52)
	at org.testng.SuiteRunnerWorker.run(SuiteRunnerWorker.java:86)
	at org.testng.TestNG.runSuitesSequentially(TestNG.java:1199)
	at org.testng.TestNG.runSuitesLocally(TestNG.java:1124)
	at org.testng.TestNG.run(TestNG.java:1032)
	at org.testng.remote.AbstractRemoteTestNG.run(AbstractRemoteTestNG.java:115)
	at org.testng.remote.RemoteTestNG.initAndRun(RemoteTestNG.java:251)
	at org.testng.remote.RemoteTestNG.main(RemoteTestNG.java:77)
</div></td></tr></table><p class="totop"><a href="#summary">back to summary</a></p><h3 id="m2">twc.Automation.ExecutableTestCases.smokeTestCases#Smoke_Test_Case_Verify_Radar_Maps_deatailspage_adCall_FTL</h3><table class="result"><tr><th>Exception</th></tr><tr><td><div class="stacktrace">java.lang.AssertionError: iu=%2F7646%2Fapp_android_us%2Fdb_display%2Fdetails%2Fmaps ad call is not present
	at org.testng.Assert.fail(Assert.java:94)
	at twc.Automation.General.Utils.verifyPubadCal(Utils.java:236)
	at twc.Automation.ExecutableTestCases.smokeTestCases.Smoke_Test_Case_Verify_Radar_Maps_deatailspage_adCall_FTL(smokeTestCases.java:142)
	at sun.reflect.NativeMethodAccessorImpl.invoke0(Native Method)
	at sun.reflect.NativeMethodAccessorImpl.invoke(NativeMethodAccessorImpl.java:62)
	at sun.reflect.DelegatingMethodAccessorImpl.invoke(DelegatingMethodAccessorImpl.java:43)
	at java.lang.reflect.Method.invoke(Method.java:498)
	at org.testng.internal.MethodInvocationHelper.invokeMethod(MethodInvocationHelper.java:85)
	at org.testng.internal.Invoker.invokeMethod(Invoker.java:659)
	at org.testng.internal.Invoker.invokeTestMethod(Invoker.java:845)
	at org.testng.internal.Invoker.invokeTestMethods(Invoker.java:1153)
	at org.testng.internal.TestMethodWorker.invokeTestMethods(TestMethodWorker.java:125)
	at org.testng.internal.TestMethodWorker.run(TestMethodWorker.java:108)
	at org.testng.TestRunner.privateRun(TestRunner.java:771)
	at org.testng.TestRunner.run(TestRunner.java:621)
	at org.testng.SuiteRunner.runTest(SuiteRunner.java:357)
	at org.testng.SuiteRunner.runSequentially(SuiteRunner.java:352)
	at org.testng.SuiteRunner.privateRun(SuiteRunner.java:310)
	at org.testng.SuiteRunner.run(SuiteRunner.java:259)
	at org.testng.SuiteRunnerWorker.runSuite(SuiteRunnerWorker.java:52)
	at org.testng.SuiteRunnerWorker.run(SuiteRunnerWorker.java:86)
	at org.testng.TestNG.runSuitesSequentially(TestNG.java:1199)
	at org.testng.TestNG.runSuitesLocally(TestNG.java:1124)
	at org.testng.TestNG.run(TestNG.java:1032)
	at org.testng.remote.AbstractRemoteTestNG.run(AbstractRemoteTestNG.java:115)
	at org.testng.remote.RemoteTestNG.initAndRun(RemoteTestNG.java:251)
	at org.testng.remote.RemoteTestNG.main(RemoteTestNG.java:77)
</div></td></tr></table><p class="totop"><a href="#summary">back to summary</a></p><h3 id="m3">twc.Automation.ExecutableTestCases.smokeTestCases#Smoke_Test_Case_Verify_sz_Radar_Maps_deatailspage_adCall_FTL</h3><table class="result"><tr><th>Exception</th></tr><tr><td><div class="stacktrace">java.lang.AssertionError: Ad Call :iu=%2F7646%2Fapp_android_us%2Fdb_display%2Fdetails%2Fmaps not found in charles session, hence Custom Parameter: sz validation skipped
	at org.testng.Assert.fail(Assert.java:94)
	at twc.Automation.General.Utils.validate_Noncustom_param_val_of_gampad(Utils.java:4387)
	at twc.Automation.ExecutableTestCases.smokeTestCases.Smoke_Test_Case_Verify_sz_Radar_Maps_deatailspage_adCall_FTL(smokeTestCases.java:272)
	at sun.reflect.NativeMethodAccessorImpl.invoke0(Native Method)
	at sun.reflect.NativeMethodAccessorImpl.invoke(NativeMethodAccessorImpl.java:62)
	at sun.reflect.DelegatingMethodAccessorImpl.invoke(DelegatingMethodAccessorImpl.java:43)
	at java.lang.reflect.Method.invoke(Method.java:498)
	at org.testng.internal.MethodInvocationHelper.invokeMethod(MethodInvocationHelper.java:85)
	at org.testng.internal.Invoker.invokeMethod(Invoker.java:659)
	at org.testng.internal.Invoker.invokeTestMethod(Invoker.java:845)
	at org.testng.internal.Invoker.invokeTestMethods(Invoker.java:1153)
	at org.testng.internal.TestMethodWorker.invokeTestMethods(TestMethodWorker.java:125)
	at org.testng.internal.TestMethodWorker.run(TestMethodWorker.java:108)
	at org.testng.TestRunner.privateRun(TestRunner.java:771)
	at org.testng.TestRunner.run(TestRunner.java:621)
	at org.testng.SuiteRunner.runTest(SuiteRunner.java:357)
	at org.testng.SuiteRunner.runSequentially(SuiteRunner.java:352)
	at org.testng.SuiteRunner.privateRun(SuiteRunner.java:310)
	at org.testng.SuiteRunner.run(SuiteRunner.java:259)
	at org.testng.SuiteRunnerWorker.runSuite(SuiteRunnerWorker.java:52)
	at org.testng.SuiteRunnerWorker.run(SuiteRunnerWorker.java:86)
	at org.testng.TestNG.runSuitesSequentially(TestNG.java:1199)
	at org.testng.TestNG.runSuitesLocally(TestNG.java:1124)
	at org.testng.TestNG.run(TestNG.java:1032)
	at org.testng.remote.AbstractRemoteTestNG.run(AbstractRemoteTestNG.java:115)
	at org.testng.remote.RemoteTestNG.initAndRun(RemoteTestNG.java:251)
	at org.testng.remote.RemoteTestNG.main(RemoteTestNG.java:77)
</div></td></tr></table><p class="totop"><a href="#summary">back to summary</a></p><h3 id="m4">twc.Automation.ExecutableTestCases.smokeTestCases#Smoke_Test__Verifying_Bcp_apicall_URL_killLaunch</h3><table class="result"><tr><th>Exception</th></tr><tr><td><div class="stacktrace">java.lang.AssertionError: Lotame :API Call expected to present but it not exists
	at org.testng.Assert.fail(Assert.java:94)
	at twc.Automation.General.Utils.verifyAPICal(Utils.java:919)
	at twc.Automation.ExecutableTestCases.smokeTestCases.Smoke_Test__Verifying_Bcp_apicall_URL_killLaunch(smokeTestCases.java:717)
	at sun.reflect.NativeMethodAccessorImpl.invoke0(Native Method)
	at sun.reflect.NativeMethodAccessorImpl.invoke(NativeMethodAccessorImpl.java:62)
	at sun.reflect.DelegatingMethodAccessorImpl.invoke(DelegatingMethodAccessorImpl.java:43)
	at java.lang.reflect.Method.invoke(Method.java:498)
	at org.testng.internal.MethodInvocationHelper.invokeMethod(MethodInvocationHelper.java:85)
	at org.testng.internal.Invoker.invokeMethod(Invoker.java:659)
	at org.testng.internal.Invoker.invokeTestMethod(Invoker.java:845)
	at org.testng.internal.Invoker.invokeTestMethods(Invoker.java:1153)
	at org.testng.internal.TestMethodWorker.invokeTestMethods(TestMethodWorker.java:125)
	at org.testng.internal.TestMethodWorker.run(TestMethodWorker.java:108)
	at org.testng.TestRunner.privateRun(TestRunner.java:771)
	at org.testng.TestRunner.run(TestRunner.java:621)
	at org.testng.SuiteRunner.runTest(SuiteRunner.java:357)
	at org.testng.SuiteRunner.runSequentially(SuiteRunner.java:352)
	at org.testng.SuiteRunner.privateRun(SuiteRunner.java:310)
	at org.testng.SuiteRunner.run(SuiteRunner.java:259)
	at org.testng.SuiteRunnerWorker.runSuite(SuiteRunnerWorker.java:52)
	at org.testng.SuiteRunnerWorker.run(SuiteRunnerWorker.java:86)
	at org.testng.TestNG.runSuitesSequentially(TestNG.java:1199)
	at org.testng.TestNG.runSuitesLocally(TestNG.java:1124)
	at org.testng.TestNG.run(TestNG.java:1032)
	at org.testng.remote.AbstractRemoteTestNG.run(AbstractRemoteTestNG.java:115)
	at org.testng.remote.RemoteTestNG.initAndRun(RemoteTestNG.java:251)
	at org.testng.remote.RemoteTestNG.main(RemoteTestNG.java:77)
</div></td></tr></table><p class="totop"><a href="#summary">back to summary</a></p><h3 id="m5">twc.Automation.ExecutableTestCases.smokeTestCases#Smoke_Test_amazon_aaxSlot_feed1_preroladcall_killLaunch</h3><table class="result"><tr><th>Exception</th></tr><tr><td><div class="stacktrace">java.lang.AssertionError: slot id: f4b66249-b6eb-4155-9d90-1e2b04487c99 is not present
	at org.testng.Assert.fail(Assert.java:94)
	at twc.Automation.General.Utils.verifyAAX_SlotId(Utils.java:543)
	at twc.Automation.ExecutableTestCases.smokeTestCases.Smoke_Test_amazon_aaxSlot_feed1_preroladcall_killLaunch(smokeTestCases.java:794)
	at sun.reflect.NativeMethodAccessorImpl.invoke0(Native Method)
	at sun.reflect.NativeMethodAccessorImpl.invoke(NativeMethodAccessorImpl.java:62)
	at sun.reflect.DelegatingMethodAccessorImpl.invoke(DelegatingMethodAccessorImpl.java:43)
	at java.lang.reflect.Method.invoke(Method.java:498)
	at org.testng.internal.MethodInvocationHelper.invokeMethod(MethodInvocationHelper.java:85)
	at org.testng.internal.Invoker.invokeMethod(Invoker.java:659)
	at org.testng.internal.Invoker.invokeTestMethod(Invoker.java:845)
	at org.testng.internal.Invoker.invokeTestMethods(Invoker.java:1153)
	at org.testng.internal.TestMethodWorker.invokeTestMethods(TestMethodWorker.java:125)
	at org.testng.internal.TestMethodWorker.run(TestMethodWorker.java:108)
	at org.testng.TestRunner.privateRun(TestRunner.java:771)
	at org.testng.TestRunner.run(TestRunner.java:621)
	at org.testng.SuiteRunner.runTest(SuiteRunner.java:357)
	at org.testng.SuiteRunner.runSequentially(SuiteRunner.java:352)
	at org.testng.SuiteRunner.privateRun(SuiteRunner.java:310)
	at org.testng.SuiteRunner.run(SuiteRunner.java:259)
	at org.testng.SuiteRunnerWorker.runSuite(SuiteRunnerWorker.java:52)
	at org.testng.SuiteRunnerWorker.run(SuiteRunnerWorker.java:86)
	at org.testng.TestNG.runSuitesSequentially(TestNG.java:1199)
	at org.testng.TestNG.runSuitesLocally(TestNG.java:1124)
	at org.testng.TestNG.run(TestNG.java:1032)
	at org.testng.remote.AbstractRemoteTestNG.run(AbstractRemoteTestNG.java:115)
	at org.testng.remote.RemoteTestNG.initAndRun(RemoteTestNG.java:251)
	at org.testng.remote.RemoteTestNG.main(RemoteTestNG.java:77)
</div></td></tr></table><p class="totop"><a href="#summary">back to summary</a></p><h3 id="m6">twc.Automation.ExecutableTestCases.smokeTestCases#Smoke_Test_amazon_aax_Hourly1_bigaddetails_preroll_adcall_killLaunch</h3><table class="result"><tr><th>Exception</th></tr><tr><td><div class="stacktrace">java.lang.AssertionError: slot id: 08f0ccea-cab5-449c-963d-dc57ed9ee87d is not present
	at org.testng.Assert.fail(Assert.java:94)
	at twc.Automation.General.Utils.verifyAAX_SlotId(Utils.java:543)
	at twc.Automation.ExecutableTestCases.smokeTestCases.Smoke_Test_amazon_aax_Hourly1_bigaddetails_preroll_adcall_killLaunch(smokeTestCases.java:745)
	at sun.reflect.NativeMethodAccessorImpl.invoke0(Native Method)
	at sun.reflect.NativeMethodAccessorImpl.invoke(NativeMethodAccessorImpl.java:62)
	at sun.reflect.DelegatingMethodAccessorImpl.invoke(DelegatingMethodAccessorImpl.java:43)
	at java.lang.reflect.Method.invoke(Method.java:498)
	at org.testng.internal.MethodInvocationHelper.invokeMethod(MethodInvocationHelper.java:85)
	at org.testng.internal.Invoker.invokeMethod(Invoker.java:659)
	at org.testng.internal.Invoker.invokeTestMethod(Invoker.java:845)
	at org.testng.internal.Invoker.invokeTestMethods(Invoker.java:1153)
	at org.testng.internal.TestMethodWorker.invokeTestMethods(TestMethodWorker.java:125)
	at org.testng.internal.TestMethodWorker.run(TestMethodWorker.java:108)
	at org.testng.TestRunner.privateRun(TestRunner.java:771)
	at org.testng.TestRunner.run(TestRunner.java:621)
	at org.testng.SuiteRunner.runTest(SuiteRunner.java:357)
	at org.testng.SuiteRunner.runSequentially(SuiteRunner.java:352)
	at org.testng.SuiteRunner.privateRun(SuiteRunner.java:310)
	at org.testng.SuiteRunner.run(SuiteRunner.java:259)
	at org.testng.SuiteRunnerWorker.runSuite(SuiteRunnerWorker.java:52)
	at org.testng.SuiteRunnerWorker.run(SuiteRunnerWorker.java:86)
	at org.testng.TestNG.runSuitesSequentially(TestNG.java:1199)
	at org.testng.TestNG.runSuitesLocally(TestNG.java:1124)
	at org.testng.TestNG.run(TestNG.java:1032)
	at org.testng.remote.AbstractRemoteTestNG.run(AbstractRemoteTestNG.java:115)
	at org.testng.remote.RemoteTestNG.initAndRun(RemoteTestNG.java:251)
	at org.testng.remote.RemoteTestNG.main(RemoteTestNG.java:77)
</div></td></tr></table><p class="totop"><a href="#summary">back to summary</a></p><h3 id="m7">twc.Automation.ExecutableTestCases.smokeTestCases#Smoke_Test_amazon_aax_Hourly2_bigaddetails_preroll_adcall_killLaunch</h3><table class="result"><tr><th>Exception</th></tr><tr><td><div class="stacktrace">java.lang.AssertionError: slot id: 4fbed16a-cc6f-4cb1-94f7-81465acbd47e is not present
	at org.testng.Assert.fail(Assert.java:94)
	at twc.Automation.General.Utils.verifyAAX_SlotId(Utils.java:543)
	at twc.Automation.ExecutableTestCases.smokeTestCases.Smoke_Test_amazon_aax_Hourly2_bigaddetails_preroll_adcall_killLaunch(smokeTestCases.java:757)
	at sun.reflect.NativeMethodAccessorImpl.invoke0(Native Method)
	at sun.reflect.NativeMethodAccessorImpl.invoke(NativeMethodAccessorImpl.java:62)
	at sun.reflect.DelegatingMethodAccessorImpl.invoke(DelegatingMethodAccessorImpl.java:43)
	at java.lang.reflect.Method.invoke(Method.java:498)
	at org.testng.internal.MethodInvocationHelper.invokeMethod(MethodInvocationHelper.java:85)
	at org.testng.internal.Invoker.invokeMethod(Invoker.java:659)
	at org.testng.internal.Invoker.invokeTestMethod(Invoker.java:845)
	at org.testng.internal.Invoker.invokeTestMethods(Invoker.java:1153)
	at org.testng.internal.TestMethodWorker.invokeTestMethods(TestMethodWorker.java:125)
	at org.testng.internal.TestMethodWorker.run(TestMethodWorker.java:108)
	at org.testng.TestRunner.privateRun(TestRunner.java:771)
	at org.testng.TestRunner.run(TestRunner.java:621)
	at org.testng.SuiteRunner.runTest(SuiteRunner.java:357)
	at org.testng.SuiteRunner.runSequentially(SuiteRunner.java:352)
	at org.testng.SuiteRunner.privateRun(SuiteRunner.java:310)
	at org.testng.SuiteRunner.run(SuiteRunner.java:259)
	at org.testng.SuiteRunnerWorker.runSuite(SuiteRunnerWorker.java:52)
	at org.testng.SuiteRunnerWorker.run(SuiteRunnerWorker.java:86)
	at org.testng.TestNG.runSuitesSequentially(TestNG.java:1199)
	at org.testng.TestNG.runSuitesLocally(TestNG.java:1124)
	at org.testng.TestNG.run(TestNG.java:1032)
	at org.testng.remote.AbstractRemoteTestNG.run(AbstractRemoteTestNG.java:115)
	at org.testng.remote.RemoteTestNG.initAndRun(RemoteTestNG.java:251)
	at org.testng.remote.RemoteTestNG.main(RemoteTestNG.java:77)
</div></td></tr></table><p class="totop"><a href="#summary">back to summary</a></p><h3 id="m8">twc.Automation.ExecutableTestCases.smokeTestCases#Smoke_Test_amazon_aax_Hourly3_bigaddetails_preroll_adcall_killLaunch</h3><table class="result"><tr><th>Exception</th></tr><tr><td><div class="stacktrace">java.lang.AssertionError: slot id: 72634dc9-b59f-4b2c-b281-bb3be291b7b6 is not present
	at org.testng.Assert.fail(Assert.java:94)
	at twc.Automation.General.Utils.verifyAAX_SlotId(Utils.java:543)
	at twc.Automation.ExecutableTestCases.smokeTestCases.Smoke_Test_amazon_aax_Hourly3_bigaddetails_preroll_adcall_killLaunch(smokeTestCases.java:769)
	at sun.reflect.NativeMethodAccessorImpl.invoke0(Native Method)
	at sun.reflect.NativeMethodAccessorImpl.invoke(NativeMethodAccessorImpl.java:62)
	at sun.reflect.DelegatingMethodAccessorImpl.invoke(DelegatingMethodAccessorImpl.java:43)
	at java.lang.reflect.Method.invoke(Method.java:498)
	at org.testng.internal.MethodInvocationHelper.invokeMethod(MethodInvocationHelper.java:85)
	at org.testng.internal.Invoker.invokeMethod(Invoker.java:659)
	at org.testng.internal.Invoker.invokeTestMethod(Invoker.java:845)
	at org.testng.internal.Invoker.invokeTestMethods(Invoker.java:1153)
	at org.testng.internal.TestMethodWorker.invokeTestMethods(TestMethodWorker.java:125)
	at org.testng.internal.TestMethodWorker.run(TestMethodWorker.java:108)
	at org.testng.TestRunner.privateRun(TestRunner.java:771)
	at org.testng.TestRunner.run(TestRunner.java:621)
	at org.testng.SuiteRunner.runTest(SuiteRunner.java:357)
	at org.testng.SuiteRunner.runSequentially(SuiteRunner.java:352)
	at org.testng.SuiteRunner.privateRun(SuiteRunner.java:310)
	at org.testng.SuiteRunner.run(SuiteRunner.java:259)
	at org.testng.SuiteRunnerWorker.runSuite(SuiteRunnerWorker.java:52)
	at org.testng.SuiteRunnerWorker.run(SuiteRunnerWorker.java:86)
	at org.testng.TestNG.runSuitesSequentially(TestNG.java:1199)
	at org.testng.TestNG.runSuitesLocally(TestNG.java:1124)
	at org.testng.TestNG.run(TestNG.java:1032)
	at org.testng.remote.AbstractRemoteTestNG.run(AbstractRemoteTestNG.java:115)
	at org.testng.remote.RemoteTestNG.initAndRun(RemoteTestNG.java:251)
	at org.testng.remote.RemoteTestNG.main(RemoteTestNG.java:77)
</div></td></tr></table><p class="totop"><a href="#summary">back to summary</a></p><h3 id="m9">twc.Automation.ExecutableTestCases.smokeTestCases#Smoke_Test_amazon_aax_Hourly_preroll_adcall_killLaunch</h3><table class="result"><tr><th>Exception</th></tr><tr><td><div class="stacktrace">java.lang.AssertionError: slot id: 9be28769-4207-4d51-8063-dc8e645383b2 is not present
	at org.testng.Assert.fail(Assert.java:94)
	at twc.Automation.General.Utils.verifyAAX_SlotId(Utils.java:543)
	at twc.Automation.ExecutableTestCases.smokeTestCases.Smoke_Test_amazon_aax_Hourly_preroll_adcall_killLaunch(smokeTestCases.java:734)
	at sun.reflect.NativeMethodAccessorImpl.invoke0(Native Method)
	at sun.reflect.NativeMethodAccessorImpl.invoke(NativeMethodAccessorImpl.java:62)
	at sun.reflect.DelegatingMethodAccessorImpl.invoke(DelegatingMethodAccessorImpl.java:43)
	at java.lang.reflect.Method.invoke(Method.java:498)
	at org.testng.internal.MethodInvocationHelper.invokeMethod(MethodInvocationHelper.java:85)
	at org.testng.internal.Invoker.invokeMethod(Invoker.java:659)
	at org.testng.internal.Invoker.invokeTestMethod(Invoker.java:845)
	at org.testng.internal.Invoker.invokeTestMethods(Invoker.java:1153)
	at org.testng.internal.TestMethodWorker.invokeTestMethods(TestMethodWorker.java:125)
	at org.testng.internal.TestMethodWorker.run(TestMethodWorker.java:108)
	at org.testng.TestRunner.privateRun(TestRunner.java:771)
	at org.testng.TestRunner.run(TestRunner.java:621)
	at org.testng.SuiteRunner.runTest(SuiteRunner.java:357)
	at org.testng.SuiteRunner.runSequentially(SuiteRunner.java:352)
	at org.testng.SuiteRunner.privateRun(SuiteRunner.java:310)
	at org.testng.SuiteRunner.run(SuiteRunner.java:259)
	at org.testng.SuiteRunnerWorker.runSuite(SuiteRunnerWorker.java:52)
	at org.testng.SuiteRunnerWorker.run(SuiteRunnerWorker.java:86)
	at org.testng.TestNG.runSuitesSequentially(TestNG.java:1199)
	at org.testng.TestNG.runSuitesLocally(TestNG.java:1124)
	at org.testng.TestNG.run(TestNG.java:1032)
	at org.testng.remote.AbstractRemoteTestNG.run(AbstractRemoteTestNG.java:115)
	at org.testng.remote.RemoteTestNG.initAndRun(RemoteTestNG.java:251)
	at org.testng.remote.RemoteTestNG.main(RemoteTestNG.java:77)
</div></td></tr></table><p class="totop"><a href="#summary">back to summary</a></p><h3 id="m10">twc.Automation.ExecutableTestCases.smokeTestCases#Smoke_Test_amazon_aax_mapsdetails_preload_adcall</h3><table class="result"><tr><th>Exception</th></tr><tr><td><div class="stacktrace">java.lang.AssertionError: slot id: 5db1161b-b504-4640-9496-dfe6284f84ab is not present
	at org.testng.Assert.fail(Assert.java:94)
	at twc.Automation.General.Utils.verifyAAX_SlotId(Utils.java:543)
	at twc.Automation.ExecutableTestCases.smokeTestCases.Smoke_Test_amazon_aax_mapsdetails_preload_adcall(smokeTestCases.java:782)
	at sun.reflect.NativeMethodAccessorImpl.invoke0(Native Method)
	at sun.reflect.NativeMethodAccessorImpl.invoke(NativeMethodAccessorImpl.java:62)
	at sun.reflect.DelegatingMethodAccessorImpl.invoke(DelegatingMethodAccessorImpl.java:43)
	at java.lang.reflect.Method.invoke(Method.java:498)
	at org.testng.internal.MethodInvocationHelper.invokeMethod(MethodInvocationHelper.java:85)
	at org.testng.internal.Invoker.invokeMethod(Invoker.java:659)
	at org.testng.internal.Invoker.invokeTestMethod(Invoker.java:845)
	at org.testng.internal.Invoker.invokeTestMethods(Invoker.java:1153)
	at org.testng.internal.TestMethodWorker.invokeTestMethods(TestMethodWorker.java:125)
	at org.testng.internal.TestMethodWorker.run(TestMethodWorker.java:108)
	at org.testng.TestRunner.privateRun(TestRunner.java:771)
	at org.testng.TestRunner.run(TestRunner.java:621)
	at org.testng.SuiteRunner.runTest(SuiteRunner.java:357)
	at org.testng.SuiteRunner.runSequentially(SuiteRunner.java:352)
	at org.testng.SuiteRunner.privateRun(SuiteRunner.java:310)
	at org.testng.SuiteRunner.run(SuiteRunner.java:259)
	at org.testng.SuiteRunnerWorker.runSuite(SuiteRunnerWorker.java:52)
	at org.testng.SuiteRunnerWorker.run(SuiteRunnerWorker.java:86)
	at org.testng.TestNG.runSuitesSequentially(TestNG.java:1199)
	at org.testng.TestNG.runSuitesLocally(TestNG.java:1124)
	at org.testng.TestNG.run(TestNG.java:1032)
	at org.testng.remote.AbstractRemoteTestNG.run(AbstractRemoteTestNG.java:115)
	at org.testng.remote.RemoteTestNG.initAndRun(RemoteTestNG.java:251)
	at org.testng.remote.RemoteTestNG.main(RemoteTestNG.java:77)
</div></td></tr></table><p class="totop"><a href="#summary">back to summary</a></p><h3 id="m11">twc.Automation.ExecutableTestCases.smokeTestCases#Smoke_Test_amazon_aax_preload_video_adcall</h3><table class="result"><tr><th>Exception</th></tr><tr><td><div class="stacktrace">java.lang.AssertionError: slot id: f71b7e17-6e34-4f6c-98f6-bbbe9f55586c is not present
	at org.testng.Assert.fail(Assert.java:94)
	at twc.Automation.General.Utils.verifyAAX_SlotId(Utils.java:543)
	at twc.Automation.ExecutableTestCases.smokeTestCases.Smoke_Test_amazon_aax_preload_video_adcall(smokeTestCases.java:804)
	at sun.reflect.NativeMethodAccessorImpl.invoke0(Native Method)
	at sun.reflect.NativeMethodAccessorImpl.invoke(NativeMethodAccessorImpl.java:62)
	at sun.reflect.DelegatingMethodAccessorImpl.invoke(DelegatingMethodAccessorImpl.java:43)
	at java.lang.reflect.Method.invoke(Method.java:498)
	at org.testng.internal.MethodInvocationHelper.invokeMethod(MethodInvocationHelper.java:85)
	at org.testng.internal.Invoker.invokeMethod(Invoker.java:659)
	at org.testng.internal.Invoker.invokeTestMethod(Invoker.java:845)
	at org.testng.internal.Invoker.invokeTestMethods(Invoker.java:1153)
	at org.testng.internal.TestMethodWorker.invokeTestMethods(TestMethodWorker.java:125)
	at org.testng.internal.TestMethodWorker.run(TestMethodWorker.java:108)
	at org.testng.TestRunner.privateRun(TestRunner.java:771)
	at org.testng.TestRunner.run(TestRunner.java:621)
	at org.testng.SuiteRunner.runTest(SuiteRunner.java:357)
	at org.testng.SuiteRunner.runSequentially(SuiteRunner.java:352)
	at org.testng.SuiteRunner.privateRun(SuiteRunner.java:310)
	at org.testng.SuiteRunner.run(SuiteRunner.java:259)
	at org.testng.SuiteRunnerWorker.runSuite(SuiteRunnerWorker.java:52)
	at org.testng.SuiteRunnerWorker.run(SuiteRunnerWorker.java:86)
	at org.testng.TestNG.runSuitesSequentially(TestNG.java:1199)
	at org.testng.TestNG.runSuitesLocally(TestNG.java:1124)
	at org.testng.TestNG.run(TestNG.java:1032)
	at org.testng.remote.AbstractRemoteTestNG.run(AbstractRemoteTestNG.java:115)
	at org.testng.remote.RemoteTestNG.initAndRun(RemoteTestNG.java:251)
	at org.testng.remote.RemoteTestNG.main(RemoteTestNG.java:77)
</div></td></tr></table><p class="totop"><a href="#summary">back to summary</a></p><h3 id="m12">twc.Automation.ExecutableTestCases.smokeTestCases#Validate_Amazon_SDK_adsdk_parameter</h3><table class="result"><tr><th>Exception</th></tr><tr><td><div class="stacktrace">java.lang.AssertionError: Android10 call is not present in Charles session, hence Custom Parameter: adsdk validation skipped
	at org.testng.Assert.fail(Assert.java:94)
	at twc.Automation.General.Utils.validate_Amazon_aax_call_parameter(Utils.java:8505)
	at twc.Automation.ExecutableTestCases.smokeTestCases.Validate_Amazon_SDK_adsdk_parameter(smokeTestCases.java:885)
	at sun.reflect.NativeMethodAccessorImpl.invoke0(Native Method)
	at sun.reflect.NativeMethodAccessorImpl.invoke(NativeMethodAccessorImpl.java:62)
	at sun.reflect.DelegatingMethodAccessorImpl.invoke(DelegatingMethodAccessorImpl.java:43)
	at java.lang.reflect.Method.invoke(Method.java:498)
	at org.testng.internal.MethodInvocationHelper.invokeMethod(MethodInvocationHelper.java:85)
	at org.testng.internal.Invoker.invokeMethod(Invoker.java:659)
	at org.testng.internal.Invoker.invokeTestMethod(Invoker.java:845)
	at org.testng.internal.Invoker.invokeTestMethods(Invoker.java:1153)
	at org.testng.internal.TestMethodWorker.invokeTestMethods(TestMethodWorker.java:125)
	at org.testng.internal.TestMethodWorker.run(TestMethodWorker.java:108)
	at org.testng.TestRunner.privateRun(TestRunner.java:771)
	at org.testng.TestRunner.run(TestRunner.java:621)
	at org.testng.SuiteRunner.runTest(SuiteRunner.java:357)
	at org.testng.SuiteRunner.runSequentially(SuiteRunner.java:352)
	at org.testng.SuiteRunner.privateRun(SuiteRunner.java:310)
	at org.testng.SuiteRunner.run(SuiteRunner.java:259)
	at org.testng.SuiteRunnerWorker.runSuite(SuiteRunnerWorker.java:52)
	at org.testng.SuiteRunnerWorker.run(SuiteRunnerWorker.java:86)
	at org.testng.TestNG.runSuitesSequentially(TestNG.java:1199)
	at org.testng.TestNG.runSuitesLocally(TestNG.java:1124)
	at org.testng.TestNG.run(TestNG.java:1032)
	at org.testng.remote.AbstractRemoteTestNG.run(AbstractRemoteTestNG.java:115)
	at org.testng.remote.RemoteTestNG.initAndRun(RemoteTestNG.java:251)
	at org.testng.remote.RemoteTestNG.main(RemoteTestNG.java:77)
</div></td></tr></table><p class="totop"><a href="#summary">back to summary</a></p><h3 id="m13">twc.Automation.ExecutableTestCases.smokeTestCases#Validate_Criteo_SDK_Bidder_API_Call_Response_Code</h3><table class="result"><tr><th>Exception</th></tr><tr><td><div class="stacktrace">java.lang.AssertionError: bidder.criteo.com/config/app call is not present in Charles session, hence response code validation is failed
	at org.testng.Assert.fail(Assert.java:94)
	at twc.Automation.General.Utils.verifyCriteo_inapp_v2_Call_ReponseStatusCode(Utils.java:6735)
	at twc.Automation.ExecutableTestCases.smokeTestCases.Validate_Criteo_SDK_Bidder_API_Call_Response_Code(smokeTestCases.java:860)
	at sun.reflect.NativeMethodAccessorImpl.invoke0(Native Method)
	at sun.reflect.NativeMethodAccessorImpl.invoke(NativeMethodAccessorImpl.java:62)
	at sun.reflect.DelegatingMethodAccessorImpl.invoke(DelegatingMethodAccessorImpl.java:43)
	at java.lang.reflect.Method.invoke(Method.java:498)
	at org.testng.internal.MethodInvocationHelper.invokeMethod(MethodInvocationHelper.java:85)
	at org.testng.internal.Invoker.invokeMethod(Invoker.java:659)
	at org.testng.internal.Invoker.invokeTestMethod(Invoker.java:845)
	at org.testng.internal.Invoker.invokeTestMethods(Invoker.java:1153)
	at org.testng.internal.TestMethodWorker.invokeTestMethods(TestMethodWorker.java:125)
	at org.testng.internal.TestMethodWorker.run(TestMethodWorker.java:108)
	at org.testng.TestRunner.privateRun(TestRunner.java:771)
	at org.testng.TestRunner.run(TestRunner.java:621)
	at org.testng.SuiteRunner.runTest(SuiteRunner.java:357)
	at org.testng.SuiteRunner.runSequentially(SuiteRunner.java:352)
	at org.testng.SuiteRunner.privateRun(SuiteRunner.java:310)
	at org.testng.SuiteRunner.run(SuiteRunner.java:259)
	at org.testng.SuiteRunnerWorker.runSuite(SuiteRunnerWorker.java:52)
	at org.testng.SuiteRunnerWorker.run(SuiteRunnerWorker.java:86)
	at org.testng.TestNG.runSuitesSequentially(TestNG.java:1199)
	at org.testng.TestNG.runSuitesLocally(TestNG.java:1124)
	at org.testng.TestNG.run(TestNG.java:1032)
	at org.testng.remote.AbstractRemoteTestNG.run(AbstractRemoteTestNG.java:115)
	at org.testng.remote.RemoteTestNG.initAndRun(RemoteTestNG.java:251)
	at org.testng.remote.RemoteTestNG.main(RemoteTestNG.java:77)
</div></td></tr></table><p class="totop"><a href="#summary">back to summary</a></p><h3 id="m14">twc.Automation.ExecutableTestCases.smokeTestCases#Validate_Criteo_SDK_Initialization_API_Call_Response_Code</h3><table class="result"><tr><th>Exception</th></tr><tr><td><div class="stacktrace">java.lang.AssertionError: bidder.criteo.com/config/app call is not present in Charles session, hence response code validation is failed
	at org.testng.Assert.fail(Assert.java:94)
	at twc.Automation.General.Utils.verifyCriteo_config_app_Call_ReponseStatusCode(Utils.java:6998)
	at twc.Automation.ExecutableTestCases.smokeTestCases.Validate_Criteo_SDK_Initialization_API_Call_Response_Code(smokeTestCases.java:873)
	at sun.reflect.NativeMethodAccessorImpl.invoke0(Native Method)
	at sun.reflect.NativeMethodAccessorImpl.invoke(NativeMethodAccessorImpl.java:62)
	at sun.reflect.DelegatingMethodAccessorImpl.invoke(DelegatingMethodAccessorImpl.java:43)
	at java.lang.reflect.Method.invoke(Method.java:498)
	at org.testng.internal.MethodInvocationHelper.invokeMethod(MethodInvocationHelper.java:85)
	at org.testng.internal.Invoker.invokeMethod(Invoker.java:659)
	at org.testng.internal.Invoker.invokeTestMethod(Invoker.java:845)
	at org.testng.internal.Invoker.invokeTestMethods(Invoker.java:1153)
	at org.testng.internal.TestMethodWorker.invokeTestMethods(TestMethodWorker.java:125)
	at org.testng.internal.TestMethodWorker.run(TestMethodWorker.java:108)
	at org.testng.TestRunner.privateRun(TestRunner.java:771)
	at org.testng.TestRunner.run(TestRunner.java:621)
	at org.testng.SuiteRunner.runTest(SuiteRunner.java:357)
	at org.testng.SuiteRunner.runSequentially(SuiteRunner.java:352)
	at org.testng.SuiteRunner.privateRun(SuiteRunner.java:310)
	at org.testng.SuiteRunner.run(SuiteRunner.java:259)
	at org.testng.SuiteRunnerWorker.runSuite(SuiteRunnerWorker.java:52)
	at org.testng.SuiteRunnerWorker.run(SuiteRunnerWorker.java:86)
	at org.testng.TestNG.runSuitesSequentially(TestNG.java:1199)
	at org.testng.TestNG.runSuitesLocally(TestNG.java:1124)
	at org.testng.TestNG.run(TestNG.java:1032)
	at org.testng.remote.AbstractRemoteTestNG.run(AbstractRemoteTestNG.java:115)
	at org.testng.remote.RemoteTestNG.initAndRun(RemoteTestNG.java:251)
	at org.testng.remote.RemoteTestNG.main(RemoteTestNG.java:77)
</div></td></tr></table><p class="totop"><a href="#summary">back to summary</a></p><h3 id="m15">twc.Automation.ExecutableTestCases.smokeTestCases#Validate_Criteo_SDK_Initialization_API_Call_Response_Parameter_csmEnabled</h3><table class="result"><tr><th>Exception</th></tr><tr><td><div class="stacktrace">java.lang.AssertionError: bidder.criteo.com/config/app call is not present in Charles session, hence Custom Parameter: csmEnabled validation skipped
	at org.testng.Assert.fail(Assert.java:94)
	at twc.Automation.General.Utils.validate_Criteo_SDK_config_app_call_response_parameter(Utils.java:7044)
	at twc.Automation.ExecutableTestCases.smokeTestCases.Validate_Criteo_SDK_Initialization_API_Call_Response_Parameter_csmEnabled(smokeTestCases.java:900)
	at sun.reflect.NativeMethodAccessorImpl.invoke0(Native Method)
	at sun.reflect.NativeMethodAccessorImpl.invoke(NativeMethodAccessorImpl.java:62)
	at sun.reflect.DelegatingMethodAccessorImpl.invoke(DelegatingMethodAccessorImpl.java:43)
	at java.lang.reflect.Method.invoke(Method.java:498)
	at org.testng.internal.MethodInvocationHelper.invokeMethod(MethodInvocationHelper.java:85)
	at org.testng.internal.Invoker.invokeMethod(Invoker.java:659)
	at org.testng.internal.Invoker.invokeTestMethod(Invoker.java:845)
	at org.testng.internal.Invoker.invokeTestMethods(Invoker.java:1153)
	at org.testng.internal.TestMethodWorker.invokeTestMethods(TestMethodWorker.java:125)
	at org.testng.internal.TestMethodWorker.run(TestMethodWorker.java:108)
	at org.testng.TestRunner.privateRun(TestRunner.java:771)
	at org.testng.TestRunner.run(TestRunner.java:621)
	at org.testng.SuiteRunner.runTest(SuiteRunner.java:357)
	at org.testng.SuiteRunner.runSequentially(SuiteRunner.java:352)
	at org.testng.SuiteRunner.privateRun(SuiteRunner.java:310)
	at org.testng.SuiteRunner.run(SuiteRunner.java:259)
	at org.testng.SuiteRunnerWorker.runSuite(SuiteRunnerWorker.java:52)
	at org.testng.SuiteRunnerWorker.run(SuiteRunnerWorker.java:86)
	at org.testng.TestNG.runSuitesSequentially(TestNG.java:1199)
	at org.testng.TestNG.runSuitesLocally(TestNG.java:1124)
	at org.testng.TestNG.run(TestNG.java:1032)
	at org.testng.remote.AbstractRemoteTestNG.run(AbstractRemoteTestNG.java:115)
	at org.testng.remote.RemoteTestNG.initAndRun(RemoteTestNG.java:251)
	at org.testng.remote.RemoteTestNG.main(RemoteTestNG.java:77)
</div></td></tr></table><p class="totop"><a href="#summary">back to summary</a></p><h3 id="m16">twc.Automation.ExecutableTestCases.smokeTestCases#Validate_Criteo_SDK_Initialization_API_Call_Response_Parameter_liveBiddingEnabled</h3><table class="result"><tr><th>Exception</th></tr><tr><td><div class="stacktrace">java.lang.AssertionError: bidder.criteo.com/config/app call is not present in Charles session, hence Custom Parameter: liveBiddingEnabled validation skipped
	at org.testng.Assert.fail(Assert.java:94)
	at twc.Automation.General.Utils.validate_Criteo_SDK_config_app_call_response_parameter(Utils.java:7044)
	at twc.Automation.ExecutableTestCases.smokeTestCases.Validate_Criteo_SDK_Initialization_API_Call_Response_Parameter_liveBiddingEnabled(smokeTestCases.java:914)
	at sun.reflect.NativeMethodAccessorImpl.invoke0(Native Method)
	at sun.reflect.NativeMethodAccessorImpl.invoke(NativeMethodAccessorImpl.java:62)
	at sun.reflect.DelegatingMethodAccessorImpl.invoke(DelegatingMethodAccessorImpl.java:43)
	at java.lang.reflect.Method.invoke(Method.java:498)
	at org.testng.internal.MethodInvocationHelper.invokeMethod(MethodInvocationHelper.java:85)
	at org.testng.internal.Invoker.invokeMethod(Invoker.java:659)
	at org.testng.internal.Invoker.invokeTestMethod(Invoker.java:845)
	at org.testng.internal.Invoker.invokeTestMethods(Invoker.java:1153)
	at org.testng.internal.TestMethodWorker.invokeTestMethods(TestMethodWorker.java:125)
	at org.testng.internal.TestMethodWorker.run(TestMethodWorker.java:108)
	at org.testng.TestRunner.privateRun(TestRunner.java:771)
	at org.testng.TestRunner.run(TestRunner.java:621)
	at org.testng.SuiteRunner.runTest(SuiteRunner.java:357)
	at org.testng.SuiteRunner.runSequentially(SuiteRunner.java:352)
	at org.testng.SuiteRunner.privateRun(SuiteRunner.java:310)
	at org.testng.SuiteRunner.run(SuiteRunner.java:259)
	at org.testng.SuiteRunnerWorker.runSuite(SuiteRunnerWorker.java:52)
	at org.testng.SuiteRunnerWorker.run(SuiteRunnerWorker.java:86)
	at org.testng.TestNG.runSuitesSequentially(TestNG.java:1199)
	at org.testng.TestNG.runSuitesLocally(TestNG.java:1124)
	at org.testng.TestNG.run(TestNG.java:1032)
	at org.testng.remote.AbstractRemoteTestNG.run(AbstractRemoteTestNG.java:115)
	at org.testng.remote.RemoteTestNG.initAndRun(RemoteTestNG.java:251)
	at org.testng.remote.RemoteTestNG.main(RemoteTestNG.java:77)
</div></td></tr></table><p class="totop"><a href="#summary">back to summary</a></p><h3 id="m17">twc.Automation.ExecutableTestCases.smokeTestCases#Validate_Criteo_SDK_config_app_Call_bundleId_parameter</h3><table class="result"><tr><th>Exception</th></tr><tr><td><div class="stacktrace">java.lang.AssertionError: bidder.criteo.com/config/app call is not present in Charles session, hence Custom Parameter: bundleId validation skipped
	at org.testng.Assert.fail(Assert.java:94)
	at twc.Automation.General.Utils.validate_Criteo_SDK_config_app_call_parameter(Utils.java:6696)
	at twc.Automation.ExecutableTestCases.smokeTestCases.Validate_Criteo_SDK_config_app_Call_bundleId_parameter(smokeTestCases.java:847)
	at sun.reflect.NativeMethodAccessorImpl.invoke0(Native Method)
	at sun.reflect.NativeMethodAccessorImpl.invoke(NativeMethodAccessorImpl.java:62)
	at sun.reflect.DelegatingMethodAccessorImpl.invoke(DelegatingMethodAccessorImpl.java:43)
	at java.lang.reflect.Method.invoke(Method.java:498)
	at org.testng.internal.MethodInvocationHelper.invokeMethod(MethodInvocationHelper.java:85)
	at org.testng.internal.Invoker.invokeMethod(Invoker.java:659)
	at org.testng.internal.Invoker.invokeTestMethod(Invoker.java:845)
	at org.testng.internal.Invoker.invokeTestMethods(Invoker.java:1153)
	at org.testng.internal.TestMethodWorker.invokeTestMethods(TestMethodWorker.java:125)
	at org.testng.internal.TestMethodWorker.run(TestMethodWorker.java:108)
	at org.testng.TestRunner.privateRun(TestRunner.java:771)
	at org.testng.TestRunner.run(TestRunner.java:621)
	at org.testng.SuiteRunner.runTest(SuiteRunner.java:357)
	at org.testng.SuiteRunner.runSequentially(SuiteRunner.java:352)
	at org.testng.SuiteRunner.privateRun(SuiteRunner.java:310)
	at org.testng.SuiteRunner.run(SuiteRunner.java:259)
	at org.testng.SuiteRunnerWorker.runSuite(SuiteRunnerWorker.java:52)
	at org.testng.SuiteRunnerWorker.run(SuiteRunnerWorker.java:86)
	at org.testng.TestNG.runSuitesSequentially(TestNG.java:1199)
	at org.testng.TestNG.runSuitesLocally(TestNG.java:1124)
	at org.testng.TestNG.run(TestNG.java:1032)
	at org.testng.remote.AbstractRemoteTestNG.run(AbstractRemoteTestNG.java:115)
	at org.testng.remote.RemoteTestNG.initAndRun(RemoteTestNG.java:251)
	at org.testng.remote.RemoteTestNG.main(RemoteTestNG.java:77)
</div></td></tr></table><p class="totop"><a href="#summary">back to summary</a></p><h3 id="m18">twc.Automation.ExecutableTestCases.smokeTestCases#Validate_Criteo_SDK_config_app_Call_cpId_parameter</h3><table class="result"><tr><th>Exception</th></tr><tr><td><div class="stacktrace">java.lang.AssertionError: bidder.criteo.com/config/app call is not present in Charles session, hence Custom Parameter: cpId validation skipped
	at org.testng.Assert.fail(Assert.java:94)
	at twc.Automation.General.Utils.validate_Criteo_SDK_config_app_call_parameter(Utils.java:6696)
	at twc.Automation.ExecutableTestCases.smokeTestCases.Validate_Criteo_SDK_config_app_Call_cpId_parameter(smokeTestCases.java:838)
	at sun.reflect.NativeMethodAccessorImpl.invoke0(Native Method)
	at sun.reflect.NativeMethodAccessorImpl.invoke(NativeMethodAccessorImpl.java:62)
	at sun.reflect.DelegatingMethodAccessorImpl.invoke(DelegatingMethodAccessorImpl.java:43)
	at java.lang.reflect.Method.invoke(Method.java:498)
	at org.testng.internal.MethodInvocationHelper.invokeMethod(MethodInvocationHelper.java:85)
	at org.testng.internal.Invoker.invokeMethod(Invoker.java:659)
	at org.testng.internal.Invoker.invokeTestMethod(Invoker.java:845)
	at org.testng.internal.Invoker.invokeTestMethods(Invoker.java:1153)
	at org.testng.internal.TestMethodWorker.invokeTestMethods(TestMethodWorker.java:125)
	at org.testng.internal.TestMethodWorker.run(TestMethodWorker.java:108)
	at org.testng.TestRunner.privateRun(TestRunner.java:771)
	at org.testng.TestRunner.run(TestRunner.java:621)
	at org.testng.SuiteRunner.runTest(SuiteRunner.java:357)
	at org.testng.SuiteRunner.runSequentially(SuiteRunner.java:352)
	at org.testng.SuiteRunner.privateRun(SuiteRunner.java:310)
	at org.testng.SuiteRunner.run(SuiteRunner.java:259)
	at org.testng.SuiteRunnerWorker.runSuite(SuiteRunnerWorker.java:52)
	at org.testng.SuiteRunnerWorker.run(SuiteRunnerWorker.java:86)
	at org.testng.TestNG.runSuitesSequentially(TestNG.java:1199)
	at org.testng.TestNG.runSuitesLocally(TestNG.java:1124)
	at org.testng.TestNG.run(TestNG.java:1032)
	at org.testng.remote.AbstractRemoteTestNG.run(AbstractRemoteTestNG.java:115)
	at org.testng.remote.RemoteTestNG.initAndRun(RemoteTestNG.java:251)
	at org.testng.remote.RemoteTestNG.main(RemoteTestNG.java:77)
</div></td></tr></table><p class="totop"><a href="#summary">back to summary</a></p><h3 id="m19">twc.Automation.ExecutableTestCases.smokeTestCases#Validate_Criteo_SDK_config_app_Call_sdkVersion_parameter</h3><table class="result"><tr><th>Exception</th></tr><tr><td><div class="stacktrace">java.lang.AssertionError: bidder.criteo.com/config/app call is not present in Charles session, hence Custom Parameter: sdkVersion validation skipped
	at org.testng.Assert.fail(Assert.java:94)
	at twc.Automation.General.Utils.validate_Criteo_SDK_config_app_call_parameter(Utils.java:6696)
	at twc.Automation.ExecutableTestCases.smokeTestCases.Validate_Criteo_SDK_config_app_Call_sdkVersion_parameter(smokeTestCases.java:827)
	at sun.reflect.NativeMethodAccessorImpl.invoke0(Native Method)
	at sun.reflect.NativeMethodAccessorImpl.invoke(NativeMethodAccessorImpl.java:62)
	at sun.reflect.DelegatingMethodAccessorImpl.invoke(DelegatingMethodAccessorImpl.java:43)
	at java.lang.reflect.Method.invoke(Method.java:498)
	at org.testng.internal.MethodInvocationHelper.invokeMethod(MethodInvocationHelper.java:85)
	at org.testng.internal.Invoker.invokeMethod(Invoker.java:659)
	at org.testng.internal.Invoker.invokeTestMethod(Invoker.java:845)
	at org.testng.internal.Invoker.invokeTestMethods(Invoker.java:1153)
	at org.testng.internal.TestMethodWorker.invokeTestMethods(TestMethodWorker.java:125)
	at org.testng.internal.TestMethodWorker.run(TestMethodWorker.java:108)
	at org.testng.TestRunner.privateRun(TestRunner.java:771)
	at org.testng.TestRunner.run(TestRunner.java:621)
	at org.testng.SuiteRunner.runTest(SuiteRunner.java:357)
	at org.testng.SuiteRunner.runSequentially(SuiteRunner.java:352)
	at org.testng.SuiteRunner.privateRun(SuiteRunner.java:310)
	at org.testng.SuiteRunner.run(SuiteRunner.java:259)
	at org.testng.SuiteRunnerWorker.runSuite(SuiteRunnerWorker.java:52)
	at org.testng.SuiteRunnerWorker.run(SuiteRunnerWorker.java:86)
	at org.testng.TestNG.runSuitesSequentially(TestNG.java:1199)
	at org.testng.TestNG.runSuitesLocally(TestNG.java:1124)
	at org.testng.TestNG.run(TestNG.java:1032)
	at org.testng.remote.AbstractRemoteTestNG.run(AbstractRemoteTestNG.java:115)
	at org.testng.remote.RemoteTestNG.initAndRun(RemoteTestNG.java:251)
	at org.testng.remote.RemoteTestNG.main(RemoteTestNG.java:77)
</div></td></tr></table><p class="totop"><a href="#summary">back to summary</a></p><h3 id="m20">twc.Automation.ExecutableTestCases.smokeTestCases#Validate_Feed1_cnd_Custom_param</h3><table class="result"><tr><th>Exception</th></tr><tr><td><div class="stacktrace">java.lang.AssertionError: Custom Parameter :cnd value: pcld is not matched with the expected value: 30
	at org.testng.Assert.fail(Assert.java:94)
	at twc.Automation.General.Utils.validate_custom_param_val_of_gampad(Utils.java:4155)
	at twc.Automation.ExecutableTestCases.smokeTestCases.Validate_Feed1_cnd_Custom_param(smokeTestCases.java:1560)
	at sun.reflect.NativeMethodAccessorImpl.invoke0(Native Method)
	at sun.reflect.NativeMethodAccessorImpl.invoke(NativeMethodAccessorImpl.java:62)
	at sun.reflect.DelegatingMethodAccessorImpl.invoke(DelegatingMethodAccessorImpl.java:43)
	at java.lang.reflect.Method.invoke(Method.java:498)
	at org.testng.internal.MethodInvocationHelper.invokeMethod(MethodInvocationHelper.java:85)
	at org.testng.internal.Invoker.invokeMethod(Invoker.java:659)
	at org.testng.internal.Invoker.invokeTestMethod(Invoker.java:845)
	at org.testng.internal.Invoker.invokeTestMethods(Invoker.java:1153)
	at org.testng.internal.TestMethodWorker.invokeTestMethods(TestMethodWorker.java:125)
	at org.testng.internal.TestMethodWorker.run(TestMethodWorker.java:108)
	at org.testng.TestRunner.privateRun(TestRunner.java:771)
	at org.testng.TestRunner.run(TestRunner.java:621)
	at org.testng.SuiteRunner.runTest(SuiteRunner.java:357)
	at org.testng.SuiteRunner.runSequentially(SuiteRunner.java:352)
	at org.testng.SuiteRunner.privateRun(SuiteRunner.java:310)
	at org.testng.SuiteRunner.run(SuiteRunner.java:259)
	at org.testng.SuiteRunnerWorker.runSuite(SuiteRunnerWorker.java:52)
	at org.testng.SuiteRunnerWorker.run(SuiteRunnerWorker.java:86)
	at org.testng.TestNG.runSuitesSequentially(TestNG.java:1199)
	at org.testng.TestNG.runSuitesLocally(TestNG.java:1124)
	at org.testng.TestNG.run(TestNG.java:1032)
	at org.testng.remote.AbstractRemoteTestNG.run(AbstractRemoteTestNG.java:115)
	at org.testng.remote.RemoteTestNG.initAndRun(RemoteTestNG.java:251)
	at org.testng.remote.RemoteTestNG.main(RemoteTestNG.java:77)
</div></td></tr></table><p class="totop"><a href="#summary">back to summary</a></p><h3 id="m21">twc.Automation.ExecutableTestCases.smokeTestCases#Validate_Feed1_tmpc_Custom_param</h3><table class="result"><tr><th>Exception</th></tr><tr><td><div class="stacktrace">java.lang.AssertionError: Custom Parameter :tmpc value: 32 is not matched with the expected value: 31
	at org.testng.Assert.fail(Assert.java:94)
	at twc.Automation.General.Utils.validate_custom_param_val_of_gampad(Utils.java:4155)
	at twc.Automation.ExecutableTestCases.smokeTestCases.Validate_Feed1_tmpc_Custom_param(smokeTestCases.java:1645)
	at sun.reflect.NativeMethodAccessorImpl.invoke0(Native Method)
	at sun.reflect.NativeMethodAccessorImpl.invoke(NativeMethodAccessorImpl.java:62)
	at sun.reflect.DelegatingMethodAccessorImpl.invoke(DelegatingMethodAccessorImpl.java:43)
	at java.lang.reflect.Method.invoke(Method.java:498)
	at org.testng.internal.MethodInvocationHelper.invokeMethod(MethodInvocationHelper.java:85)
	at org.testng.internal.Invoker.invokeMethod(Invoker.java:659)
	at org.testng.internal.Invoker.invokeTestMethod(Invoker.java:845)
	at org.testng.internal.Invoker.invokeTestMethods(Invoker.java:1153)
	at org.testng.internal.TestMethodWorker.invokeTestMethods(TestMethodWorker.java:125)
	at org.testng.internal.TestMethodWorker.run(TestMethodWorker.java:108)
	at org.testng.TestRunner.privateRun(TestRunner.java:771)
	at org.testng.TestRunner.run(TestRunner.java:621)
	at org.testng.SuiteRunner.runTest(SuiteRunner.java:357)
	at org.testng.SuiteRunner.runSequentially(SuiteRunner.java:352)
	at org.testng.SuiteRunner.privateRun(SuiteRunner.java:310)
	at org.testng.SuiteRunner.run(SuiteRunner.java:259)
	at org.testng.SuiteRunnerWorker.runSuite(SuiteRunnerWorker.java:52)
	at org.testng.SuiteRunnerWorker.run(SuiteRunnerWorker.java:86)
	at org.testng.TestNG.runSuitesSequentially(TestNG.java:1199)
	at org.testng.TestNG.runSuitesLocally(TestNG.java:1124)
	at org.testng.TestNG.run(TestNG.java:1032)
	at org.testng.remote.AbstractRemoteTestNG.run(AbstractRemoteTestNG.java:115)
	at org.testng.remote.RemoteTestNG.initAndRun(RemoteTestNG.java:251)
	at org.testng.remote.RemoteTestNG.main(RemoteTestNG.java:77)
</div></td></tr></table><p class="totop"><a href="#summary">back to summary</a></p><h3 id="m22">twc.Automation.ExecutableTestCases.smokeTestCases#Validate_GMA_SDK_version</h3><table class="result"><tr><th>Exception</th></tr><tr><td><div class="stacktrace">java.lang.AssertionError: Custom Parameter :js value: afma-sdk-a-v223104999.221310000.1 is not matched with the expected value afma-sdk-a-v214106999.212910000.1
	at org.testng.Assert.fail(Assert.java:94)
	at twc.Automation.General.Utils.validate_Noncustom_param_val_of_gampad(Utils.java:6643)
	at twc.Automation.ExecutableTestCases.smokeTestCases.Validate_GMA_SDK_version(smokeTestCases.java:1983)
	at sun.reflect.NativeMethodAccessorImpl.invoke0(Native Method)
	at sun.reflect.NativeMethodAccessorImpl.invoke(NativeMethodAccessorImpl.java:62)
	at sun.reflect.DelegatingMethodAccessorImpl.invoke(DelegatingMethodAccessorImpl.java:43)
	at java.lang.reflect.Method.invoke(Method.java:498)
	at org.testng.internal.MethodInvocationHelper.invokeMethod(MethodInvocationHelper.java:85)
	at org.testng.internal.Invoker.invokeMethod(Invoker.java:659)
	at org.testng.internal.Invoker.invokeTestMethod(Invoker.java:845)
	at org.testng.internal.Invoker.invokeTestMethods(Invoker.java:1153)
	at org.testng.internal.TestMethodWorker.invokeTestMethods(TestMethodWorker.java:125)
	at org.testng.internal.TestMethodWorker.run(TestMethodWorker.java:108)
	at org.testng.TestRunner.privateRun(TestRunner.java:771)
	at org.testng.TestRunner.run(TestRunner.java:621)
	at org.testng.SuiteRunner.runTest(SuiteRunner.java:357)
	at org.testng.SuiteRunner.runSequentially(SuiteRunner.java:352)
	at org.testng.SuiteRunner.privateRun(SuiteRunner.java:310)
	at org.testng.SuiteRunner.run(SuiteRunner.java:259)
	at org.testng.SuiteRunnerWorker.runSuite(SuiteRunnerWorker.java:52)
	at org.testng.SuiteRunnerWorker.run(SuiteRunnerWorker.java:86)
	at org.testng.TestNG.runSuitesSequentially(TestNG.java:1199)
	at org.testng.TestNG.runSuitesLocally(TestNG.java:1124)
	at org.testng.TestNG.run(TestNG.java:1032)
	at org.testng.remote.AbstractRemoteTestNG.run(AbstractRemoteTestNG.java:115)
	at org.testng.remote.RemoteTestNG.initAndRun(RemoteTestNG.java:251)
	at org.testng.remote.RemoteTestNG.main(RemoteTestNG.java:77)
</div></td></tr></table><p class="totop"><a href="#summary">back to summary</a></p><h3 id="m23">twc.Automation.ExecutableTestCases.smokeTestCases#Validate_HourlyDetails_cnd_Custom_param</h3><table class="result"><tr><th>Exception</th></tr><tr><td><div class="stacktrace">java.lang.AssertionError: Custom Parameter :cnd value: pcld is not matched with the expected value: 30
	at org.testng.Assert.fail(Assert.java:94)
	at twc.Automation.General.Utils.validate_custom_param_val_of_gampad(Utils.java:4155)
	at twc.Automation.ExecutableTestCases.smokeTestCases.Validate_HourlyDetails_cnd_Custom_param(smokeTestCases.java:1574)
	at sun.reflect.NativeMethodAccessorImpl.invoke0(Native Method)
	at sun.reflect.NativeMethodAccessorImpl.invoke(NativeMethodAccessorImpl.java:62)
	at sun.reflect.DelegatingMethodAccessorImpl.invoke(DelegatingMethodAccessorImpl.java:43)
	at java.lang.reflect.Method.invoke(Method.java:498)
	at org.testng.internal.MethodInvocationHelper.invokeMethod(MethodInvocationHelper.java:85)
	at org.testng.internal.Invoker.invokeMethod(Invoker.java:659)
	at org.testng.internal.Invoker.invokeTestMethod(Invoker.java:845)
	at org.testng.internal.Invoker.invokeTestMethods(Invoker.java:1153)
	at org.testng.internal.TestMethodWorker.invokeTestMethods(TestMethodWorker.java:125)
	at org.testng.internal.TestMethodWorker.run(TestMethodWorker.java:108)
	at org.testng.TestRunner.privateRun(TestRunner.java:771)
	at org.testng.TestRunner.run(TestRunner.java:621)
	at org.testng.SuiteRunner.runTest(SuiteRunner.java:357)
	at org.testng.SuiteRunner.runSequentially(SuiteRunner.java:352)
	at org.testng.SuiteRunner.privateRun(SuiteRunner.java:310)
	at org.testng.SuiteRunner.run(SuiteRunner.java:259)
	at org.testng.SuiteRunnerWorker.runSuite(SuiteRunnerWorker.java:52)
	at org.testng.SuiteRunnerWorker.run(SuiteRunnerWorker.java:86)
	at org.testng.TestNG.runSuitesSequentially(TestNG.java:1199)
	at org.testng.TestNG.runSuitesLocally(TestNG.java:1124)
	at org.testng.TestNG.run(TestNG.java:1032)
	at org.testng.remote.AbstractRemoteTestNG.run(AbstractRemoteTestNG.java:115)
	at org.testng.remote.RemoteTestNG.initAndRun(RemoteTestNG.java:251)
	at org.testng.remote.RemoteTestNG.main(RemoteTestNG.java:77)
</div></td></tr></table><p class="totop"><a href="#summary">back to summary</a></p><h3 id="m24">twc.Automation.ExecutableTestCases.smokeTestCases#Validate_HourlyDetails_tmpc_Custom_param</h3><table class="result"><tr><th>Exception</th></tr><tr><td><div class="stacktrace">java.lang.AssertionError: Custom Parameter :tmpc value: 32 is not matched with the expected value: 31
	at org.testng.Assert.fail(Assert.java:94)
	at twc.Automation.General.Utils.validate_custom_param_val_of_gampad(Utils.java:4155)
	at twc.Automation.ExecutableTestCases.smokeTestCases.Validate_HourlyDetails_tmpc_Custom_param(smokeTestCases.java:1658)
	at sun.reflect.NativeMethodAccessorImpl.invoke0(Native Method)
	at sun.reflect.NativeMethodAccessorImpl.invoke(NativeMethodAccessorImpl.java:62)
	at sun.reflect.DelegatingMethodAccessorImpl.invoke(DelegatingMethodAccessorImpl.java:43)
	at java.lang.reflect.Method.invoke(Method.java:498)
	at org.testng.internal.MethodInvocationHelper.invokeMethod(MethodInvocationHelper.java:85)
	at org.testng.internal.Invoker.invokeMethod(Invoker.java:659)
	at org.testng.internal.Invoker.invokeTestMethod(Invoker.java:845)
	at org.testng.internal.Invoker.invokeTestMethods(Invoker.java:1153)
	at org.testng.internal.TestMethodWorker.invokeTestMethods(TestMethodWorker.java:125)
	at org.testng.internal.TestMethodWorker.run(TestMethodWorker.java:108)
	at org.testng.TestRunner.privateRun(TestRunner.java:771)
	at org.testng.TestRunner.run(TestRunner.java:621)
	at org.testng.SuiteRunner.runTest(SuiteRunner.java:357)
	at org.testng.SuiteRunner.runSequentially(SuiteRunner.java:352)
	at org.testng.SuiteRunner.privateRun(SuiteRunner.java:310)
	at org.testng.SuiteRunner.run(SuiteRunner.java:259)
	at org.testng.SuiteRunnerWorker.runSuite(SuiteRunnerWorker.java:52)
	at org.testng.SuiteRunnerWorker.run(SuiteRunnerWorker.java:86)
	at org.testng.TestNG.runSuitesSequentially(TestNG.java:1199)
	at org.testng.TestNG.runSuitesLocally(TestNG.java:1124)
	at org.testng.TestNG.run(TestNG.java:1032)
	at org.testng.remote.AbstractRemoteTestNG.run(AbstractRemoteTestNG.java:115)
	at org.testng.remote.RemoteTestNG.initAndRun(RemoteTestNG.java:251)
	at org.testng.remote.RemoteTestNG.main(RemoteTestNG.java:77)
</div></td></tr></table><p class="totop"><a href="#summary">back to summary</a></p><h3 id="m25">twc.Automation.ExecutableTestCases.smokeTestCases#Validate_Marquee_cnd_Custom_param</h3><table class="result"><tr><th>Exception</th></tr><tr><td><div class="stacktrace">java.lang.AssertionError: Custom Parameter :cnd value: pcld is not matched with the expected value: 30
	at org.testng.Assert.fail(Assert.java:94)
	at twc.Automation.General.Utils.validate_custom_param_val_of_gampad(Utils.java:4155)
	at twc.Automation.ExecutableTestCases.smokeTestCases.Validate_Marquee_cnd_Custom_param(smokeTestCases.java:1547)
	at sun.reflect.NativeMethodAccessorImpl.invoke0(Native Method)
	at sun.reflect.NativeMethodAccessorImpl.invoke(NativeMethodAccessorImpl.java:62)
	at sun.reflect.DelegatingMethodAccessorImpl.invoke(DelegatingMethodAccessorImpl.java:43)
	at java.lang.reflect.Method.invoke(Method.java:498)
	at org.testng.internal.MethodInvocationHelper.invokeMethod(MethodInvocationHelper.java:85)
	at org.testng.internal.Invoker.invokeMethod(Invoker.java:659)
	at org.testng.internal.Invoker.invokeTestMethod(Invoker.java:845)
	at org.testng.internal.Invoker.invokeTestMethods(Invoker.java:1153)
	at org.testng.internal.TestMethodWorker.invokeTestMethods(TestMethodWorker.java:125)
	at org.testng.internal.TestMethodWorker.run(TestMethodWorker.java:108)
	at org.testng.TestRunner.privateRun(TestRunner.java:771)
	at org.testng.TestRunner.run(TestRunner.java:621)
	at org.testng.SuiteRunner.runTest(SuiteRunner.java:357)
	at org.testng.SuiteRunner.runSequentially(SuiteRunner.java:352)
	at org.testng.SuiteRunner.privateRun(SuiteRunner.java:310)
	at org.testng.SuiteRunner.run(SuiteRunner.java:259)
	at org.testng.SuiteRunnerWorker.runSuite(SuiteRunnerWorker.java:52)
	at org.testng.SuiteRunnerWorker.run(SuiteRunnerWorker.java:86)
	at org.testng.TestNG.runSuitesSequentially(TestNG.java:1199)
	at org.testng.TestNG.runSuitesLocally(TestNG.java:1124)
	at org.testng.TestNG.run(TestNG.java:1032)
	at org.testng.remote.AbstractRemoteTestNG.run(AbstractRemoteTestNG.java:115)
	at org.testng.remote.RemoteTestNG.initAndRun(RemoteTestNG.java:251)
	at org.testng.remote.RemoteTestNG.main(RemoteTestNG.java:77)
</div></td></tr></table><p class="totop"><a href="#summary">back to summary</a></p><h3 id="m26">twc.Automation.ExecutableTestCases.smokeTestCases#Validate_Marquee_tmpc_Custom_param</h3><table class="result"><tr><th>Exception</th></tr><tr><td><div class="stacktrace">java.lang.AssertionError: Custom Parameter :tmpc value: 32 is not matched with the expected value: 31
	at org.testng.Assert.fail(Assert.java:94)
	at twc.Automation.General.Utils.validate_custom_param_val_of_gampad(Utils.java:4155)
	at twc.Automation.ExecutableTestCases.smokeTestCases.Validate_Marquee_tmpc_Custom_param(smokeTestCases.java:1632)
	at sun.reflect.NativeMethodAccessorImpl.invoke0(Native Method)
	at sun.reflect.NativeMethodAccessorImpl.invoke(NativeMethodAccessorImpl.java:62)
	at sun.reflect.DelegatingMethodAccessorImpl.invoke(DelegatingMethodAccessorImpl.java:43)
	at java.lang.reflect.Method.invoke(Method.java:498)
	at org.testng.internal.MethodInvocationHelper.invokeMethod(MethodInvocationHelper.java:85)
	at org.testng.internal.Invoker.invokeMethod(Invoker.java:659)
	at org.testng.internal.Invoker.invokeTestMethod(Invoker.java:845)
	at org.testng.internal.Invoker.invokeTestMethods(Invoker.java:1153)
	at org.testng.internal.TestMethodWorker.invokeTestMethods(TestMethodWorker.java:125)
	at org.testng.internal.TestMethodWorker.run(TestMethodWorker.java:108)
	at org.testng.TestRunner.privateRun(TestRunner.java:771)
	at org.testng.TestRunner.run(TestRunner.java:621)
	at org.testng.SuiteRunner.runTest(SuiteRunner.java:357)
	at org.testng.SuiteRunner.runSequentially(SuiteRunner.java:352)
	at org.testng.SuiteRunner.privateRun(SuiteRunner.java:310)
	at org.testng.SuiteRunner.run(SuiteRunner.java:259)
	at org.testng.SuiteRunnerWorker.runSuite(SuiteRunnerWorker.java:52)
	at org.testng.SuiteRunnerWorker.run(SuiteRunnerWorker.java:86)
	at org.testng.TestNG.runSuitesSequentially(TestNG.java:1199)
	at org.testng.TestNG.runSuitesLocally(TestNG.java:1124)
	at org.testng.TestNG.run(TestNG.java:1032)
	at org.testng.remote.AbstractRemoteTestNG.run(AbstractRemoteTestNG.java:115)
	at org.testng.remote.RemoteTestNG.initAndRun(RemoteTestNG.java:251)
	at org.testng.remote.RemoteTestNG.main(RemoteTestNG.java:77)
</div></td></tr></table><p class="totop"><a href="#summary">back to summary</a></p><h3 id="m27">twc.Automation.ExecutableTestCases.smokeTestCases#Validate_dailydetails_dynght_Custom_param</h3><table class="result"><tr><th>Exception</th></tr><tr><td><div class="stacktrace">java.lang.AssertionError: Custom Parameter :dynght value: nl is not matched with the expected value NotNull
	at org.testng.Assert.fail(Assert.java:94)
	at twc.Automation.General.Utils.validate_custom_param_val_of_gampad(Utils.java:3977)
	at twc.Automation.ExecutableTestCases.smokeTestCases.Validate_dailydetails_dynght_Custom_param(smokeTestCases.java:462)
	at sun.reflect.NativeMethodAccessorImpl.invoke0(Native Method)
	at sun.reflect.NativeMethodAccessorImpl.invoke(NativeMethodAccessorImpl.java:62)
	at sun.reflect.DelegatingMethodAccessorImpl.invoke(DelegatingMethodAccessorImpl.java:43)
	at java.lang.reflect.Method.invoke(Method.java:498)
	at org.testng.internal.MethodInvocationHelper.invokeMethod(MethodInvocationHelper.java:85)
	at org.testng.internal.Invoker.invokeMethod(Invoker.java:659)
	at org.testng.internal.Invoker.invokeTestMethod(Invoker.java:845)
	at org.testng.internal.Invoker.invokeTestMethods(Invoker.java:1153)
	at org.testng.internal.TestMethodWorker.invokeTestMethods(TestMethodWorker.java:125)
	at org.testng.internal.TestMethodWorker.run(TestMethodWorker.java:108)
	at org.testng.TestRunner.privateRun(TestRunner.java:771)
	at org.testng.TestRunner.run(TestRunner.java:621)
	at org.testng.SuiteRunner.runTest(SuiteRunner.java:357)
	at org.testng.SuiteRunner.runSequentially(SuiteRunner.java:352)
	at org.testng.SuiteRunner.privateRun(SuiteRunner.java:310)
	at org.testng.SuiteRunner.run(SuiteRunner.java:259)
	at org.testng.SuiteRunnerWorker.runSuite(SuiteRunnerWorker.java:52)
	at org.testng.SuiteRunnerWorker.run(SuiteRunnerWorker.java:86)
	at org.testng.TestNG.runSuitesSequentially(TestNG.java:1199)
	at org.testng.TestNG.runSuitesLocally(TestNG.java:1124)
	at org.testng.TestNG.run(TestNG.java:1032)
	at org.testng.remote.AbstractRemoteTestNG.run(AbstractRemoteTestNG.java:115)
	at org.testng.remote.RemoteTestNG.initAndRun(RemoteTestNG.java:251)
	at org.testng.remote.RemoteTestNG.main(RemoteTestNG.java:77)
</div></td></tr></table><p class="totop"><a href="#summary">back to summary</a></p><h3 id="m28">twc.Automation.ExecutableTestCases.smokeTestCases#Smoke_Test_CaseVerify_Homescreen_marquee_adCall_FTL</h3><table class="result"></table><p class="totop"><a href="#summary">back to summary</a></p><h3 id="m29">twc.Automation.ExecutableTestCases.smokeTestCases#Smoke_Test_CaseVerify_Today_details_page_iu_FTL</h3><table class="result"></table><p class="totop"><a href="#summary">back to summary</a></p><h3 id="m30">twc.Automation.ExecutableTestCases.smokeTestCases#Smoke_Test_CaseVerify_sz_Homescreen_marquee_adCall_FTL</h3><table class="result"></table><p class="totop"><a href="#summary">back to summary</a></p><h3 id="m31">twc.Automation.ExecutableTestCases.smokeTestCases#Smoke_Test_Verify_Air_Quality_contentpage_adCall_FTL</h3><table class="result"></table><p class="totop"><a href="#summary">back to summary</a></p><h3 id="m32">twc.Automation.ExecutableTestCases.smokeTestCases#Smoke_Test_Verify_health_and_activities_Allergy_contenPage_adcall_FTL</h3><table class="result"></table><p class="totop"><a href="#summary">back to summary</a></p><h3 id="m33">twc.Automation.ExecutableTestCases.smokeTestCases#Smoke_Test_Verify_health_and_activities_Allergy_spotlight_pos_custumparam</h3><table class="result"></table><p class="totop"><a href="#summary">back to summary</a></p><h3 id="m34">twc.Automation.ExecutableTestCases.smokeTestCases#Smoke_Test_Verify_health_and_activities_Bot_Beach_contenPage_adcall_FTL</h3><table class="result"></table><p class="totop"><a href="#summary">back to summary</a></p><h3 id="m35">twc.Automation.ExecutableTestCases.smokeTestCases#Smoke_Test_Verify_health_and_activities_Running_contenPage_adcall_FTL</h3><table class="result"></table><p class="totop"><a href="#summary">back to summary</a></p><h3 id="m36">twc.Automation.ExecutableTestCases.smokeTestCases#Smoke_Test_Verify_health_and_activities_coldFlu_contenPage_adcall_FTL</h3><table class="result"></table><p class="totop"><a href="#summary">back to summary</a></p><h3 id="m37">twc.Automation.ExecutableTestCases.smokeTestCases#Smoke_Test_Verify_hourly1_detailpage_bigad_adcall_FTL</h3><table class="result"></table><p class="totop"><a href="#summary">back to summary</a></p><h3 id="m38">twc.Automation.ExecutableTestCases.smokeTestCases#Smoke_Test_Verify_hourly2_detailpage_bigad_adcall_FTL</h3><table class="result"></table><p class="totop"><a href="#summary">back to summary</a></p><h3 id="m39">twc.Automation.ExecutableTestCases.smokeTestCases#Smoke_Test_Verify_hourly3__bigad_detailpage_adcall_FTL</h3><table class="result"></table><p class="totop"><a href="#summary">back to summary</a></p><h3 id="m40">twc.Automation.ExecutableTestCases.smokeTestCases#Smoke_Test_Verify_hourly_detailpage_adcall_FTL</h3><table class="result"></table><p class="totop"><a href="#summary">back to summary</a></p><h3 id="m41">twc.Automation.ExecutableTestCases.smokeTestCases#Smoke_Test_Verify_outdoor_detailpage_adcall_FTL</h3><table class="result"></table><p class="totop"><a href="#summary">back to summary</a></p><h3 id="m42">twc.Automation.ExecutableTestCases.smokeTestCases#Smoke_Test_Verify_sz_AirQuality_contentpage_adCall_FTL</h3><table class="result"></table><p class="totop"><a href="#summary">back to summary</a></p><h3 id="m43">twc.Automation.ExecutableTestCases.smokeTestCases#Smoke_Test_Verify_sz_hourly1_detailpage_bigad_adcall_FTL</h3><table class="result"></table><p class="totop"><a href="#summary">back to summary</a></p><h3 id="m44">twc.Automation.ExecutableTestCases.smokeTestCases#Smoke_Test_Verify_sz_hourly2_detailpage_bigad_adcall_FTL</h3><table class="result"></table><p class="totop"><a href="#summary">back to summary</a></p><h3 id="m45">twc.Automation.ExecutableTestCases.smokeTestCases#Smoke_Test_Verify_sz_hourly3__bigad_detailpage_adcall_FTL</h3><table class="result"></table><p class="totop"><a href="#summary">back to summary</a></p><h3 id="m46">twc.Automation.ExecutableTestCases.smokeTestCases#Smoke_Test_Verify_sz_hourly_detailpage_adcall_FTL</h3><table class="result"></table><p class="totop"><a href="#summary">back to summary</a></p><h3 id="m47">twc.Automation.ExecutableTestCases.smokeTestCases#Smoke_Test_Verifying_newdailydetails_day1adcall_FTL</h3><table class="result"></table><p class="totop"><a href="#summary">back to summary</a></p><h3 id="m48">twc.Automation.ExecutableTestCases.smokeTestCases#Smoke_Test_Verifying_newdailydetails_day2adcall_FTL</h3><table class="result"></table><p class="totop"><a href="#summary">back to summary</a></p><h3 id="m49">twc.Automation.ExecutableTestCases.smokeTestCases#Smoke_Test_Verifying_newdailydetails_day3adcall_FTL</h3><table class="result"></table><p class="totop"><a href="#summary">back to summary</a></p><h3 id="m50">twc.Automation.ExecutableTestCases.smokeTestCases#Smoke_Test_Verifying_newdailydetails_day4adcall_FTL</h3><table class="result"></table><p class="totop"><a href="#summary">back to summary</a></p><h3 id="m51">twc.Automation.ExecutableTestCases.smokeTestCases#Smoke_Test_Verifying_newdailydetails_day5adcall_FTL</h3><table class="result"></table><p class="totop"><a href="#summary">back to summary</a></p><h3 id="m52">twc.Automation.ExecutableTestCases.smokeTestCases#Smoke_Test_Verifying_newdailydetails_day6adcall_FTL</h3><table class="result"></table><p class="totop"><a href="#summary">back to summary</a></p><h3 id="m53">twc.Automation.ExecutableTestCases.smokeTestCases#Smoke_Test_Verifying_newdailydetails_day7adcall_FTL</h3><table class="result"></table><p class="totop"><a href="#summary">back to summary</a></p><h3 id="m54">twc.Automation.ExecutableTestCases.smokeTestCases#Smoke_Test_amazon_aax_Daily_details_preroll_adcall</h3><table class="result"></table><p class="totop"><a href="#summary">back to summary</a></p><h3 id="m55">twc.Automation.ExecutableTestCases.smokeTestCases#Smoke_Test_sz_Verifying_newdailydetails_day2adcall_FTL</h3><table class="result"></table><p class="totop"><a href="#summary">back to summary</a></p><h3 id="m56">twc.Automation.ExecutableTestCases.smokeTestCases#Smoke_Test_sz_Verifying_newdailydetails_day3adcall_FTL</h3><table class="result"></table><p class="totop"><a href="#summary">back to summary</a></p><h3 id="m57">twc.Automation.ExecutableTestCases.smokeTestCases#Smoke_Test_sz_Verifying_newdailydetails_day4adcall_FTL</h3><table class="result"></table><p class="totop"><a href="#summary">back to summary</a></p><h3 id="m58">twc.Automation.ExecutableTestCases.smokeTestCases#Smoke_Test_sz_Verifying_newdailydetails_day5adcall_FTL</h3><table class="result"></table><p class="totop"><a href="#summary">back to summary</a></p><h3 id="m59">twc.Automation.ExecutableTestCases.smokeTestCases#Smoke_Test_sz_Verifying_newdailydetails_day6adcall_FTL</h3><table class="result"></table><p class="totop"><a href="#summary">back to summary</a></p><h3 id="m60">twc.Automation.ExecutableTestCases.smokeTestCases#Smoke_Test_sz_Verifying_newdailydetails_day7adcall_FTL</h3><table class="result"></table><p class="totop"><a href="#summary">back to summary</a></p><h3 id="m61">twc.Automation.ExecutableTestCases.smokeTestCases#Smoke_Test_verifying_feed_1adcall_FTL</h3><table class="result"></table><p class="totop"><a href="#summary">back to summary</a></p><h3 id="m62">twc.Automation.ExecutableTestCases.smokeTestCases#Smoke_Test_verifying_sz_feed_1_adcall_FTL</h3><table class="result"></table><p class="totop"><a href="#summary">back to summary</a></p><h3 id="m63">twc.Automation.ExecutableTestCases.smokeTestCases#Validate_Daily_Details_ltv_Custom_param</h3><table class="result"></table><p class="totop"><a href="#summary">back to summary</a></p><h3 id="m64">twc.Automation.ExecutableTestCases.smokeTestCases#Validate_Feed1_adid_Custom_param</h3><table class="result"></table><p class="totop"><a href="#summary">back to summary</a></p><h3 id="m65">twc.Automation.ExecutableTestCases.smokeTestCases#Validate_Feed1_aid_Custom_param</h3><table class="result"></table><p class="totop"><a href="#summary">back to summary</a></p><h3 id="m66">twc.Automation.ExecutableTestCases.smokeTestCases#Validate_Feed1_ct_Custom_param</h3><table class="result"></table><p class="totop"><a href="#summary">back to summary</a></p><h3 id="m67">twc.Automation.ExecutableTestCases.smokeTestCases#Validate_Feed1_dma_Custom_param</h3><table class="result"></table><p class="totop"><a href="#summary">back to summary</a></p><h3 id="m68">twc.Automation.ExecutableTestCases.smokeTestCases#Validate_Feed1_dynght_Custom_param</h3><table class="result"></table><p class="totop"><a href="#summary">back to summary</a></p><h3 id="m69">twc.Automation.ExecutableTestCases.smokeTestCases#Validate_Feed1_lang_Custom_param</h3><table class="result"></table><p class="totop"><a href="#summary">back to summary</a></p><h3 id="m70">twc.Automation.ExecutableTestCases.smokeTestCases#Validate_Feed1_locale_Custom_param</h3><table class="result"></table><p class="totop"><a href="#summary">back to summary</a></p><h3 id="m71">twc.Automation.ExecutableTestCases.smokeTestCases#Validate_Feed1_ltv_Custom_param</h3><table class="result"></table><p class="totop"><a href="#summary">back to summary</a></p><h3 id="m72">twc.Automation.ExecutableTestCases.smokeTestCases#Validate_Feed1_mr_Custom_param</h3><table class="result"></table><p class="totop"><a href="#summary">back to summary</a></p><h3 id="m73">twc.Automation.ExecutableTestCases.smokeTestCases#Validate_Feed1_ord_Custom_param</h3><table class="result"></table><p class="totop"><a href="#summary">back to summary</a></p><h3 id="m74">twc.Automation.ExecutableTestCases.smokeTestCases#Validate_Feed1_plat_Custom_param</h3><table class="result"></table><p class="totop"><a href="#summary">back to summary</a></p><h3 id="m75">twc.Automation.ExecutableTestCases.smokeTestCases#Validate_Feed1_pos_Custom_param</h3><table class="result"></table><p class="totop"><a href="#summary">back to summary</a></p><h3 id="m76">twc.Automation.ExecutableTestCases.smokeTestCases#Validate_Feed1_slotName_Custom_param</h3><table class="result"></table><p class="totop"><a href="#summary">back to summary</a></p><h3 id="m77">twc.Automation.ExecutableTestCases.smokeTestCases#Validate_Feed1_sod_Custom_param</h3><table class="result"></table><p class="totop"><a href="#summary">back to summary</a></p><h3 id="m78">twc.Automation.ExecutableTestCases.smokeTestCases#Validate_Feed1_st_Custom_param</h3><table class="result"></table><p class="totop"><a href="#summary">back to summary</a></p><h3 id="m79">twc.Automation.ExecutableTestCases.smokeTestCases#Validate_Feed1_tile_Custom_param</h3><table class="result"></table><p class="totop"><a href="#summary">back to summary</a></p><h3 id="m80">twc.Automation.ExecutableTestCases.smokeTestCases#Validate_Feed1_tmp_Custom_param</h3><table class="result"></table><p class="totop"><a href="#summary">back to summary</a></p><h3 id="m81">twc.Automation.ExecutableTestCases.smokeTestCases#Validate_Feed1_tmpr_Custom_param</h3><table class="result"></table><p class="totop"><a href="#summary">back to summary</a></p><h3 id="m82">twc.Automation.ExecutableTestCases.smokeTestCases#Validate_Feed1_ver_Custom_param</h3><table class="result"></table><p class="totop"><a href="#summary">back to summary</a></p><h3 id="m83">twc.Automation.ExecutableTestCases.smokeTestCases#Validate_Feed1_zip_Custom_param</h3><table class="result"></table><p class="totop"><a href="#summary">back to summary</a></p><h3 id="m84">twc.Automation.ExecutableTestCases.smokeTestCases#Validate_HourlyDetails_adid_Custom_param</h3><table class="result"></table><p class="totop"><a href="#summary">back to summary</a></p><h3 id="m85">twc.Automation.ExecutableTestCases.smokeTestCases#Validate_HourlyDetails_aid_Custom_param</h3><table class="result"></table><p class="totop"><a href="#summary">back to summary</a></p><h3 id="m86">twc.Automation.ExecutableTestCases.smokeTestCases#Validate_HourlyDetails_ct_Custom_param</h3><table class="result"></table><p class="totop"><a href="#summary">back to summary</a></p><h3 id="m87">twc.Automation.ExecutableTestCases.smokeTestCases#Validate_HourlyDetails_dma_Custom_param</h3><table class="result"></table><p class="totop"><a href="#summary">back to summary</a></p><h3 id="m88">twc.Automation.ExecutableTestCases.smokeTestCases#Validate_HourlyDetails_dynght_Custom_param</h3><table class="result"></table><p class="totop"><a href="#summary">back to summary</a></p><h3 id="m89">twc.Automation.ExecutableTestCases.smokeTestCases#Validate_HourlyDetails_lang_Custom_param</h3><table class="result"></table><p class="totop"><a href="#summary">back to summary</a></p><h3 id="m90">twc.Automation.ExecutableTestCases.smokeTestCases#Validate_HourlyDetails_locale_Custom_param</h3><table class="result"></table><p class="totop"><a href="#summary">back to summary</a></p><h3 id="m91">twc.Automation.ExecutableTestCases.smokeTestCases#Validate_HourlyDetails_ltv_Custom_param</h3><table class="result"></table><p class="totop"><a href="#summary">back to summary</a></p><h3 id="m92">twc.Automation.ExecutableTestCases.smokeTestCases#Validate_HourlyDetails_ord_Custom_param</h3><table class="result"></table><p class="totop"><a href="#summary">back to summary</a></p><h3 id="m93">twc.Automation.ExecutableTestCases.smokeTestCases#Validate_HourlyDetails_plat_Custom_param</h3><table class="result"></table><p class="totop"><a href="#summary">back to summary</a></p><h3 id="m94">twc.Automation.ExecutableTestCases.smokeTestCases#Validate_HourlyDetails_pos_Custom_param</h3><table class="result"></table><p class="totop"><a href="#summary">back to summary</a></p><h3 id="m95">twc.Automation.ExecutableTestCases.smokeTestCases#Validate_HourlyDetails_slotName_Custom_param</h3><table class="result"></table><p class="totop"><a href="#summary">back to summary</a></p><h3 id="m96">twc.Automation.ExecutableTestCases.smokeTestCases#Validate_HourlyDetails_sod_Custom_param</h3><table class="result"></table><p class="totop"><a href="#summary">back to summary</a></p><h3 id="m97">twc.Automation.ExecutableTestCases.smokeTestCases#Validate_HourlyDetails_st_Custom_param</h3><table class="result"></table><p class="totop"><a href="#summary">back to summary</a></p><h3 id="m98">twc.Automation.ExecutableTestCases.smokeTestCases#Validate_HourlyDetails_tf_Custom_param</h3><table class="result"></table><p class="totop"><a href="#summary">back to summary</a></p><h3 id="m99">twc.Automation.ExecutableTestCases.smokeTestCases#Validate_HourlyDetails_tile_Custom_param</h3><table class="result"></table><p class="totop"><a href="#summary">back to summary</a></p><h3 id="m100">twc.Automation.ExecutableTestCases.smokeTestCases#Validate_HourlyDetails_tmp_Custom_param</h3><table class="result"></table><p class="totop"><a href="#summary">back to summary</a></p><h3 id="m101">twc.Automation.ExecutableTestCases.smokeTestCases#Validate_HourlyDetails_tmpr_Custom_param</h3><table class="result"></table><p class="totop"><a href="#summary">back to summary</a></p><h3 id="m102">twc.Automation.ExecutableTestCases.smokeTestCases#Validate_HourlyDetails_ver_Custom_param</h3><table class="result"></table><p class="totop"><a href="#summary">back to summary</a></p><h3 id="m103">twc.Automation.ExecutableTestCases.smokeTestCases#Validate_HourlyDetails_zip_Custom_param</h3><table class="result"></table><p class="totop"><a href="#summary">back to summary</a></p><h3 id="m104">twc.Automation.ExecutableTestCases.smokeTestCases#Validate_IMA_SDK_version</h3><table class="result"></table><p class="totop"><a href="#summary">back to summary</a></p><h3 id="m105">twc.Automation.ExecutableTestCases.smokeTestCases#Validate_Marquee_adid_Custom_param</h3><table class="result"></table><p class="totop"><a href="#summary">back to summary</a></p><h3 id="m106">twc.Automation.ExecutableTestCases.smokeTestCases#Validate_Marquee_aid_Custom_param</h3><table class="result"></table><p class="totop"><a href="#summary">back to summary</a></p><h3 id="m107">twc.Automation.ExecutableTestCases.smokeTestCases#Validate_Marquee_ct_Custom_param</h3><table class="result"></table><p class="totop"><a href="#summary">back to summary</a></p><h3 id="m108">twc.Automation.ExecutableTestCases.smokeTestCases#Validate_Marquee_dma_Custom_param</h3><table class="result"></table><p class="totop"><a href="#summary">back to summary</a></p><h3 id="m109">twc.Automation.ExecutableTestCases.smokeTestCases#Validate_Marquee_dynght_Custom_param</h3><table class="result"></table><p class="totop"><a href="#summary">back to summary</a></p><h3 id="m110">twc.Automation.ExecutableTestCases.smokeTestCases#Validate_Marquee_im_Custom_param</h3><table class="result"></table><p class="totop"><a href="#summary">back to summary</a></p><h3 id="m111">twc.Automation.ExecutableTestCases.smokeTestCases#Validate_Marquee_lang_Custom_param</h3><table class="result"></table><p class="totop"><a href="#summary">back to summary</a></p><h3 id="m112">twc.Automation.ExecutableTestCases.smokeTestCases#Validate_Marquee_locale_Custom_param</h3><table class="result"></table><p class="totop"><a href="#summary">back to summary</a></p><h3 id="m113">twc.Automation.ExecutableTestCases.smokeTestCases#Validate_Marquee_ltv_Custom_param</h3><table class="result"></table><p class="totop"><a href="#summary">back to summary</a></p><h3 id="m114">twc.Automation.ExecutableTestCases.smokeTestCases#Validate_Marquee_mr_Custom_param</h3><table class="result"></table><p class="totop"><a href="#summary">back to summary</a></p><h3 id="m115">twc.Automation.ExecutableTestCases.smokeTestCases#Validate_Marquee_ord_Custom_param</h3><table class="result"></table><p class="totop"><a href="#summary">back to summary</a></p><h3 id="m116">twc.Automation.ExecutableTestCases.smokeTestCases#Validate_Marquee_plat_Custom_param</h3><table class="result"></table><p class="totop"><a href="#summary">back to summary</a></p><h3 id="m117">twc.Automation.ExecutableTestCases.smokeTestCases#Validate_Marquee_pos_Custom_param</h3><table class="result"></table><p class="totop"><a href="#summary">back to summary</a></p><h3 id="m118">twc.Automation.ExecutableTestCases.smokeTestCases#Validate_Marquee_slotName_Custom_param</h3><table class="result"></table><p class="totop"><a href="#summary">back to summary</a></p><h3 id="m119">twc.Automation.ExecutableTestCases.smokeTestCases#Validate_Marquee_st_Custom_param</h3><table class="result"></table><p class="totop"><a href="#summary">back to summary</a></p><h3 id="m120">twc.Automation.ExecutableTestCases.smokeTestCases#Validate_Marquee_tile_Custom_param</h3><table class="result"></table><p class="totop"><a href="#summary">back to summary</a></p><h3 id="m121">twc.Automation.ExecutableTestCases.smokeTestCases#Validate_Marquee_tmp_Custom_param</h3><table class="result"></table><p class="totop"><a href="#summary">back to summary</a></p><h3 id="m122">twc.Automation.ExecutableTestCases.smokeTestCases#Validate_Marquee_tmpr_Custom_param</h3><table class="result"></table><p class="totop"><a href="#summary">back to summary</a></p><h3 id="m123">twc.Automation.ExecutableTestCases.smokeTestCases#Validate_Marquee_ver_Custom_param</h3><table class="result"></table><p class="totop"><a href="#summary">back to summary</a></p><h3 id="m124">twc.Automation.ExecutableTestCases.smokeTestCases#Validate_Marquee_zip_Custom_param</h3><table class="result"></table><p class="totop"><a href="#summary">back to summary</a></p><h3 id="m125">twc.Automation.ExecutableTestCases.smokeTestCases#Validate_PreRollVideo_cmsid_Custom_param</h3><table class="result"></table><p class="totop"><a href="#summary">back to summary</a></p><h3 id="m126">twc.Automation.ExecutableTestCases.smokeTestCases#Validate_PreRollVideo_content_url_Custom_param</h3><table class="result"></table><p class="totop"><a href="#summary">back to summary</a></p><h3 id="m127">twc.Automation.ExecutableTestCases.smokeTestCases#Validate_PreRollVideo_description_url_Custom_param</h3><table class="result"></table><p class="totop"><a href="#summary">back to summary</a></p><h3 id="m128">twc.Automation.ExecutableTestCases.smokeTestCases#Validate_PreRollVideo_lnid_Custom_param</h3><table class="result"></table><p class="totop"><a href="#summary">back to summary</a></p><h3 id="m129">twc.Automation.ExecutableTestCases.smokeTestCases#Validate_PreRollVideo_plist_Custom_param</h3><table class="result"></table><p class="totop"><a href="#summary">back to summary</a></p><h3 id="m130">twc.Automation.ExecutableTestCases.smokeTestCases#Validate_PreRollVideo_ttid_Custom_param</h3><table class="result"></table><p class="totop"><a href="#summary">back to summary</a></p><h3 id="m131">twc.Automation.ExecutableTestCases.smokeTestCases#Validate_PreRollVideo_vid_Custom_param</h3><table class="result"></table><p class="totop"><a href="#summary">back to summary</a></p><h3 id="m132">twc.Automation.ExecutableTestCases.smokeTestCases#Validate_dailydetails_dt_Custom_param</h3><table class="result"></table><p class="totop"><a href="#summary">back to summary</a></p><h3 id="m133">twc.Automation.ExecutableTestCases.smokeTestCases#Validate_dailydetails_fcnd_Custom_param</h3><table class="result"></table><p class="totop"><a href="#summary">back to summary</a></p><h3 id="m134">twc.Automation.ExecutableTestCases.smokeTestCases#Validate_dailydetails_mnth_Custom_param</h3><table class="result"></table><p class="totop"><a href="#summary">back to summary</a></p><h3 id="m135">twc.Automation.ExecutableTestCases.smokeTestCases#Validate_nonRefresh_HourlyDetails_mr_Custom_param</h3><table class="result"></table><p class="totop"><a href="#summary">back to summary</a></p><h3 id="m136">twc.Automation.ExecutableTestCases.smokeTestCases#Verify_AlertCenterAd</h3><table class="result"></table><p class="totop"><a href="#summary">back to summary</a></p><h3 id="m137">twc.Automation.ExecutableTestCases.smokeTestCases#Verify_SafetyAndPreparednessCard_AdCall</h3><table class="result"></table><p class="totop"><a href="#summary">back to summary</a></p><h3 id="m138">twc.Automation.ExecutableTestCases.smokeTestCases#Verify_sz_AlertCenterAd</h3><table class="result"></table><p class="totop"><a href="#summary">back to summary</a></p><h3 id="m139">twc.Automation.ExecutableTestCases.smokeTestCases#Verifying_Factual_locationwfxtriggerscom_apiCall_supressing</h3><table class="result"></table><p class="totop"><a href="#summary">back to summary</a></p><h3 id="m140">twc.Automation.ExecutableTestCases.smokeTestCases#validate_HomeScreen_marquee_sod_Custom_param</h3><table class="result"></table><p class="totop"><a href="#summary">back to summary</a></p></body></html>